
*** Running vivado
    with args -log main_design_axi_gpio_0_0.vds -m64 -product Vivado -mode batch -messageDb vivado.pb -notrace -source main_design_axi_gpio_0_0.tcl


****** Vivado v2025.2 (64-bit)
  **** SW Build 6299465 on Fri Nov 14 12:34:56 MST 2025
  **** IP Build 6300035 on Fri Nov 14 10:48:45 MST 2025
  **** SharedData Build 6298862 on Thu Nov 13 04:50:51 MST 2025
  **** Start of session at: Sun Jun 14 14:14:03 2026
    ** Copyright 1986-2022 Xilinx, Inc. All Rights Reserved.
    ** Copyright 2022-2025 Advanced Micro Devices, Inc. All Rights Reserved.

source main_design_axi_gpio_0_0.tcl -notrace
create_project: Time (s): cpu = 00:00:10 ; elapsed = 00:00:09 . Memory (MB): peak = 1584.375 ; gain = 97.059 ; free physical = 174 ; free virtual = 9391
INFO: [IP_Flow 19-234] Refreshing IP repositories
INFO: [IP_Flow 19-1700] Loaded user IP repository '/home/krzeslaav/SEM_1/sdup_project/STFT_IP_PACKAGE'.
INFO: [IP_Flow 19-2313] Loaded Vivado IP repository '/home/krzeslaav/Programs/vivado25/2025.2/data/ip'.
Command: synth_design -top main_design_axi_gpio_0_0 -part xck26-sfvc784-2LV-c -incremental_mode off -mode out_of_context
Starting synth_design
Attempting to get a license for feature 'Synthesis' and/or device 'xck26'
INFO: [Common 17-349] Got license for feature 'Synthesis' and/or device 'xck26'
INFO: [Device 21-403] Loading part xck26-sfvc784-2LV-c
INFO: [Synth 8-7079] Multithreading enabled for synth_design using a maximum of 7 processes.
INFO: [Synth 8-7078] Launching helper process for spawning children vivado processes
INFO: [Synth 8-7075] Helper process launched with PID 74703
---------------------------------------------------------------------------------
Starting RTL Elaboration : Time (s): cpu = 00:00:07 ; elapsed = 00:00:17 . Memory (MB): peak = 2758.805 ; gain = 151.688 ; free physical = 192 ; free virtual = 3982
---------------------------------------------------------------------------------
INFO: [Synth 8-638] synthesizing module 'main_design_axi_gpio_0_0' [/home/krzeslaav/SEM_1/sdup_project/STFT_FPGA/stft_v1.0.gen/sources_1/bd/main_design/ip/main_design_axi_gpio_0_0/synth/main_design_axi_gpio_0_0.vhd:84]
	Parameter C_FAMILY bound to: zynquplus - type: string 
	Parameter C_S_AXI_ADDR_WIDTH bound to: 9 - type: integer 
	Parameter C_S_AXI_DATA_WIDTH bound to: 32 - type: integer 
	Parameter C_GPIO_WIDTH bound to: 2 - type: integer 
	Parameter C_GPIO2_WIDTH bound to: 32 - type: integer 
	Parameter C_ALL_INPUTS bound to: 0 - type: integer 
	Parameter C_ALL_INPUTS_2 bound to: 0 - type: integer 
	Parameter C_ALL_OUTPUTS bound to: 1 - type: integer 
	Parameter C_ALL_OUTPUTS_2 bound to: 0 - type: integer 
	Parameter C_INTERRUPT_PRESENT bound to: 0 - type: integer 
	Parameter C_DOUT_DEFAULT bound to: 32'b00000000000000000000000000000000 
	Parameter C_TRI_DEFAULT bound to: 32'b11111111111111111111111111111111 
	Parameter C_IS_DUAL bound to: 0 - type: integer 
	Parameter C_DOUT_DEFAULT_2 bound to: 32'b00000000000000000000000000000000 
	Parameter C_TRI_DEFAULT_2 bound to: 32'b11111111111111111111111111111111 
INFO: [Synth 8-3491] module 'axi_gpio' declared at '/home/krzeslaav/SEM_1/sdup_project/STFT_FPGA/stft_v1.0.gen/sources_1/bd/main_design/ipshared/0271/hdl/axi_gpio_v2_0_vh_rfs.vhd:1255' bound to instance 'U0' of component 'axi_gpio' [/home/krzeslaav/SEM_1/sdup_project/STFT_FPGA/stft_v1.0.gen/sources_1/bd/main_design/ip/main_design_axi_gpio_0_0/synth/main_design_axi_gpio_0_0.vhd:173]
INFO: [Synth 8-638] synthesizing module 'axi_gpio' [/home/krzeslaav/SEM_1/sdup_project/STFT_FPGA/stft_v1.0.gen/sources_1/bd/main_design/ipshared/0271/hdl/axi_gpio_v2_0_vh_rfs.vhd:1341]
INFO: [Synth 8-638] synthesizing module 'axi_lite_ipif' [/home/krzeslaav/SEM_1/sdup_project/STFT_FPGA/stft_v1.0.gen/sources_1/bd/main_design/ipshared/66ea/hdl/axi_lite_ipif_v3_0_vh_rfs.vhd:2948]
INFO: [Synth 8-638] synthesizing module 'slave_attachment' [/home/krzeslaav/SEM_1/sdup_project/STFT_FPGA/stft_v1.0.gen/sources_1/bd/main_design/ipshared/66ea/hdl/axi_lite_ipif_v3_0_vh_rfs.vhd:2341]
INFO: [Synth 8-638] synthesizing module 'address_decoder' [/home/krzeslaav/SEM_1/sdup_project/STFT_FPGA/stft_v1.0.gen/sources_1/bd/main_design/ipshared/66ea/hdl/axi_lite_ipif_v3_0_vh_rfs.vhd:1775]
INFO: [Synth 8-638] synthesizing module 'pselect_f' [/home/krzeslaav/SEM_1/sdup_project/STFT_FPGA/stft_v1.0.gen/sources_1/bd/main_design/ipshared/66ea/hdl/axi_lite_ipif_v3_0_vh_rfs.vhd:1534]
INFO: [Synth 8-256] done synthesizing module 'pselect_f' (0#1) [/home/krzeslaav/SEM_1/sdup_project/STFT_FPGA/stft_v1.0.gen/sources_1/bd/main_design/ipshared/66ea/hdl/axi_lite_ipif_v3_0_vh_rfs.vhd:1534]
INFO: [Synth 8-638] synthesizing module 'pselect_f__parameterized0' [/home/krzeslaav/SEM_1/sdup_project/STFT_FPGA/stft_v1.0.gen/sources_1/bd/main_design/ipshared/66ea/hdl/axi_lite_ipif_v3_0_vh_rfs.vhd:1534]
INFO: [Synth 8-256] done synthesizing module 'pselect_f__parameterized0' (0#1) [/home/krzeslaav/SEM_1/sdup_project/STFT_FPGA/stft_v1.0.gen/sources_1/bd/main_design/ipshared/66ea/hdl/axi_lite_ipif_v3_0_vh_rfs.vhd:1534]
INFO: [Synth 8-638] synthesizing module 'pselect_f__parameterized1' [/home/krzeslaav/SEM_1/sdup_project/STFT_FPGA/stft_v1.0.gen/sources_1/bd/main_design/ipshared/66ea/hdl/axi_lite_ipif_v3_0_vh_rfs.vhd:1534]
INFO: [Synth 8-256] done synthesizing module 'pselect_f__parameterized1' (0#1) [/home/krzeslaav/SEM_1/sdup_project/STFT_FPGA/stft_v1.0.gen/sources_1/bd/main_design/ipshared/66ea/hdl/axi_lite_ipif_v3_0_vh_rfs.vhd:1534]
INFO: [Synth 8-638] synthesizing module 'pselect_f__parameterized2' [/home/krzeslaav/SEM_1/sdup_project/STFT_FPGA/stft_v1.0.gen/sources_1/bd/main_design/ipshared/66ea/hdl/axi_lite_ipif_v3_0_vh_rfs.vhd:1534]
INFO: [Synth 8-256] done synthesizing module 'pselect_f__parameterized2' (0#1) [/home/krzeslaav/SEM_1/sdup_project/STFT_FPGA/stft_v1.0.gen/sources_1/bd/main_design/ipshared/66ea/hdl/axi_lite_ipif_v3_0_vh_rfs.vhd:1534]
INFO: [Synth 8-256] done synthesizing module 'address_decoder' (0#1) [/home/krzeslaav/SEM_1/sdup_project/STFT_FPGA/stft_v1.0.gen/sources_1/bd/main_design/ipshared/66ea/hdl/axi_lite_ipif_v3_0_vh_rfs.vhd:1775]
INFO: [Synth 8-226] default block is never used [/home/krzeslaav/SEM_1/sdup_project/STFT_FPGA/stft_v1.0.gen/sources_1/bd/main_design/ipshared/66ea/hdl/axi_lite_ipif_v3_0_vh_rfs.vhd:2550]
INFO: [Synth 8-256] done synthesizing module 'slave_attachment' (0#1) [/home/krzeslaav/SEM_1/sdup_project/STFT_FPGA/stft_v1.0.gen/sources_1/bd/main_design/ipshared/66ea/hdl/axi_lite_ipif_v3_0_vh_rfs.vhd:2341]
INFO: [Synth 8-256] done synthesizing module 'axi_lite_ipif' (0#1) [/home/krzeslaav/SEM_1/sdup_project/STFT_FPGA/stft_v1.0.gen/sources_1/bd/main_design/ipshared/66ea/hdl/axi_lite_ipif_v3_0_vh_rfs.vhd:2948]
INFO: [Synth 8-638] synthesizing module 'GPIO_Core' [/home/krzeslaav/SEM_1/sdup_project/STFT_FPGA/stft_v1.0.gen/sources_1/bd/main_design/ipshared/0271/hdl/axi_gpio_v2_0_vh_rfs.vhd:182]
INFO: [Synth 8-226] default block is never used [/home/krzeslaav/SEM_1/sdup_project/STFT_FPGA/stft_v1.0.gen/sources_1/bd/main_design/ipshared/0271/hdl/axi_gpio_v2_0_vh_rfs.vhd:447]
	Parameter DEST_SYNC_FF bound to: 4 - type: integer 
	Parameter INIT_SYNC_FF bound to: 0 - type: integer 
	Parameter SIM_ASSERT_CHK bound to: 0 - type: integer 
	Parameter SRC_INPUT_REG bound to: 0 - type: integer 
	Parameter WIDTH bound to: 2 - type: integer 
INFO: [Synth 8-3491] module 'xpm_cdc_array_single' declared at '/home/krzeslaav/Programs/vivado25/2025.2/data/ip/xpm/xpm_cdc/hdl/xpm_cdc.sv:903' bound to instance 'INPUT_DOUBLE_REGS3' of component 'xpm_cdc_array_single' [/home/krzeslaav/SEM_1/sdup_project/STFT_FPGA/stft_v1.0.gen/sources_1/bd/main_design/ipshared/0271/hdl/axi_gpio_v2_0_vh_rfs.vhd:458]
INFO: [Synth 8-6157] synthesizing module 'xpm_cdc_array_single' [/home/krzeslaav/Programs/vivado25/2025.2/data/ip/xpm/xpm_cdc/hdl/xpm_cdc.sv:903]
INFO: [Synth 8-6155] done synthesizing module 'xpm_cdc_array_single' (0#1) [/home/krzeslaav/Programs/vivado25/2025.2/data/ip/xpm/xpm_cdc/hdl/xpm_cdc.sv:903]
INFO: [Synth 8-256] done synthesizing module 'GPIO_Core' (0#1) [/home/krzeslaav/SEM_1/sdup_project/STFT_FPGA/stft_v1.0.gen/sources_1/bd/main_design/ipshared/0271/hdl/axi_gpio_v2_0_vh_rfs.vhd:182]
INFO: [Synth 8-256] done synthesizing module 'axi_gpio' (0#1) [/home/krzeslaav/SEM_1/sdup_project/STFT_FPGA/stft_v1.0.gen/sources_1/bd/main_design/ipshared/0271/hdl/axi_gpio_v2_0_vh_rfs.vhd:1341]
INFO: [Synth 8-256] done synthesizing module 'main_design_axi_gpio_0_0' (0#1) [/home/krzeslaav/SEM_1/sdup_project/STFT_FPGA/stft_v1.0.gen/sources_1/bd/main_design/ip/main_design_axi_gpio_0_0/synth/main_design_axi_gpio_0_0.vhd:84]
INFO: [Synth 8-6014] Unused sequential element Not_Dual.ALLOUT_ND.READ_REG_GEN[0].GPIO_DBus_i_reg was removed.  [/home/krzeslaav/SEM_1/sdup_project/STFT_FPGA/stft_v1.0.gen/sources_1/bd/main_design/ipshared/0271/hdl/axi_gpio_v2_0_vh_rfs.vhd:323]
INFO: [Synth 8-6014] Unused sequential element Not_Dual.ALLOUT_ND.READ_REG_GEN[1].GPIO_DBus_i_reg was removed.  [/home/krzeslaav/SEM_1/sdup_project/STFT_FPGA/stft_v1.0.gen/sources_1/bd/main_design/ipshared/0271/hdl/axi_gpio_v2_0_vh_rfs.vhd:323]
INFO: [Synth 8-6014] Unused sequential element Not_Dual.gpio_Data_In_reg was removed.  [/home/krzeslaav/SEM_1/sdup_project/STFT_FPGA/stft_v1.0.gen/sources_1/bd/main_design/ipshared/0271/hdl/axi_gpio_v2_0_vh_rfs.vhd:485]
INFO: [Synth 8-7129] Port src_clk in module xpm_cdc_array_single is either unconnected or has no load
INFO: [Synth 8-7129] Port ABus_Reg[1] in module GPIO_Core is either unconnected or has no load
INFO: [Synth 8-7129] Port ABus_Reg[2] in module GPIO_Core is either unconnected or has no load
INFO: [Synth 8-7129] Port ABus_Reg[3] in module GPIO_Core is either unconnected or has no load
INFO: [Synth 8-7129] Port ABus_Reg[4] in module GPIO_Core is either unconnected or has no load
INFO: [Synth 8-7129] Port ABus_Reg[7] in module GPIO_Core is either unconnected or has no load
INFO: [Synth 8-7129] Port ABus_Reg[8] in module GPIO_Core is either unconnected or has no load
INFO: [Synth 8-7129] Port BE_Reg[0] in module GPIO_Core is either unconnected or has no load
INFO: [Synth 8-7129] Port BE_Reg[1] in module GPIO_Core is either unconnected or has no load
INFO: [Synth 8-7129] Port BE_Reg[2] in module GPIO_Core is either unconnected or has no load
INFO: [Synth 8-7129] Port BE_Reg[3] in module GPIO_Core is either unconnected or has no load
INFO: [Synth 8-7129] Port GPIO2_IO_I[0] in module GPIO_Core is either unconnected or has no load
INFO: [Synth 8-7129] Port GPIO2_IO_I[1] in module GPIO_Core is either unconnected or has no load
INFO: [Synth 8-7129] Port GPIO2_IO_I[2] in module GPIO_Core is either unconnected or has no load
INFO: [Synth 8-7129] Port GPIO2_IO_I[3] in module GPIO_Core is either unconnected or has no load
INFO: [Synth 8-7129] Port GPIO2_IO_I[4] in module GPIO_Core is either unconnected or has no load
INFO: [Synth 8-7129] Port GPIO2_IO_I[5] in module GPIO_Core is either unconnected or has no load
INFO: [Synth 8-7129] Port GPIO2_IO_I[6] in module GPIO_Core is either unconnected or has no load
INFO: [Synth 8-7129] Port GPIO2_IO_I[7] in module GPIO_Core is either unconnected or has no load
INFO: [Synth 8-7129] Port GPIO2_IO_I[8] in module GPIO_Core is either unconnected or has no load
INFO: [Synth 8-7129] Port GPIO2_IO_I[9] in module GPIO_Core is either unconnected or has no load
INFO: [Synth 8-7129] Port GPIO2_IO_I[10] in module GPIO_Core is either unconnected or has no load
INFO: [Synth 8-7129] Port GPIO2_IO_I[11] in module GPIO_Core is either unconnected or has no load
INFO: [Synth 8-7129] Port GPIO2_IO_I[12] in module GPIO_Core is either unconnected or has no load
INFO: [Synth 8-7129] Port GPIO2_IO_I[13] in module GPIO_Core is either unconnected or has no load
INFO: [Synth 8-7129] Port GPIO2_IO_I[14] in module GPIO_Core is either unconnected or has no load
INFO: [Synth 8-7129] Port GPIO2_IO_I[15] in module GPIO_Core is either unconnected or has no load
INFO: [Synth 8-7129] Port GPIO2_IO_I[16] in module GPIO_Core is either unconnected or has no load
INFO: [Synth 8-7129] Port GPIO2_IO_I[17] in module GPIO_Core is either unconnected or has no load
INFO: [Synth 8-7129] Port GPIO2_IO_I[18] in module GPIO_Core is either unconnected or has no load
INFO: [Synth 8-7129] Port GPIO2_IO_I[19] in module GPIO_Core is either unconnected or has no load
INFO: [Synth 8-7129] Port GPIO2_IO_I[20] in module GPIO_Core is either unconnected or has no load
INFO: [Synth 8-7129] Port GPIO2_IO_I[21] in module GPIO_Core is either unconnected or has no load
INFO: [Synth 8-7129] Port GPIO2_IO_I[22] in module GPIO_Core is either unconnected or has no load
INFO: [Synth 8-7129] Port GPIO2_IO_I[23] in module GPIO_Core is either unconnected or has no load
INFO: [Synth 8-7129] Port GPIO2_IO_I[24] in module GPIO_Core is either unconnected or has no load
INFO: [Synth 8-7129] Port GPIO2_IO_I[25] in module GPIO_Core is either unconnected or has no load
INFO: [Synth 8-7129] Port GPIO2_IO_I[26] in module GPIO_Core is either unconnected or has no load
INFO: [Synth 8-7129] Port GPIO2_IO_I[27] in module GPIO_Core is either unconnected or has no load
INFO: [Synth 8-7129] Port GPIO2_IO_I[28] in module GPIO_Core is either unconnected or has no load
INFO: [Synth 8-7129] Port GPIO2_IO_I[29] in module GPIO_Core is either unconnected or has no load
INFO: [Synth 8-7129] Port GPIO2_IO_I[30] in module GPIO_Core is either unconnected or has no load
INFO: [Synth 8-7129] Port GPIO2_IO_I[31] in module GPIO_Core is either unconnected or has no load
INFO: [Synth 8-7129] Port Address_In_Erly[0] in module address_decoder is either unconnected or has no load
INFO: [Synth 8-7129] Port Address_In_Erly[1] in module address_decoder is either unconnected or has no load
INFO: [Synth 8-7129] Port Address_In_Erly[2] in module address_decoder is either unconnected or has no load
INFO: [Synth 8-7129] Port Address_In_Erly[3] in module address_decoder is either unconnected or has no load
INFO: [Synth 8-7129] Port Address_In_Erly[4] in module address_decoder is either unconnected or has no load
INFO: [Synth 8-7129] Port Address_In_Erly[7] in module address_decoder is either unconnected or has no load
INFO: [Synth 8-7129] Port Address_In_Erly[8] in module address_decoder is either unconnected or has no load
INFO: [Synth 8-7129] Port Bus_RNW in module address_decoder is either unconnected or has no load
INFO: [Synth 8-7129] Port S_AXI_WSTRB[3] in module slave_attachment is either unconnected or has no load
INFO: [Synth 8-7129] Port S_AXI_WSTRB[2] in module slave_attachment is either unconnected or has no load
INFO: [Synth 8-7129] Port S_AXI_WSTRB[1] in module slave_attachment is either unconnected or has no load
INFO: [Synth 8-7129] Port S_AXI_WSTRB[0] in module slave_attachment is either unconnected or has no load
---------------------------------------------------------------------------------
Finished RTL Elaboration : Time (s): cpu = 00:00:09 ; elapsed = 00:00:21 . Memory (MB): peak = 2852.773 ; gain = 245.656 ; free physical = 177 ; free virtual = 3749
---------------------------------------------------------------------------------
---------------------------------------------------------------------------------
Start Handling Custom Attributes
---------------------------------------------------------------------------------
---------------------------------------------------------------------------------
Finished Handling Custom Attributes : Time (s): cpu = 00:00:09 ; elapsed = 00:00:21 . Memory (MB): peak = 2852.773 ; gain = 245.656 ; free physical = 202 ; free virtual = 3743
---------------------------------------------------------------------------------
---------------------------------------------------------------------------------
Finished RTL Optimization Phase 1 : Time (s): cpu = 00:00:09 ; elapsed = 00:00:21 . Memory (MB): peak = 2852.773 ; gain = 245.656 ; free physical = 202 ; free virtual = 3743
---------------------------------------------------------------------------------
Netlist sorting complete. Time (s): cpu = 00:00:00.01 ; elapsed = 00:00:00.01 . Memory (MB): peak = 2852.773 ; gain = 0.000 ; free physical = 195 ; free virtual = 3731
INFO: [Project 1-570] Preparing netlist for logic optimization

Processing XDC Constraints
Initializing timing engine
Parsing XDC File [/home/krzeslaav/SEM_1/sdup_project/STFT_FPGA/stft_v1.0.gen/sources_1/bd/main_design/ip/main_design_axi_gpio_0_0/main_design_axi_gpio_0_0_ooc.xdc] for cell 'U0'
create_clock: Time (s): cpu = 00:00:08 ; elapsed = 00:00:10 . Memory (MB): peak = 2946.012 ; gain = 6.406 ; free physical = 205 ; free virtual = 3026
Finished Parsing XDC File [/home/krzeslaav/SEM_1/sdup_project/STFT_FPGA/stft_v1.0.gen/sources_1/bd/main_design/ip/main_design_axi_gpio_0_0/main_design_axi_gpio_0_0_ooc.xdc] for cell 'U0'
Parsing XDC File [/home/krzeslaav/SEM_1/sdup_project/STFT_FPGA/stft_v1.0.gen/sources_1/bd/main_design/ip/main_design_axi_gpio_0_0/main_design_axi_gpio_0_0_board.xdc] for cell 'U0'
Finished Parsing XDC File [/home/krzeslaav/SEM_1/sdup_project/STFT_FPGA/stft_v1.0.gen/sources_1/bd/main_design/ip/main_design_axi_gpio_0_0/main_design_axi_gpio_0_0_board.xdc] for cell 'U0'
Parsing XDC File [/home/krzeslaav/SEM_1/sdup_project/STFT_FPGA/stft_v1.0.runs/main_design_axi_gpio_0_0_synth_1/dont_touch.xdc]
Finished Parsing XDC File [/home/krzeslaav/SEM_1/sdup_project/STFT_FPGA/stft_v1.0.runs/main_design_axi_gpio_0_0_synth_1/dont_touch.xdc]
INFO: [Project 1-236] Implementation specific constraints were found while reading constraint file [/home/krzeslaav/Programs/vivado25/2025.2/data/ip/xpm/xpm_cdc/tcl/xpm_cdc_array_single.tcl]. These constraints will be ignored for synthesis but will be used in implementation. Impacted constraints are listed in the file [.Xil/main_design_axi_gpio_0_0_propImpl.xdc].
Resolution: To avoid this warning, move constraints listed in [.Xil/main_design_axi_gpio_0_0_propImpl.xdc] to another XDC file and exclude this new file from synthesis with the used_in_synthesis property (File Properties dialog in GUI) and re-run elaboration/synthesis.
INFO: [Project 1-1714] 1 XPM XDC files have been applied to the design.
Completed Processing XDC Constraints

Netlist sorting complete. Time (s): cpu = 00:00:00 ; elapsed = 00:00:00 . Memory (MB): peak = 2946.012 ; gain = 0.000 ; free physical = 205 ; free virtual = 3026
INFO: [Project 1-111] Unisim Transformation Summary:
No Unisim elements were transformed.

Constraint Validation Runtime : Time (s): cpu = 00:00:00.02 ; elapsed = 00:00:00.01 . Memory (MB): peak = 2946.047 ; gain = 0.000 ; free physical = 205 ; free virtual = 3027
INFO: [Designutils 20-5008] Incremental synthesis strategy off
---------------------------------------------------------------------------------
Finished Constraint Validation : Time (s): cpu = 00:00:26 ; elapsed = 00:00:43 . Memory (MB): peak = 2946.047 ; gain = 338.930 ; free physical = 213 ; free virtual = 2955
---------------------------------------------------------------------------------
---------------------------------------------------------------------------------
Start Loading Part and Timing Information
---------------------------------------------------------------------------------
Loading part: xck26-sfvc784-2LV-c
INFO: [Synth 8-6742] Reading net delay rules and data
---------------------------------------------------------------------------------
Finished Loading Part and Timing Information : Time (s): cpu = 00:00:26 ; elapsed = 00:00:43 . Memory (MB): peak = 2954.016 ; gain = 346.898 ; free physical = 213 ; free virtual = 2955
---------------------------------------------------------------------------------
---------------------------------------------------------------------------------
Start Applying 'set_property' XDC Constraints
---------------------------------------------------------------------------------
---------------------------------------------------------------------------------
Finished applying 'set_property' XDC Constraints : Time (s): cpu = 00:00:26 ; elapsed = 00:00:43 . Memory (MB): peak = 2954.016 ; gain = 346.898 ; free physical = 213 ; free virtual = 2955
---------------------------------------------------------------------------------
INFO: [Synth 8-802] inferred FSM for state register 'state_reg' in module 'slave_attachment'
---------------------------------------------------------------------------------------------------
                   State |                     New Encoding |                Previous Encoding 
---------------------------------------------------------------------------------------------------
                 iSTATE2 |                             0001 |                               00
                  iSTATE |                             0010 |                               01
                 iSTATE0 |                             0100 |                               10
                 iSTATE1 |                             1000 |                               11
---------------------------------------------------------------------------------------------------
INFO: [Synth 8-3354] encoded FSM with state register 'state_reg' using encoding 'one-hot' in module 'slave_attachment'
---------------------------------------------------------------------------------
Finished RTL Optimization Phase 2 : Time (s): cpu = 00:00:26 ; elapsed = 00:00:44 . Memory (MB): peak = 2954.016 ; gain = 346.898 ; free physical = 213 ; free virtual = 2957
---------------------------------------------------------------------------------
---------------------------------------------------------------------------------
Start RTL Component Statistics 
---------------------------------------------------------------------------------
Detailed RTL Component Info : 
+---Adders : 
	   2 Input    4 Bit       Adders := 1     
+---Registers : 
	               32 Bit    Registers := 2     
	                9 Bit    Registers := 1     
	                4 Bit    Registers := 1     
	                2 Bit    Registers := 9     
	                1 Bit    Registers := 20    
+---Muxes : 
	   5 Input   32 Bit        Muxes := 1     
	   2 Input   32 Bit        Muxes := 1     
	   2 Input    9 Bit        Muxes := 1     
	   4 Input    4 Bit        Muxes := 1     
	   2 Input    4 Bit        Muxes := 5     
	   2 Input    2 Bit        Muxes := 3     
	   3 Input    2 Bit        Muxes := 1     
	   4 Input    2 Bit        Muxes := 1     
	   2 Input    1 Bit        Muxes := 11    
	   4 Input    1 Bit        Muxes := 3     
---------------------------------------------------------------------------------
Finished RTL Component Statistics 
---------------------------------------------------------------------------------
---------------------------------------------------------------------------------
Start Part Resource Summary
---------------------------------------------------------------------------------
Part Resources:
DSPs: 1248 (col length:96)
BRAMs: 288 (col length: RAMB18 96 RAMB36 48)
---------------------------------------------------------------------------------
Finished Part Resource Summary
---------------------------------------------------------------------------------
---------------------------------------------------------------------------------
Start Cross Boundary and Area Optimization
---------------------------------------------------------------------------------
INFO: [Synth 8-7129] Port src_clk in module xpm_cdc_array_single is either unconnected or has no load
INFO: [Synth 8-7129] Port s_axi_wstrb[3] in module axi_gpio is either unconnected or has no load
INFO: [Synth 8-7129] Port s_axi_wstrb[2] in module axi_gpio is either unconnected or has no load
INFO: [Synth 8-7129] Port s_axi_wstrb[1] in module axi_gpio is either unconnected or has no load
INFO: [Synth 8-7129] Port s_axi_wstrb[0] in module axi_gpio is either unconnected or has no load
INFO: [Synth 8-7129] Port gpio2_io_i[31] in module axi_gpio is either unconnected or has no load
INFO: [Synth 8-7129] Port gpio2_io_i[30] in module axi_gpio is either unconnected or has no load
INFO: [Synth 8-7129] Port gpio2_io_i[29] in module axi_gpio is either unconnected or has no load
INFO: [Synth 8-7129] Port gpio2_io_i[28] in module axi_gpio is either unconnected or has no load
INFO: [Synth 8-7129] Port gpio2_io_i[27] in module axi_gpio is either unconnected or has no load
INFO: [Synth 8-7129] Port gpio2_io_i[26] in module axi_gpio is either unconnected or has no load
INFO: [Synth 8-7129] Port gpio2_io_i[25] in module axi_gpio is either unconnected or has no load
INFO: [Synth 8-7129] Port gpio2_io_i[24] in module axi_gpio is either unconnected or has no load
INFO: [Synth 8-7129] Port gpio2_io_i[23] in module axi_gpio is either unconnected or has no load
INFO: [Synth 8-7129] Port gpio2_io_i[22] in module axi_gpio is either unconnected or has no load
INFO: [Synth 8-7129] Port gpio2_io_i[21] in module axi_gpio is either unconnected or has no load
INFO: [Synth 8-7129] Port gpio2_io_i[20] in module axi_gpio is either unconnected or has no load
INFO: [Synth 8-7129] Port gpio2_io_i[19] in module axi_gpio is either unconnected or has no load
INFO: [Synth 8-7129] Port gpio2_io_i[18] in module axi_gpio is either unconnected or has no load
INFO: [Synth 8-7129] Port gpio2_io_i[17] in module axi_gpio is either unconnected or has no load
INFO: [Synth 8-7129] Port gpio2_io_i[16] in module axi_gpio is either unconnected or has no load
INFO: [Synth 8-7129] Port gpio2_io_i[15] in module axi_gpio is either unconnected or has no load
INFO: [Synth 8-7129] Port gpio2_io_i[14] in module axi_gpio is either unconnected or has no load
INFO: [Synth 8-7129] Port gpio2_io_i[13] in module axi_gpio is either unconnected or has no load
INFO: [Synth 8-7129] Port gpio2_io_i[12] in module axi_gpio is either unconnected or has no load
INFO: [Synth 8-7129] Port gpio2_io_i[11] in module axi_gpio is either unconnected or has no load
INFO: [Synth 8-7129] Port gpio2_io_i[10] in module axi_gpio is either unconnected or has no load
INFO: [Synth 8-7129] Port gpio2_io_i[9] in module axi_gpio is either unconnected or has no load
INFO: [Synth 8-7129] Port gpio2_io_i[8] in module axi_gpio is either unconnected or has no load
INFO: [Synth 8-7129] Port gpio2_io_i[7] in module axi_gpio is either unconnected or has no load
INFO: [Synth 8-7129] Port gpio2_io_i[6] in module axi_gpio is either unconnected or has no load
INFO: [Synth 8-7129] Port gpio2_io_i[5] in module axi_gpio is either unconnected or has no load
INFO: [Synth 8-7129] Port gpio2_io_i[4] in module axi_gpio is either unconnected or has no load
INFO: [Synth 8-7129] Port gpio2_io_i[3] in module axi_gpio is either unconnected or has no load
INFO: [Synth 8-7129] Port gpio2_io_i[2] in module axi_gpio is either unconnected or has no load
INFO: [Synth 8-7129] Port gpio2_io_i[1] in module axi_gpio is either unconnected or has no load
INFO: [Synth 8-7129] Port gpio2_io_i[0] in module axi_gpio is either unconnected or has no load
---------------------------------------------------------------------------------
Finished Cross Boundary and Area Optimization : Time (s): cpu = 00:00:29 ; elapsed = 00:00:47 . Memory (MB): peak = 2954.016 ; gain = 346.898 ; free physical = 288 ; free virtual = 2960
---------------------------------------------------------------------------------
---------------------------------------------------------------------------------
Start Applying XDC Timing Constraints
---------------------------------------------------------------------------------
---------------------------------------------------------------------------------
Finished Applying XDC Timing Constraints : Time (s): cpu = 00:00:40 ; elapsed = 00:01:02 . Memory (MB): peak = 3567.695 ; gain = 960.578 ; free physical = 178 ; free virtual = 1745
---------------------------------------------------------------------------------
---------------------------------------------------------------------------------
Start Timing Optimization
---------------------------------------------------------------------------------
---------------------------------------------------------------------------------
Finished Timing Optimization : Time (s): cpu = 00:00:40 ; elapsed = 00:01:03 . Memory (MB): peak = 3597.742 ; gain = 990.625 ; free physical = 156 ; free virtual = 1677
---------------------------------------------------------------------------------
---------------------------------------------------------------------------------
Start Technology Mapping
---------------------------------------------------------------------------------
---------------------------------------------------------------------------------
Finished Technology Mapping : Time (s): cpu = 00:00:40 ; elapsed = 00:01:03 . Memory (MB): peak = 3597.742 ; gain = 990.625 ; free physical = 168 ; free virtual = 1653
---------------------------------------------------------------------------------
---------------------------------------------------------------------------------
Start IO Insertion
---------------------------------------------------------------------------------
---------------------------------------------------------------------------------
Start Flattening Before IO Insertion
---------------------------------------------------------------------------------
---------------------------------------------------------------------------------
Finished Flattening Before IO Insertion
---------------------------------------------------------------------------------
---------------------------------------------------------------------------------
Start Final Netlist Cleanup
---------------------------------------------------------------------------------
---------------------------------------------------------------------------------
Finished Final Netlist Cleanup
---------------------------------------------------------------------------------
---------------------------------------------------------------------------------
Finished IO Insertion : Time (s): cpu = 00:00:47 ; elapsed = 00:01:13 . Memory (MB): peak = 3763.555 ; gain = 1156.438 ; free physical = 188 ; free virtual = 1251
---------------------------------------------------------------------------------
---------------------------------------------------------------------------------
Start Renaming Generated Instances
---------------------------------------------------------------------------------
---------------------------------------------------------------------------------
Finished Renaming Generated Instances : Time (s): cpu = 00:00:47 ; elapsed = 00:01:13 . Memory (MB): peak = 3763.555 ; gain = 1156.438 ; free physical = 187 ; free virtual = 1251
---------------------------------------------------------------------------------
---------------------------------------------------------------------------------
Start Rebuilding User Hierarchy
---------------------------------------------------------------------------------
---------------------------------------------------------------------------------
Finished Rebuilding User Hierarchy : Time (s): cpu = 00:00:47 ; elapsed = 00:01:13 . Memory (MB): peak = 3763.555 ; gain = 1156.438 ; free physical = 183 ; free virtual = 1254
---------------------------------------------------------------------------------
---------------------------------------------------------------------------------
Start Renaming Generated Ports
---------------------------------------------------------------------------------
---------------------------------------------------------------------------------
Finished Renaming Generated Ports : Time (s): cpu = 00:00:47 ; elapsed = 00:01:13 . Memory (MB): peak = 3763.555 ; gain = 1156.438 ; free physical = 219 ; free virtual = 1256
---------------------------------------------------------------------------------
---------------------------------------------------------------------------------
Start Handling Custom Attributes
---------------------------------------------------------------------------------
---------------------------------------------------------------------------------
Finished Handling Custom Attributes : Time (s): cpu = 00:00:47 ; elapsed = 00:01:13 . Memory (MB): peak = 3763.555 ; gain = 1156.438 ; free physical = 215 ; free virtual = 1259
---------------------------------------------------------------------------------
---------------------------------------------------------------------------------
Start Renaming Generated Nets
---------------------------------------------------------------------------------
---------------------------------------------------------------------------------
Finished Renaming Generated Nets : Time (s): cpu = 00:00:47 ; elapsed = 00:01:13 . Memory (MB): peak = 3763.555 ; gain = 1156.438 ; free physical = 215 ; free virtual = 1259
---------------------------------------------------------------------------------
---------------------------------------------------------------------------------
Start Writing Synthesis Report
---------------------------------------------------------------------------------

Report BlackBoxes: 
+-+--------------+----------+
| |BlackBox name |Instances |
+-+--------------+----------+
+-+--------------+----------+

Report Cell Usage: 
+------+-----+------+
|      |Cell |Count |
+------+-----+------+
|1     |LUT1 |     2|
|2     |LUT2 |    10|
|3     |LUT3 |     7|
|4     |LUT4 |     7|
|5     |LUT5 |     8|
|6     |LUT6 |     9|
|7     |FDRE |    47|
|8     |FDSE |     1|
+------+-----+------+
---------------------------------------------------------------------------------
Finished Writing Synthesis Report : Time (s): cpu = 00:00:47 ; elapsed = 00:01:13 . Memory (MB): peak = 3763.555 ; gain = 1156.438 ; free physical = 215 ; free virtual = 1260
---------------------------------------------------------------------------------
Synthesis finished with 0 errors, 0 critical warnings and 0 warnings.
Synthesis Optimization Runtime : Time (s): cpu = 00:00:38 ; elapsed = 00:01:01 . Memory (MB): peak = 3763.555 ; gain = 1063.164 ; free physical = 240 ; free virtual = 1254
Synthesis Optimization Complete : Time (s): cpu = 00:00:47 ; elapsed = 00:01:14 . Memory (MB): peak = 3763.555 ; gain = 1156.438 ; free physical = 230 ; free virtual = 1247
INFO: [Project 1-571] Translating synthesized netlist
Netlist sorting complete. Time (s): cpu = 00:00:00 ; elapsed = 00:00:00.01 . Memory (MB): peak = 3763.555 ; gain = 0.000 ; free physical = 189 ; free virtual = 1249
INFO: [Project 1-570] Preparing netlist for logic optimization
INFO: [Opt 31-138] Pushed 0 inverter(s) to 0 load pin(s).
Netlist sorting complete. Time (s): cpu = 00:00:00 ; elapsed = 00:00:00 . Memory (MB): peak = 3763.555 ; gain = 0.000 ; free physical = 254 ; free virtual = 1506
INFO: [Project 1-111] Unisim Transformation Summary:
No Unisim elements were transformed.

Synth Design complete | Checksum: 1349aa01
INFO: [Common 17-83] Releasing license: Synthesis
142 Infos, 0 Warnings, 0 Critical Warnings and 0 Errors encountered.
synth_design completed successfully
synth_design: Time (s): cpu = 00:01:02 ; elapsed = 00:01:32 . Memory (MB): peak = 3763.555 ; gain = 2149.867 ; free physical = 219 ; free virtual = 1496
INFO: [Common 17-2834] synth_design peak Physical Memory [PSS] (MB): overall = 2690.350; main = 2550.828; forked = 221.800
INFO: [Common 17-2834] synth_design peak Virtual Memory [VSS] (MB): overall = 4726.094; main = 3731.746; forked = 1012.652
Write ShapeDB Complete: Time (s): cpu = 00:00:00 ; elapsed = 00:00:00.02 . Memory (MB): peak = 3763.555 ; gain = 0.000 ; free physical = 210 ; free virtual = 1497
INFO: [Common 17-1381] The checkpoint '/home/krzeslaav/SEM_1/sdup_project/STFT_FPGA/stft_v1.0.runs/main_design_axi_gpio_0_0_synth_1/main_design_axi_gpio_0_0.dcp' has been generated.
INFO: [Coretcl 2-1648] Added synthesis output to IP cache for IP main_design_axi_gpio_0_0, cache-ID = 70eb9ec2a7165e7b
INFO: [Coretcl 2-1174] Renamed 8 cell refs.
Write ShapeDB Complete: Time (s): cpu = 00:00:00 ; elapsed = 00:00:00 . Memory (MB): peak = 3763.555 ; gain = 0.000 ; free physical = 167 ; free virtual = 1511
INFO: [Common 17-1381] The checkpoint '/home/krzeslaav/SEM_1/sdup_project/STFT_FPGA/stft_v1.0.runs/main_design_axi_gpio_0_0_synth_1/main_design_axi_gpio_0_0.dcp' has been generated.
INFO: [Vivado 12-24828] Executing command : report_utilization -file main_design_axi_gpio_0_0_utilization_synth.rpt -pb main_design_axi_gpio_0_0_utilization_synth.pb
INFO: [Common 17-206] Exiting Vivado at Sun Jun 14 14:16:01 2026...
