
*** Running vivado
    with args -log main_design_stft_axis_wrapper_0_0.vds -m64 -product Vivado -mode batch -messageDb vivado.pb -notrace -source main_design_stft_axis_wrapper_0_0.tcl


****** Vivado v2025.2 (64-bit)
  **** SW Build 6299465 on Fri Nov 14 12:34:56 MST 2025
  **** IP Build 6300035 on Fri Nov 14 10:48:45 MST 2025
  **** SharedData Build 6298862 on Thu Nov 13 04:50:51 MST 2025
  **** Start of session at: Sun Jun 14 21:23:58 2026
    ** Copyright 1986-2022 Xilinx, Inc. All Rights Reserved.
    ** Copyright 2022-2025 Advanced Micro Devices, Inc. All Rights Reserved.

source main_design_stft_axis_wrapper_0_0.tcl -notrace
INFO: [IP_Flow 19-234] Refreshing IP repositories
INFO: [IP_Flow 19-1700] Loaded user IP repository '/home/krzeslaav/SEM_1/sdup_project/STFT_IP_PACKAGE'.
INFO: [IP_Flow 19-2313] Loaded Vivado IP repository '/home/krzeslaav/Programs/vivado25/2025.2/data/ip'.
Command: synth_design -top main_design_stft_axis_wrapper_0_0 -part xck26-sfvc784-2LV-c -incremental_mode off -mode out_of_context
Starting synth_design
Attempting to get a license for feature 'Synthesis' and/or device 'xck26'
INFO: [Common 17-349] Got license for feature 'Synthesis' and/or device 'xck26'
INFO: [Device 21-403] Loading part xck26-sfvc784-2LV-c
INFO: [Synth 8-7079] Multithreading enabled for synth_design using a maximum of 7 processes.
INFO: [Synth 8-7078] Launching helper process for spawning children vivado processes
INFO: [Synth 8-7075] Helper process launched with PID 111244
---------------------------------------------------------------------------------
Starting RTL Elaboration : Time (s): cpu = 00:00:06 ; elapsed = 00:00:06 . Memory (MB): peak = 2758.008 ; gain = 150.688 ; free physical = 1140 ; free virtual = 9721
---------------------------------------------------------------------------------
INFO: [Synth 8-6157] synthesizing module 'main_design_stft_axis_wrapper_0_0' [/home/krzeslaav/SEM_1/sdup_project/STFT_FPGA/stft_v1.0.gen/sources_1/bd/main_design/ip/main_design_stft_axis_wrapper_0_0/synth/main_design_stft_axis_wrapper_0_0.sv:53]
INFO: [Synth 8-6157] synthesizing module 'stft_axis_wrapper' [/home/krzeslaav/SEM_1/sdup_project/STFT_FPGA/stft_v1.0.gen/sources_1/bd/main_design/ipshared/b4ed/src/stft_axis_wrapper.sv:3]
INFO: [Synth 8-6157] synthesizing module 'windowing_unit' [/home/krzeslaav/SEM_1/sdup_project/STFT_FPGA/stft_v1.0.gen/sources_1/bd/main_design/ipshared/b4ed/src/windowing_unit.sv:3]
INFO: [Synth 8-6157] synthesizing module 'window_rom' [/home/krzeslaav/SEM_1/sdup_project/STFT_FPGA/stft_v1.0.gen/sources_1/bd/main_design/ipshared/b4ed/src/window_rom.sv:3]
INFO: [Synth 8-6155] done synthesizing module 'window_rom' (0#1) [/home/krzeslaav/SEM_1/sdup_project/STFT_FPGA/stft_v1.0.gen/sources_1/bd/main_design/ipshared/b4ed/src/window_rom.sv:3]
INFO: [Synth 8-6155] done synthesizing module 'windowing_unit' (0#1) [/home/krzeslaav/SEM_1/sdup_project/STFT_FPGA/stft_v1.0.gen/sources_1/bd/main_design/ipshared/b4ed/src/windowing_unit.sv:3]
INFO: [Synth 8-6157] synthesizing module 'fft_pingpong' [/home/krzeslaav/SEM_1/sdup_project/STFT_FPGA/stft_v1.0.gen/sources_1/bd/main_design/ipshared/b4ed/src/fft_ping_pong.sv:3]
INFO: [Synth 8-6157] synthesizing module 'fft_fsm' [/home/krzeslaav/SEM_1/sdup_project/STFT_FPGA/stft_v1.0.gen/sources_1/bd/main_design/ipshared/b4ed/src/fft_fsm.sv:3]
INFO: [Synth 8-6155] done synthesizing module 'fft_fsm' (0#1) [/home/krzeslaav/SEM_1/sdup_project/STFT_FPGA/stft_v1.0.gen/sources_1/bd/main_design/ipshared/b4ed/src/fft_fsm.sv:3]
INFO: [Synth 8-6157] synthesizing module 'btf_radix2' [/home/krzeslaav/SEM_1/sdup_project/STFT_FPGA/stft_v1.0.gen/sources_1/bd/main_design/ipshared/b4ed/src/btf_radix2.sv:3]
INFO: [Synth 8-6155] done synthesizing module 'btf_radix2' (0#1) [/home/krzeslaav/SEM_1/sdup_project/STFT_FPGA/stft_v1.0.gen/sources_1/bd/main_design/ipshared/b4ed/src/btf_radix2.sv:3]
INFO: [Synth 8-6155] done synthesizing module 'fft_pingpong' (0#1) [/home/krzeslaav/SEM_1/sdup_project/STFT_FPGA/stft_v1.0.gen/sources_1/bd/main_design/ipshared/b4ed/src/fft_ping_pong.sv:3]
INFO: [Synth 8-6155] done synthesizing module 'stft_axis_wrapper' (0#1) [/home/krzeslaav/SEM_1/sdup_project/STFT_FPGA/stft_v1.0.gen/sources_1/bd/main_design/ipshared/b4ed/src/stft_axis_wrapper.sv:3]
INFO: [Synth 8-6155] done synthesizing module 'main_design_stft_axis_wrapper_0_0' (0#1) [/home/krzeslaav/SEM_1/sdup_project/STFT_FPGA/stft_v1.0.gen/sources_1/bd/main_design/ip/main_design_stft_axis_wrapper_0_0/synth/main_design_stft_axis_wrapper_0_0.sv:53]
WARNING: [Synth 8-6014] Unused sequential element valid_d3_reg was removed.  [/home/krzeslaav/SEM_1/sdup_project/STFT_FPGA/stft_v1.0.gen/sources_1/bd/main_design/ipshared/b4ed/src/fft_ping_pong.sv:99]
WARNING: [Synth 8-6014] Unused sequential element done_d3_reg was removed.  [/home/krzeslaav/SEM_1/sdup_project/STFT_FPGA/stft_v1.0.gen/sources_1/bd/main_design/ipshared/b4ed/src/fft_ping_pong.sv:100]
WARNING: [Synth 8-6014] Unused sequential element addr_a_d3_reg was removed.  [/home/krzeslaav/SEM_1/sdup_project/STFT_FPGA/stft_v1.0.gen/sources_1/bd/main_design/ipshared/b4ed/src/fft_ping_pong.sv:115]
WARNING: [Synth 8-6014] Unused sequential element addr_b_d3_reg was removed.  [/home/krzeslaav/SEM_1/sdup_project/STFT_FPGA/stft_v1.0.gen/sources_1/bd/main_design/ipshared/b4ed/src/fft_ping_pong.sv:119]
WARNING: [Synth 8-6014] Unused sequential element process_bank_reg was removed.  [/home/krzeslaav/SEM_1/sdup_project/STFT_FPGA/stft_v1.0.gen/sources_1/bd/main_design/ipshared/b4ed/src/stft_axis_wrapper.sv:149]
INFO: [Synth 8-7129] Port read_en in module fft_pingpong is either unconnected or has no load
INFO: [Synth 8-7129] Port S_AXIS_TLAST in module stft_axis_wrapper is either unconnected or has no load
---------------------------------------------------------------------------------
Finished RTL Elaboration : Time (s): cpu = 00:00:09 ; elapsed = 00:00:09 . Memory (MB): peak = 2861.945 ; gain = 254.625 ; free physical = 1044 ; free virtual = 9632
---------------------------------------------------------------------------------
---------------------------------------------------------------------------------
Start Handling Custom Attributes
---------------------------------------------------------------------------------
---------------------------------------------------------------------------------
Finished Handling Custom Attributes : Time (s): cpu = 00:00:09 ; elapsed = 00:00:09 . Memory (MB): peak = 2861.945 ; gain = 254.625 ; free physical = 1062 ; free virtual = 9650
---------------------------------------------------------------------------------
---------------------------------------------------------------------------------
Finished RTL Optimization Phase 1 : Time (s): cpu = 00:00:09 ; elapsed = 00:00:09 . Memory (MB): peak = 2861.945 ; gain = 254.625 ; free physical = 1062 ; free virtual = 9650
---------------------------------------------------------------------------------
Netlist sorting complete. Time (s): cpu = 00:00:00.01 ; elapsed = 00:00:00.02 . Memory (MB): peak = 2861.945 ; gain = 0.000 ; free physical = 1062 ; free virtual = 9650
INFO: [Project 1-570] Preparing netlist for logic optimization

Processing XDC Constraints
Initializing timing engine
Completed Processing XDC Constraints

Netlist sorting complete. Time (s): cpu = 00:00:00 ; elapsed = 00:00:00 . Memory (MB): peak = 2928.965 ; gain = 0.000 ; free physical = 1070 ; free virtual = 9651
INFO: [Project 1-111] Unisim Transformation Summary:
No Unisim elements were transformed.

Constraint Validation Runtime : Time (s): cpu = 00:00:00.03 ; elapsed = 00:00:00.03 . Memory (MB): peak = 2929.000 ; gain = 0.000 ; free physical = 1070 ; free virtual = 9651
INFO: [Designutils 20-5008] Incremental synthesis strategy off
---------------------------------------------------------------------------------
Finished Constraint Validation : Time (s): cpu = 00:00:18 ; elapsed = 00:00:18 . Memory (MB): peak = 2929.000 ; gain = 321.680 ; free physical = 1186 ; free virtual = 9752
---------------------------------------------------------------------------------
---------------------------------------------------------------------------------
Start Loading Part and Timing Information
---------------------------------------------------------------------------------
Loading part: xck26-sfvc784-2LV-c
INFO: [Synth 8-6742] Reading net delay rules and data
---------------------------------------------------------------------------------
Finished Loading Part and Timing Information : Time (s): cpu = 00:00:18 ; elapsed = 00:00:18 . Memory (MB): peak = 2936.969 ; gain = 329.648 ; free physical = 1186 ; free virtual = 9752
---------------------------------------------------------------------------------
---------------------------------------------------------------------------------
Start Applying 'set_property' XDC Constraints
---------------------------------------------------------------------------------
---------------------------------------------------------------------------------
Finished applying 'set_property' XDC Constraints : Time (s): cpu = 00:00:18 ; elapsed = 00:00:18 . Memory (MB): peak = 2936.969 ; gain = 329.648 ; free physical = 1186 ; free virtual = 9752
---------------------------------------------------------------------------------
INFO: [Synth 8-802] inferred FSM for state register 'state_reg' in module 'fft_fsm'
---------------------------------------------------------------------------------------------------
                   State |                     New Encoding |                Previous Encoding 
---------------------------------------------------------------------------------------------------
                    IDLE |                               00 |                               00
                    CALC |                               01 |                               01
                   FLUSH |                               10 |                               10
                    DONE |                               11 |                               11
---------------------------------------------------------------------------------------------------
INFO: [Synth 8-3354] encoded FSM with state register 'state_reg' using encoding 'sequential' in module 'fft_fsm'
INFO: [Synth 8-3971] The signal "fft_pingpong:/ram_3_re_reg" was recognized as a true dual port RAM template.
INFO: [Synth 8-3971] The signal "fft_pingpong:/ram_2_re_reg" was recognized as a true dual port RAM template.
INFO: [Synth 8-3971] The signal "fft_pingpong:/ram_1_re_reg" was recognized as a true dual port RAM template.
INFO: [Synth 8-3971] The signal "fft_pingpong:/ram_0_re_reg" was recognized as a true dual port RAM template.
INFO: [Synth 8-3971] The signal "fft_pingpong:/ram_3_im_reg" was recognized as a true dual port RAM template.
INFO: [Synth 8-3971] The signal "fft_pingpong:/ram_2_im_reg" was recognized as a true dual port RAM template.
INFO: [Synth 8-3971] The signal "fft_pingpong:/ram_1_im_reg" was recognized as a true dual port RAM template.
INFO: [Synth 8-3971] The signal "fft_pingpong:/ram_0_im_reg" was recognized as a true dual port RAM template.
---------------------------------------------------------------------------------
Finished RTL Optimization Phase 2 : Time (s): cpu = 00:00:19 ; elapsed = 00:00:19 . Memory (MB): peak = 2936.969 ; gain = 329.648 ; free physical = 1193 ; free virtual = 9759
---------------------------------------------------------------------------------
No constraint files found.
---------------------------------------------------------------------------------
Start RTL Component Statistics 
---------------------------------------------------------------------------------
Detailed RTL Component Info : 
+---Adders : 
	   2 Input   32 Bit       Adders := 1     
	   2 Input   16 Bit       Adders := 2     
	   3 Input   16 Bit       Adders := 2     
	   2 Input   11 Bit       Adders := 3     
	   2 Input   10 Bit       Adders := 2     
	   2 Input    9 Bit       Adders := 4     
	   2 Input    4 Bit       Adders := 1     
	   2 Input    2 Bit       Adders := 1     
+---Registers : 
	               32 Bit    Registers := 4     
	               16 Bit    Registers := 23    
	               10 Bit    Registers := 3     
	                9 Bit    Registers := 10    
	                3 Bit    Registers := 1     
	                2 Bit    Registers := 7     
	                1 Bit    Registers := 18    
+---RAMs : 
	               8K Bit	(512 X 16 bit)          RAMs := 8     
+---ROMs : 
	                    ROMs := 3     
+---Muxes : 
	   4 Input   16 Bit        Muxes := 50    
	   2 Input   16 Bit        Muxes := 4     
	   2 Input   10 Bit        Muxes := 2     
	   4 Input   10 Bit        Muxes := 3     
	   2 Input    9 Bit        Muxes := 5     
	   4 Input    9 Bit        Muxes := 24    
	   4 Input    3 Bit        Muxes := 1     
	   4 Input    2 Bit        Muxes := 1     
	   2 Input    2 Bit        Muxes := 1     
	   4 Input    1 Bit        Muxes := 88    
	   2 Input    1 Bit        Muxes := 6     
---------------------------------------------------------------------------------
Finished RTL Component Statistics 
---------------------------------------------------------------------------------
---------------------------------------------------------------------------------
Start Part Resource Summary
---------------------------------------------------------------------------------
Part Resources:
DSPs: 1248 (col length:96)
BRAMs: 288 (col length: RAMB18 96 RAMB36 48)
---------------------------------------------------------------------------------
Finished Part Resource Summary
---------------------------------------------------------------------------------
No constraint files found.
---------------------------------------------------------------------------------
Start Cross Boundary and Area Optimization
---------------------------------------------------------------------------------
DSP Report: Generating DSP mult_B_W_re1, operation Mode is: A*B.
DSP Report: operator mult_B_W_re1 is absorbed into DSP mult_B_W_re1.
DSP Report: Generating DSP mult_B_W_re0, operation Mode is: PCIN-A*B.
DSP Report: operator mult_B_W_re0 is absorbed into DSP mult_B_W_re0.
DSP Report: operator mult_B_W_re1 is absorbed into DSP mult_B_W_re0.
DSP Report: Generating DSP mult_B_W_im1, operation Mode is: A*B.
DSP Report: operator mult_B_W_im1 is absorbed into DSP mult_B_W_im1.
DSP Report: Generating DSP mult_B_W_im0, operation Mode is: PCIN+A*B.
DSP Report: operator mult_B_W_im0 is absorbed into DSP mult_B_W_im0.
DSP Report: operator mult_B_W_im1 is absorbed into DSP mult_B_W_im0.
DSP Report: Generating DSP inst/win_inst/mult_res0, operation Mode is: A*B2.
DSP Report: register inst/win_inst/rom_inst/coeff_reg is absorbed into DSP inst/win_inst/mult_res0.
DSP Report: operator inst/win_inst/mult_res0 is absorbed into DSP inst/win_inst/mult_res0.
INFO: [Synth 8-7129] Port read_en in module fft_pingpong is either unconnected or has no load
INFO: [Synth 8-7129] Port S_AXIS_TLAST in module main_design_stft_axis_wrapper_0_0 is either unconnected or has no load
RAM ("\inst/fft_core_inst/ram_3_re_reg ") is too shallow (depth = 512) to use URAM. Choosing BRAM instead of URAM 
INFO: [Synth 8-3971] The signal "\inst/fft_core_inst/ram_3_re_reg " was recognized as a true dual port RAM template.
RAM ("\inst/fft_core_inst/ram_2_re_reg ") is too shallow (depth = 512) to use URAM. Choosing BRAM instead of URAM 
INFO: [Synth 8-3971] The signal "\inst/fft_core_inst/ram_2_re_reg " was recognized as a true dual port RAM template.
RAM ("\inst/fft_core_inst/ram_1_re_reg ") is too shallow (depth = 512) to use URAM. Choosing BRAM instead of URAM 
INFO: [Synth 8-3971] The signal "\inst/fft_core_inst/ram_1_re_reg " was recognized as a true dual port RAM template.
RAM ("\inst/fft_core_inst/ram_0_re_reg ") is too shallow (depth = 512) to use URAM. Choosing BRAM instead of URAM 
INFO: [Synth 8-3971] The signal "\inst/fft_core_inst/ram_0_re_reg " was recognized as a true dual port RAM template.
RAM ("\inst/fft_core_inst/ram_3_im_reg ") is too shallow (depth = 512) to use URAM. Choosing BRAM instead of URAM 
INFO: [Synth 8-3971] The signal "\inst/fft_core_inst/ram_3_im_reg " was recognized as a true dual port RAM template.
RAM ("\inst/fft_core_inst/ram_2_im_reg ") is too shallow (depth = 512) to use URAM. Choosing BRAM instead of URAM 
INFO: [Synth 8-3971] The signal "\inst/fft_core_inst/ram_2_im_reg " was recognized as a true dual port RAM template.
RAM ("\inst/fft_core_inst/ram_1_im_reg ") is too shallow (depth = 512) to use URAM. Choosing BRAM instead of URAM 
INFO: [Synth 8-3971] The signal "\inst/fft_core_inst/ram_1_im_reg " was recognized as a true dual port RAM template.
RAM ("\inst/fft_core_inst/ram_0_im_reg ") is too shallow (depth = 512) to use URAM. Choosing BRAM instead of URAM 
INFO: [Synth 8-3971] The signal "\inst/fft_core_inst/ram_0_im_reg " was recognized as a true dual port RAM template.
---------------------------------------------------------------------------------
Finished Cross Boundary and Area Optimization : Time (s): cpu = 00:00:39 ; elapsed = 00:00:42 . Memory (MB): peak = 3000.000 ; gain = 392.680 ; free physical = 648 ; free virtual = 9269
---------------------------------------------------------------------------------
 Sort Area is  mult_B_W_re1_0 : 0 0 : 1937 4096 : Used 1 time 0
 Sort Area is  mult_B_W_re1_0 : 0 1 : 2159 4096 : Used 1 time 0
 Sort Area is  mult_B_W_im1_3 : 0 0 : 1937 3969 : Used 1 time 0
 Sort Area is  mult_B_W_im1_3 : 0 1 : 2032 3969 : Used 1 time 0
 Sort Area is  inst/win_inst/mult_res0_5 : 0 0 : 1953 1953 : Used 1 time 0
---------------------------------------------------------------------------------
Start ROM, RAM, DSP, Shift Register and Retiming Reporting
---------------------------------------------------------------------------------

ROM: Preliminary Mapping Report
+----------------------------------+----------------------+---------------+----------------+
|Module Name                       | RTL Object           | Depth x Width | Implemented As | 
+----------------------------------+----------------------+---------------+----------------+
|fft_pingpong                      | rom_out_W_re_reg_reg | 256x16        | Block RAM      | 
|fft_pingpong                      | rom_out_W_im_reg_reg | 256x16        | Block RAM      | 
|main_design_stft_axis_wrapper_0_0 | p_0_out              | 2048x16       | LUT            | 
|fft_pingpong                      | rom_out_W_re_reg_reg | 256x16        | Block RAM      | 
|fft_pingpong                      | rom_out_W_im_reg_reg | 256x16        | Block RAM      | 
+----------------------------------+----------------------+---------------+----------------+


Block RAM: Preliminary Mapping Report (see note below)
+---------------------+--------------+------------------------+---+---+------------------------+---+---+------------------+--------+--------+-----------------+
|Module Name          | RTL Object   | PORT A (Depth x Width) | W | R | PORT B (Depth x Width) | W | R | Ports driving FF | RAMB18 | RAMB36 | Cascade Heights | 
+---------------------+--------------+------------------------+---+---+------------------------+---+---+------------------+--------+--------+-----------------+
|\inst/fft_core_inst  | ram_3_re_reg | 512 x 16(READ_FIRST)   | W | R | 512 x 16(READ_FIRST)   | W | R | Port A and B     | 1      | 0      | 1               | 
|\inst/fft_core_inst  | ram_2_re_reg | 512 x 16(READ_FIRST)   | W | R | 512 x 16(READ_FIRST)   | W | R | Port A and B     | 1      | 0      | 1               | 
|\inst/fft_core_inst  | ram_1_re_reg | 512 x 16(READ_FIRST)   | W | R | 512 x 16(READ_FIRST)   | W | R | Port A and B     | 1      | 0      | 1               | 
|\inst/fft_core_inst  | ram_0_re_reg | 512 x 16(READ_FIRST)   | W | R | 512 x 16(READ_FIRST)   | W | R | Port A and B     | 1      | 0      | 1               | 
|\inst/fft_core_inst  | ram_3_im_reg | 512 x 16(READ_FIRST)   | W | R | 512 x 16(READ_FIRST)   | W | R | Port A and B     | 1      | 0      | 1               | 
|\inst/fft_core_inst  | ram_2_im_reg | 512 x 16(READ_FIRST)   | W | R | 512 x 16(READ_FIRST)   | W | R | Port A and B     | 1      | 0      | 1               | 
|\inst/fft_core_inst  | ram_1_im_reg | 512 x 16(READ_FIRST)   | W | R | 512 x 16(READ_FIRST)   | W | R | Port A and B     | 1      | 0      | 1               | 
|\inst/fft_core_inst  | ram_0_im_reg | 512 x 16(READ_FIRST)   | W | R | 512 x 16(READ_FIRST)   | W | R | Port A and B     | 1      | 0      | 1               | 
+---------------------+--------------+------------------------+---+---+------------------------+---+---+------------------+--------+--------+-----------------+

Note: The table above is a preliminary report that shows the Block RAMs at the current stage of the synthesis flow. Some Block RAMs may be reimplemented as non Block RAM primitives later in the synthesis flow. Multiple instantiated Block RAMs are reported only once. 

DSP: Preliminary Mapping Report (see note below. The ' indicates corresponding REG is set)
+----------------------------------+-------------+--------+--------+--------+--------+--------+------+------+------+------+-------+------+------+
|Module Name                       | DSP Mapping | A Size | B Size | C Size | D Size | P Size | AREG | BREG | CREG | DREG | ADREG | MREG | PREG | 
+----------------------------------+-------------+--------+--------+--------+--------+--------+------+------+------+------+-------+------+------+
|btf_radix2                        | A*B         | 16     | 16     | -      | -      | 32     | 0    | 0    | -    | -    | -     | 0    | 0    | 
|btf_radix2                        | PCIN-A*B    | 16     | 16     | -      | -      | 32     | 0    | 0    | -    | -    | -     | 0    | 0    | 
|btf_radix2                        | A*B         | 16     | 16     | -      | -      | 32     | 0    | 0    | -    | -    | -     | 0    | 0    | 
|btf_radix2                        | PCIN+A*B    | 16     | 16     | -      | -      | 32     | 0    | 0    | -    | -    | -     | 0    | 0    | 
|main_design_stft_axis_wrapper_0_0 | A*B2        | 16     | 16     | -      | -      | 32     | 0    | 1    | -    | -    | -     | 0    | 0    | 
+----------------------------------+-------------+--------+--------+--------+--------+--------+------+------+------+------+-------+------+------+

Note: The table above is a preliminary report that shows the DSPs inferred at the current stage of the synthesis flow. Some DSP may be reimplemented as non DSP primitives later in the synthesis flow. Multiple instantiated DSPs are reported only once.
---------------------------------------------------------------------------------
Finished ROM, RAM, DSP, Shift Register and Retiming Reporting
---------------------------------------------------------------------------------
No constraint files found.
---------------------------------------------------------------------------------
Start Timing Optimization
---------------------------------------------------------------------------------
---------------------------------------------------------------------------------
Finished Timing Optimization : Time (s): cpu = 00:00:40 ; elapsed = 00:00:42 . Memory (MB): peak = 3000.000 ; gain = 392.680 ; free physical = 649 ; free virtual = 9270
---------------------------------------------------------------------------------
---------------------------------------------------------------------------------
Start ROM, RAM, DSP, Shift Register and Retiming Reporting
---------------------------------------------------------------------------------

Block RAM: Final Mapping Report
+---------------------+--------------+------------------------+---+---+------------------------+---+---+------------------+--------+--------+-----------------+
|Module Name          | RTL Object   | PORT A (Depth x Width) | W | R | PORT B (Depth x Width) | W | R | Ports driving FF | RAMB18 | RAMB36 | Cascade Heights | 
+---------------------+--------------+------------------------+---+---+------------------------+---+---+------------------+--------+--------+-----------------+
|\inst/fft_core_inst  | ram_3_re_reg | 512 x 16(READ_FIRST)   | W | R | 512 x 16(READ_FIRST)   | W | R | Port A and B     | 1      | 0      | 1               | 
|\inst/fft_core_inst  | ram_2_re_reg | 512 x 16(READ_FIRST)   | W | R | 512 x 16(READ_FIRST)   | W | R | Port A and B     | 1      | 0      | 1               | 
|\inst/fft_core_inst  | ram_1_re_reg | 512 x 16(READ_FIRST)   | W | R | 512 x 16(READ_FIRST)   | W | R | Port A and B     | 1      | 0      | 1               | 
|\inst/fft_core_inst  | ram_0_re_reg | 512 x 16(READ_FIRST)   | W | R | 512 x 16(READ_FIRST)   | W | R | Port A and B     | 1      | 0      | 1               | 
|\inst/fft_core_inst  | ram_3_im_reg | 512 x 16(READ_FIRST)   | W | R | 512 x 16(READ_FIRST)   | W | R | Port A and B     | 1      | 0      | 1               | 
|\inst/fft_core_inst  | ram_2_im_reg | 512 x 16(READ_FIRST)   | W | R | 512 x 16(READ_FIRST)   | W | R | Port A and B     | 1      | 0      | 1               | 
|\inst/fft_core_inst  | ram_1_im_reg | 512 x 16(READ_FIRST)   | W | R | 512 x 16(READ_FIRST)   | W | R | Port A and B     | 1      | 0      | 1               | 
|\inst/fft_core_inst  | ram_0_im_reg | 512 x 16(READ_FIRST)   | W | R | 512 x 16(READ_FIRST)   | W | R | Port A and B     | 1      | 0      | 1               | 
+---------------------+--------------+------------------------+---+---+------------------------+---+---+------------------+--------+--------+-----------------+

---------------------------------------------------------------------------------
Finished ROM, RAM, DSP, Shift Register and Retiming Reporting
---------------------------------------------------------------------------------
---------------------------------------------------------------------------------
Start Technology Mapping
---------------------------------------------------------------------------------
INFO: [Synth 8-7052] The timing for the instance inst/fft_core_inst/ram_3_re_reg_bram_0 (implemented as a Block RAM) might be sub-optimal as no optional output register could be merged into the ram block. Providing additional output register may help in improving timing.
INFO: [Synth 8-7052] The timing for the instance inst/fft_core_inst/ram_3_re_reg_bram_0 (implemented as a Block RAM) might be sub-optimal as no optional output register could be merged into the ram block. Providing additional output register may help in improving timing.
INFO: [Synth 8-7052] The timing for the instance inst/fft_core_inst/ram_2_re_reg_bram_0 (implemented as a Block RAM) might be sub-optimal as no optional output register could be merged into the ram block. Providing additional output register may help in improving timing.
INFO: [Synth 8-7052] The timing for the instance inst/fft_core_inst/ram_2_re_reg_bram_0 (implemented as a Block RAM) might be sub-optimal as no optional output register could be merged into the ram block. Providing additional output register may help in improving timing.
INFO: [Synth 8-7052] The timing for the instance inst/fft_core_inst/ram_1_re_reg_bram_0 (implemented as a Block RAM) might be sub-optimal as no optional output register could be merged into the ram block. Providing additional output register may help in improving timing.
INFO: [Synth 8-7052] The timing for the instance inst/fft_core_inst/ram_1_re_reg_bram_0 (implemented as a Block RAM) might be sub-optimal as no optional output register could be merged into the ram block. Providing additional output register may help in improving timing.
INFO: [Synth 8-7052] The timing for the instance inst/fft_core_inst/ram_0_re_reg_bram_0 (implemented as a Block RAM) might be sub-optimal as no optional output register could be merged into the ram block. Providing additional output register may help in improving timing.
INFO: [Synth 8-7052] The timing for the instance inst/fft_core_inst/ram_0_re_reg_bram_0 (implemented as a Block RAM) might be sub-optimal as no optional output register could be merged into the ram block. Providing additional output register may help in improving timing.
INFO: [Synth 8-7052] The timing for the instance inst/fft_core_inst/ram_3_im_reg_bram_0 (implemented as a Block RAM) might be sub-optimal as no optional output register could be merged into the ram block. Providing additional output register may help in improving timing.
INFO: [Synth 8-7052] The timing for the instance inst/fft_core_inst/ram_3_im_reg_bram_0 (implemented as a Block RAM) might be sub-optimal as no optional output register could be merged into the ram block. Providing additional output register may help in improving timing.
INFO: [Synth 8-7052] The timing for the instance inst/fft_core_inst/ram_2_im_reg_bram_0 (implemented as a Block RAM) might be sub-optimal as no optional output register could be merged into the ram block. Providing additional output register may help in improving timing.
INFO: [Synth 8-7052] The timing for the instance inst/fft_core_inst/ram_2_im_reg_bram_0 (implemented as a Block RAM) might be sub-optimal as no optional output register could be merged into the ram block. Providing additional output register may help in improving timing.
INFO: [Synth 8-7052] The timing for the instance inst/fft_core_inst/ram_1_im_reg_bram_0 (implemented as a Block RAM) might be sub-optimal as no optional output register could be merged into the ram block. Providing additional output register may help in improving timing.
INFO: [Synth 8-7052] The timing for the instance inst/fft_core_inst/ram_1_im_reg_bram_0 (implemented as a Block RAM) might be sub-optimal as no optional output register could be merged into the ram block. Providing additional output register may help in improving timing.
INFO: [Synth 8-7052] The timing for the instance inst/fft_core_inst/ram_0_im_reg_bram_0 (implemented as a Block RAM) might be sub-optimal as no optional output register could be merged into the ram block. Providing additional output register may help in improving timing.
INFO: [Synth 8-7052] The timing for the instance inst/fft_core_inst/ram_0_im_reg_bram_0 (implemented as a Block RAM) might be sub-optimal as no optional output register could be merged into the ram block. Providing additional output register may help in improving timing.
INFO: [Synth 8-7052] The timing for the instance inst/fft_core_inst/rom_out_W_re_reg_reg (implemented as a Block RAM) might be sub-optimal as no optional output register could be merged into the ram block. Providing additional output register may help in improving timing.
INFO: [Synth 8-7052] The timing for the instance inst/fft_core_inst/rom_out_W_im_reg_reg (implemented as a Block RAM) might be sub-optimal as no optional output register could be merged into the ram block. Providing additional output register may help in improving timing.
---------------------------------------------------------------------------------
Finished Technology Mapping : Time (s): cpu = 00:00:40 ; elapsed = 00:00:43 . Memory (MB): peak = 3000.000 ; gain = 392.680 ; free physical = 692 ; free virtual = 9295
---------------------------------------------------------------------------------
---------------------------------------------------------------------------------
Start IO Insertion
---------------------------------------------------------------------------------
---------------------------------------------------------------------------------
Start Flattening Before IO Insertion
---------------------------------------------------------------------------------
---------------------------------------------------------------------------------
Finished Flattening Before IO Insertion
---------------------------------------------------------------------------------
---------------------------------------------------------------------------------
Start Final Netlist Cleanup
---------------------------------------------------------------------------------
---------------------------------------------------------------------------------
Finished Final Netlist Cleanup
---------------------------------------------------------------------------------
---------------------------------------------------------------------------------
Finished IO Insertion : Time (s): cpu = 00:00:47 ; elapsed = 00:00:51 . Memory (MB): peak = 3072.812 ; gain = 465.492 ; free physical = 408 ; free virtual = 9034
---------------------------------------------------------------------------------
---------------------------------------------------------------------------------
Start Renaming Generated Instances
---------------------------------------------------------------------------------
---------------------------------------------------------------------------------
Finished Renaming Generated Instances : Time (s): cpu = 00:00:47 ; elapsed = 00:00:51 . Memory (MB): peak = 3072.812 ; gain = 465.492 ; free physical = 408 ; free virtual = 9034
---------------------------------------------------------------------------------
---------------------------------------------------------------------------------
Start Rebuilding User Hierarchy
---------------------------------------------------------------------------------
---------------------------------------------------------------------------------
Finished Rebuilding User Hierarchy : Time (s): cpu = 00:00:47 ; elapsed = 00:00:51 . Memory (MB): peak = 3072.812 ; gain = 465.492 ; free physical = 408 ; free virtual = 8985
---------------------------------------------------------------------------------
---------------------------------------------------------------------------------
Start Renaming Generated Ports
---------------------------------------------------------------------------------
---------------------------------------------------------------------------------
Finished Renaming Generated Ports : Time (s): cpu = 00:00:47 ; elapsed = 00:00:51 . Memory (MB): peak = 3072.812 ; gain = 465.492 ; free physical = 408 ; free virtual = 8985
---------------------------------------------------------------------------------
---------------------------------------------------------------------------------
Start Handling Custom Attributes
---------------------------------------------------------------------------------
---------------------------------------------------------------------------------
Finished Handling Custom Attributes : Time (s): cpu = 00:00:47 ; elapsed = 00:00:51 . Memory (MB): peak = 3072.812 ; gain = 465.492 ; free physical = 407 ; free virtual = 8985
---------------------------------------------------------------------------------
---------------------------------------------------------------------------------
Start Renaming Generated Nets
---------------------------------------------------------------------------------
---------------------------------------------------------------------------------
Finished Renaming Generated Nets : Time (s): cpu = 00:00:47 ; elapsed = 00:00:51 . Memory (MB): peak = 3072.812 ; gain = 465.492 ; free physical = 399 ; free virtual = 8977
---------------------------------------------------------------------------------
---------------------------------------------------------------------------------
Start Writing Synthesis Report
---------------------------------------------------------------------------------

DSP Final Report (the ' indicates corresponding REG is set)
+----------------------------------+---------------+--------+--------+--------+--------+--------+------+------+------+------+-------+------+------+
|Module Name                       | DSP Mapping   | A Size | B Size | C Size | D Size | P Size | AREG | BREG | CREG | DREG | ADREG | MREG | PREG | 
+----------------------------------+---------------+--------+--------+--------+--------+--------+------+------+------+------+-------+------+------+
|btf_radix2                        | A*B           | 30     | 18     | -      | -      | 32     | 0    | 0    | -    | -    | -     | 0    | 0    | 
|btf_radix2                        | (PCIN-(A*B))' | 30     | 18     | -      | -      | 32     | 0    | 0    | -    | -    | -     | 0    | 1    | 
|btf_radix2                        | A*B           | 30     | 18     | -      | -      | 32     | 0    | 0    | -    | -    | -     | 0    | 0    | 
|btf_radix2                        | (PCIN+A*B)'   | 30     | 18     | -      | -      | 32     | 0    | 0    | -    | -    | -     | 0    | 1    | 
|main_design_stft_axis_wrapper_0_0 | (A*B')'       | 30     | 18     | -      | -      | 32     | 0    | 1    | -    | -    | -     | 0    | 1    | 
+----------------------------------+---------------+--------+--------+--------+--------+--------+------+------+------+------+-------+------+------+


Report BlackBoxes: 
+-+--------------+----------+
| |BlackBox name |Instances |
+-+--------------+----------+
+-+--------------+----------+

Report Cell Usage: 
+------+----------------+------+
|      |Cell            |Count |
+------+----------------+------+
|1     |CARRY8          |    18|
|2     |DSP48E2         |     2|
|3     |DSP_ALU         |     3|
|4     |DSP_A_B_DATA    |     3|
|5     |DSP_C_DATA      |     3|
|6     |DSP_MULTIPLIER  |     3|
|7     |DSP_M_DATA      |     3|
|8     |DSP_OUTPUT      |     3|
|9     |DSP_PREADD      |     3|
|10    |DSP_PREADD_DATA |     3|
|11    |LUT1            |     6|
|12    |LUT2            |    83|
|13    |LUT3            |   103|
|14    |LUT4            |    68|
|15    |LUT5            |   251|
|16    |LUT6            |   715|
|17    |MUXF7           |   218|
|18    |MUXF8           |    54|
|19    |RAMB18E2        |    10|
|20    |FDCE            |   215|
|21    |FDPE            |    11|
|22    |FDRE            |    43|
+------+----------------+------+
---------------------------------------------------------------------------------
Finished Writing Synthesis Report : Time (s): cpu = 00:00:47 ; elapsed = 00:00:51 . Memory (MB): peak = 3072.812 ; gain = 465.492 ; free physical = 399 ; free virtual = 8977
---------------------------------------------------------------------------------
Synthesis finished with 0 errors, 0 critical warnings and 0 warnings.
Synthesis Optimization Runtime : Time (s): cpu = 00:00:45 ; elapsed = 00:00:49 . Memory (MB): peak = 3072.812 ; gain = 398.438 ; free physical = 399 ; free virtual = 8977
Synthesis Optimization Complete : Time (s): cpu = 00:00:47 ; elapsed = 00:00:51 . Memory (MB): peak = 3072.820 ; gain = 465.492 ; free physical = 399 ; free virtual = 8977
INFO: [Project 1-571] Translating synthesized netlist
Netlist sorting complete. Time (s): cpu = 00:00:00.02 ; elapsed = 00:00:00.02 . Memory (MB): peak = 3085.688 ; gain = 0.000 ; free physical = 380 ; free virtual = 8960
INFO: [Netlist 29-17] Analyzing 295 Unisim elements for replacement
INFO: [Netlist 29-28] Unisim Transformation completed in 0 CPU seconds
INFO: [Project 1-570] Preparing netlist for logic optimization
INFO: [Opt 31-138] Pushed 0 inverter(s) to 0 load pin(s).
Netlist sorting complete. Time (s): cpu = 00:00:00.01 ; elapsed = 00:00:00 . Memory (MB): peak = 3191.199 ; gain = 0.000 ; free physical = 319 ; free virtual = 8900
INFO: [Project 1-111] Unisim Transformation Summary:
  A total of 5 instances were transformed.
  DSP48E2 => DSP48E2 (DSP_ALU, DSP_A_B_DATA, DSP_C_DATA, DSP_MULTIPLIER, DSP_M_DATA, DSP_OUTPUT, DSP_PREADD, DSP_PREADD_DATA): 5 instances

Synth Design complete | Checksum: 3ebbaa56
INFO: [Common 17-83] Releasing license: Synthesis
73 Infos, 5 Warnings, 0 Critical Warnings and 0 Errors encountered.
synth_design completed successfully
synth_design: Time (s): cpu = 00:01:02 ; elapsed = 00:01:02 . Memory (MB): peak = 3191.234 ; gain = 1571.297 ; free physical = 321 ; free virtual = 8902
INFO: [Common 17-2834] synth_design peak Physical Memory [PSS] (MB): overall = 2426.322; main = 2304.347; forked = 280.916
INFO: [Common 17-2834] synth_design peak Virtual Memory [VSS] (MB): overall = 4039.223; main = 3191.203; forked = 994.219
Write ShapeDB Complete: Time (s): cpu = 00:00:00.02 ; elapsed = 00:00:00 . Memory (MB): peak = 3215.211 ; gain = 0.000 ; free physical = 321 ; free virtual = 8902
INFO: [Common 17-1381] The checkpoint '/home/krzeslaav/SEM_1/sdup_project/STFT_FPGA/stft_v1.0.runs/main_design_stft_axis_wrapper_0_0_synth_1/main_design_stft_axis_wrapper_0_0.dcp' has been generated.
INFO: [Coretcl 2-1648] Added synthesis output to IP cache for IP main_design_stft_axis_wrapper_0_0, cache-ID = 5fd2cb69dacefab4
INFO: [Coretcl 2-1174] Renamed 5 cell refs.
Write ShapeDB Complete: Time (s): cpu = 00:00:00.01 ; elapsed = 00:00:00.01 . Memory (MB): peak = 3215.211 ; gain = 0.000 ; free physical = 328 ; free virtual = 8911
INFO: [Common 17-1381] The checkpoint '/home/krzeslaav/SEM_1/sdup_project/STFT_FPGA/stft_v1.0.runs/main_design_stft_axis_wrapper_0_0_synth_1/main_design_stft_axis_wrapper_0_0.dcp' has been generated.
INFO: [Vivado 12-24828] Executing command : report_utilization -file main_design_stft_axis_wrapper_0_0_utilization_synth.rpt -pb main_design_stft_axis_wrapper_0_0_utilization_synth.pb
INFO: [Common 17-206] Exiting Vivado at Sun Jun 14 21:25:10 2026...
