
*** Running vivado
    with args -log main_design_axi_smc_0.vds -m64 -product Vivado -mode batch -messageDb vivado.pb -notrace -source main_design_axi_smc_0.tcl


****** Vivado v2025.2 (64-bit)
  **** SW Build 6299465 on Fri Nov 14 12:34:56 MST 2025
  **** IP Build 6300035 on Fri Nov 14 10:48:45 MST 2025
  **** SharedData Build 6298862 on Thu Nov 13 04:50:51 MST 2025
  **** Start of session at: Sun Jun 14 14:14:03 2026
    ** Copyright 1986-2022 Xilinx, Inc. All Rights Reserved.
    ** Copyright 2022-2025 Advanced Micro Devices, Inc. All Rights Reserved.

source main_design_axi_smc_0.tcl -notrace
create_project: Time (s): cpu = 00:00:11 ; elapsed = 00:00:11 . Memory (MB): peak = 1654.879 ; gain = 224.121 ; free physical = 175 ; free virtual = 9493
INFO: [IP_Flow 19-234] Refreshing IP repositories
INFO: [IP_Flow 19-1700] Loaded user IP repository '/home/krzeslaav/SEM_1/sdup_project/STFT_IP_PACKAGE'.
INFO: [IP_Flow 19-2313] Loaded Vivado IP repository '/home/krzeslaav/Programs/vivado25/2025.2/data/ip'.
Command: synth_design -top main_design_axi_smc_0 -part xck26-sfvc784-2LV-c -incremental_mode off -mode out_of_context
Starting synth_design
Attempting to get a license for feature 'Synthesis' and/or device 'xck26'
INFO: [Common 17-349] Got license for feature 'Synthesis' and/or device 'xck26'
INFO: [Device 21-403] Loading part xck26-sfvc784-2LV-c
INFO: [Synth 8-7079] Multithreading enabled for synth_design using a maximum of 7 processes.
INFO: [Synth 8-7078] Launching helper process for spawning children vivado processes
INFO: [Synth 8-7075] Helper process launched with PID 74810
---------------------------------------------------------------------------------
Starting RTL Elaboration : Time (s): cpu = 00:00:08 ; elapsed = 00:00:17 . Memory (MB): peak = 2788.410 ; gain = 149.688 ; free physical = 181 ; free virtual = 3704
---------------------------------------------------------------------------------
INFO: [Synth 8-6157] synthesizing module 'main_design_axi_smc_0' [/home/krzeslaav/SEM_1/sdup_project/STFT_FPGA/stft_v1.0.gen/sources_1/bd/main_design/ip/main_design_axi_smc_0/synth/main_design_axi_smc_0.v:53]
INFO: [Synth 8-6157] synthesizing module 'bd_ad5e' [/home/krzeslaav/SEM_1/sdup_project/STFT_FPGA/stft_v1.0.gen/sources_1/bd/main_design/ip/main_design_axi_smc_0/bd_0/synth/bd_ad5e.v:10]
INFO: [Synth 8-6157] synthesizing module 'clk_map_imp_XBUE0X' [/home/krzeslaav/SEM_1/sdup_project/STFT_FPGA/stft_v1.0.gen/sources_1/bd/main_design/ip/main_design_axi_smc_0/bd_0/synth/bd_ad5e.v:1612]
INFO: [Synth 8-638] synthesizing module 'bd_ad5e_psr_aclk_0' [/home/krzeslaav/SEM_1/sdup_project/STFT_FPGA/stft_v1.0.gen/sources_1/bd/main_design/ip/main_design_axi_smc_0/bd_0/ip/ip_1/synth/bd_ad5e_psr_aclk_0.vhd:74]
	Parameter C_FAMILY bound to: zynquplus - type: string 
	Parameter C_EXT_RST_WIDTH bound to: 4 - type: integer 
	Parameter C_AUX_RST_WIDTH bound to: 1 - type: integer 
	Parameter C_EXT_RESET_HIGH bound to: 1'b0 
	Parameter C_AUX_RESET_HIGH bound to: 1'b0 
	Parameter C_NUM_BUS_RST bound to: 1 - type: integer 
	Parameter C_NUM_PERP_RST bound to: 1 - type: integer 
	Parameter C_NUM_INTERCONNECT_ARESETN bound to: 1 - type: integer 
	Parameter C_NUM_PERP_ARESETN bound to: 1 - type: integer 
INFO: [Synth 8-3491] module 'proc_sys_reset' declared at '/home/krzeslaav/SEM_1/sdup_project/STFT_FPGA/stft_v1.0.gen/sources_1/bd/main_design/ipshared/9438/hdl/proc_sys_reset_v5_0_vh_rfs.vhd:1243' bound to instance 'U0' of component 'proc_sys_reset' [/home/krzeslaav/SEM_1/sdup_project/STFT_FPGA/stft_v1.0.gen/sources_1/bd/main_design/ip/main_design_axi_smc_0/bd_0/ip/ip_1/synth/bd_ad5e_psr_aclk_0.vhd:139]
INFO: [Synth 8-638] synthesizing module 'proc_sys_reset' [/home/krzeslaav/SEM_1/sdup_project/STFT_FPGA/stft_v1.0.gen/sources_1/bd/main_design/ipshared/9438/hdl/proc_sys_reset_v5_0_vh_rfs.vhd:1302]
	Parameter INIT bound to: 1'b1 
INFO: [Synth 8-113] binding component instance 'FDRE_inst' to cell 'FDRE' [/home/krzeslaav/SEM_1/sdup_project/STFT_FPGA/stft_v1.0.gen/sources_1/bd/main_design/ipshared/9438/hdl/proc_sys_reset_v5_0_vh_rfs.vhd:1371]
	Parameter INIT bound to: 1'b1 
INFO: [Synth 8-113] binding component instance 'FDRE_BSR' to cell 'FDRE' [/home/krzeslaav/SEM_1/sdup_project/STFT_FPGA/stft_v1.0.gen/sources_1/bd/main_design/ipshared/9438/hdl/proc_sys_reset_v5_0_vh_rfs.vhd:1387]
	Parameter INIT bound to: 1'b0 
INFO: [Synth 8-113] binding component instance 'FDRE_BSR_N' to cell 'FDRE' [/home/krzeslaav/SEM_1/sdup_project/STFT_FPGA/stft_v1.0.gen/sources_1/bd/main_design/ipshared/9438/hdl/proc_sys_reset_v5_0_vh_rfs.vhd:1413]
	Parameter INIT bound to: 1'b1 
INFO: [Synth 8-113] binding component instance 'FDRE_PER' to cell 'FDRE' [/home/krzeslaav/SEM_1/sdup_project/STFT_FPGA/stft_v1.0.gen/sources_1/bd/main_design/ipshared/9438/hdl/proc_sys_reset_v5_0_vh_rfs.vhd:1436]
	Parameter INIT bound to: 1'b0 
INFO: [Synth 8-113] binding component instance 'FDRE_PER_N' to cell 'FDRE' [/home/krzeslaav/SEM_1/sdup_project/STFT_FPGA/stft_v1.0.gen/sources_1/bd/main_design/ipshared/9438/hdl/proc_sys_reset_v5_0_vh_rfs.vhd:1460]
INFO: [Synth 8-638] synthesizing module 'lpf' [/home/krzeslaav/SEM_1/sdup_project/STFT_FPGA/stft_v1.0.gen/sources_1/bd/main_design/ipshared/9438/hdl/proc_sys_reset_v5_0_vh_rfs.vhd:821]
INFO: [Synth 8-3491] module 'SRL16' declared at '/home/krzeslaav/Programs/vivado25/2025.2/Vivado/scripts/rt/data/unisim_comp.v:165318' bound to instance 'POR_SRL_I' of component 'SRL16' [/home/krzeslaav/SEM_1/sdup_project/STFT_FPGA/stft_v1.0.gen/sources_1/bd/main_design/ipshared/9438/hdl/proc_sys_reset_v5_0_vh_rfs.vhd:873]
INFO: [Synth 8-6157] synthesizing module 'SRL16' [/home/krzeslaav/Programs/vivado25/2025.2/Vivado/scripts/rt/data/unisim_comp.v:165318]
INFO: [Synth 8-6155] done synthesizing module 'SRL16' (0#1) [/home/krzeslaav/Programs/vivado25/2025.2/Vivado/scripts/rt/data/unisim_comp.v:165318]
	Parameter DEST_SYNC_FF bound to: 4 - type: integer 
	Parameter INIT_SYNC_FF bound to: 0 - type: integer 
	Parameter SIM_ASSERT_CHK bound to: 0 - type: integer 
	Parameter SRC_INPUT_REG bound to: 0 - type: integer 
INFO: [Synth 8-3491] module 'xpm_cdc_single' declared at '/home/krzeslaav/Programs/vivado25/2025.2/data/ip/xpm/xpm_cdc/hdl/xpm_cdc.sv:152' bound to instance 'ACT_LO_EXT' of component 'xpm_cdc_single' [/home/krzeslaav/SEM_1/sdup_project/STFT_FPGA/stft_v1.0.gen/sources_1/bd/main_design/ipshared/9438/hdl/proc_sys_reset_v5_0_vh_rfs.vhd:968]
INFO: [Synth 8-6157] synthesizing module 'xpm_cdc_single' [/home/krzeslaav/Programs/vivado25/2025.2/data/ip/xpm/xpm_cdc/hdl/xpm_cdc.sv:152]
INFO: [Synth 8-6155] done synthesizing module 'xpm_cdc_single' (0#1) [/home/krzeslaav/Programs/vivado25/2025.2/data/ip/xpm/xpm_cdc/hdl/xpm_cdc.sv:152]
	Parameter DEST_SYNC_FF bound to: 4 - type: integer 
	Parameter INIT_SYNC_FF bound to: 0 - type: integer 
	Parameter SIM_ASSERT_CHK bound to: 0 - type: integer 
	Parameter SRC_INPUT_REG bound to: 0 - type: integer 
INFO: [Synth 8-3491] module 'xpm_cdc_single' declared at '/home/krzeslaav/Programs/vivado25/2025.2/data/ip/xpm/xpm_cdc/hdl/xpm_cdc.sv:152' bound to instance 'ACT_LO_AUX' of component 'xpm_cdc_single' [/home/krzeslaav/SEM_1/sdup_project/STFT_FPGA/stft_v1.0.gen/sources_1/bd/main_design/ipshared/9438/hdl/proc_sys_reset_v5_0_vh_rfs.vhd:1015]
INFO: [Synth 8-256] done synthesizing module 'lpf' (0#1) [/home/krzeslaav/SEM_1/sdup_project/STFT_FPGA/stft_v1.0.gen/sources_1/bd/main_design/ipshared/9438/hdl/proc_sys_reset_v5_0_vh_rfs.vhd:821]
INFO: [Synth 8-638] synthesizing module 'sequence_psr' [/home/krzeslaav/SEM_1/sdup_project/STFT_FPGA/stft_v1.0.gen/sources_1/bd/main_design/ipshared/9438/hdl/proc_sys_reset_v5_0_vh_rfs.vhd:304]
INFO: [Synth 8-638] synthesizing module 'upcnt_n' [/home/krzeslaav/SEM_1/sdup_project/STFT_FPGA/stft_v1.0.gen/sources_1/bd/main_design/ipshared/9438/hdl/proc_sys_reset_v5_0_vh_rfs.vhd:126]
INFO: [Synth 8-256] done synthesizing module 'upcnt_n' (0#1) [/home/krzeslaav/SEM_1/sdup_project/STFT_FPGA/stft_v1.0.gen/sources_1/bd/main_design/ipshared/9438/hdl/proc_sys_reset_v5_0_vh_rfs.vhd:126]
INFO: [Synth 8-256] done synthesizing module 'sequence_psr' (0#1) [/home/krzeslaav/SEM_1/sdup_project/STFT_FPGA/stft_v1.0.gen/sources_1/bd/main_design/ipshared/9438/hdl/proc_sys_reset_v5_0_vh_rfs.vhd:304]
INFO: [Synth 8-256] done synthesizing module 'proc_sys_reset' (0#1) [/home/krzeslaav/SEM_1/sdup_project/STFT_FPGA/stft_v1.0.gen/sources_1/bd/main_design/ipshared/9438/hdl/proc_sys_reset_v5_0_vh_rfs.vhd:1302]
INFO: [Synth 8-256] done synthesizing module 'bd_ad5e_psr_aclk_0' (0#1) [/home/krzeslaav/SEM_1/sdup_project/STFT_FPGA/stft_v1.0.gen/sources_1/bd/main_design/ip/main_design_axi_smc_0/bd_0/ip/ip_1/synth/bd_ad5e_psr_aclk_0.vhd:74]
WARNING: [Synth 8-7071] port 'mb_reset' of module 'bd_ad5e_psr_aclk_0' is unconnected for instance 'psr_aclk' [/home/krzeslaav/SEM_1/sdup_project/STFT_FPGA/stft_v1.0.gen/sources_1/bd/main_design/ip/main_design_axi_smc_0/bd_0/synth/bd_ad5e.v:1655]
WARNING: [Synth 8-7071] port 'bus_struct_reset' of module 'bd_ad5e_psr_aclk_0' is unconnected for instance 'psr_aclk' [/home/krzeslaav/SEM_1/sdup_project/STFT_FPGA/stft_v1.0.gen/sources_1/bd/main_design/ip/main_design_axi_smc_0/bd_0/synth/bd_ad5e.v:1655]
WARNING: [Synth 8-7071] port 'peripheral_reset' of module 'bd_ad5e_psr_aclk_0' is unconnected for instance 'psr_aclk' [/home/krzeslaav/SEM_1/sdup_project/STFT_FPGA/stft_v1.0.gen/sources_1/bd/main_design/ip/main_design_axi_smc_0/bd_0/synth/bd_ad5e.v:1655]
WARNING: [Synth 8-7071] port 'peripheral_aresetn' of module 'bd_ad5e_psr_aclk_0' is unconnected for instance 'psr_aclk' [/home/krzeslaav/SEM_1/sdup_project/STFT_FPGA/stft_v1.0.gen/sources_1/bd/main_design/ip/main_design_axi_smc_0/bd_0/synth/bd_ad5e.v:1655]
WARNING: [Synth 8-7023] instance 'psr_aclk' of module 'bd_ad5e_psr_aclk_0' has 10 connections declared, but only 6 given [/home/krzeslaav/SEM_1/sdup_project/STFT_FPGA/stft_v1.0.gen/sources_1/bd/main_design/ip/main_design_axi_smc_0/bd_0/synth/bd_ad5e.v:1655]
INFO: [Synth 8-6155] done synthesizing module 'clk_map_imp_XBUE0X' (0#1) [/home/krzeslaav/SEM_1/sdup_project/STFT_FPGA/stft_v1.0.gen/sources_1/bd/main_design/ip/main_design_axi_smc_0/bd_0/synth/bd_ad5e.v:1612]
INFO: [Synth 8-6157] synthesizing module 'm00_exit_pipeline_imp_ZPHHZU' [/home/krzeslaav/SEM_1/sdup_project/STFT_FPGA/stft_v1.0.gen/sources_1/bd/main_design/ip/main_design_axi_smc_0/bd_0/synth/bd_ad5e.v:1915]
INFO: [Synth 8-6157] synthesizing module 'bd_ad5e_m00e_0' [/home/krzeslaav/SEM_1/sdup_project/STFT_FPGA/stft_v1.0.gen/sources_1/bd/main_design/ip/main_design_axi_smc_0/bd_0/ip/ip_41/synth/bd_ad5e_m00e_0.sv:53]
INFO: [Synth 8-6157] synthesizing module 'xpm_cdc_async_rst' [/home/krzeslaav/Programs/vivado25/2025.2/data/ip/xpm/xpm_cdc/hdl/xpm_cdc.sv:1175]
INFO: [Synth 8-6155] done synthesizing module 'xpm_cdc_async_rst' (0#1) [/home/krzeslaav/Programs/vivado25/2025.2/data/ip/xpm/xpm_cdc/hdl/xpm_cdc.sv:1175]
INFO: [Synth 8-6155] done synthesizing module 'bd_ad5e_m00e_0' (0#1) [/home/krzeslaav/SEM_1/sdup_project/STFT_FPGA/stft_v1.0.gen/sources_1/bd/main_design/ip/main_design_axi_smc_0/bd_0/ip/ip_41/synth/bd_ad5e_m00e_0.sv:53]
INFO: [Synth 8-6155] done synthesizing module 'm00_exit_pipeline_imp_ZPHHZU' (0#1) [/home/krzeslaav/SEM_1/sdup_project/STFT_FPGA/stft_v1.0.gen/sources_1/bd/main_design/ip/main_design_axi_smc_0/bd_0/synth/bd_ad5e.v:1915]
INFO: [Synth 8-6157] synthesizing module 'm00_nodes_imp_1LUUD12' [/home/krzeslaav/SEM_1/sdup_project/STFT_FPGA/stft_v1.0.gen/sources_1/bd/main_design/ip/main_design_axi_smc_0/bd_0/synth/bd_ad5e.v:2157]
INFO: [Synth 8-6157] synthesizing module 'bd_ad5e_m00arn_0' [/home/krzeslaav/SEM_1/sdup_project/STFT_FPGA/stft_v1.0.gen/sources_1/bd/main_design/ip/main_design_axi_smc_0/bd_0/ip/ip_36/synth/bd_ad5e_m00arn_0.sv:53]
INFO: [Synth 8-6155] done synthesizing module 'bd_ad5e_m00arn_0' (0#1) [/home/krzeslaav/SEM_1/sdup_project/STFT_FPGA/stft_v1.0.gen/sources_1/bd/main_design/ip/main_design_axi_smc_0/bd_0/ip/ip_36/synth/bd_ad5e_m00arn_0.sv:53]
INFO: [Synth 8-6157] synthesizing module 'bd_ad5e_m00awn_0' [/home/krzeslaav/SEM_1/sdup_project/STFT_FPGA/stft_v1.0.gen/sources_1/bd/main_design/ip/main_design_axi_smc_0/bd_0/ip/ip_38/synth/bd_ad5e_m00awn_0.sv:53]
INFO: [Synth 8-6155] done synthesizing module 'bd_ad5e_m00awn_0' (0#1) [/home/krzeslaav/SEM_1/sdup_project/STFT_FPGA/stft_v1.0.gen/sources_1/bd/main_design/ip/main_design_axi_smc_0/bd_0/ip/ip_38/synth/bd_ad5e_m00awn_0.sv:53]
INFO: [Synth 8-6157] synthesizing module 'bd_ad5e_m00bn_0' [/home/krzeslaav/SEM_1/sdup_project/STFT_FPGA/stft_v1.0.gen/sources_1/bd/main_design/ip/main_design_axi_smc_0/bd_0/ip/ip_40/synth/bd_ad5e_m00bn_0.sv:53]
INFO: [Synth 8-6155] done synthesizing module 'bd_ad5e_m00bn_0' (0#1) [/home/krzeslaav/SEM_1/sdup_project/STFT_FPGA/stft_v1.0.gen/sources_1/bd/main_design/ip/main_design_axi_smc_0/bd_0/ip/ip_40/synth/bd_ad5e_m00bn_0.sv:53]
INFO: [Synth 8-6157] synthesizing module 'bd_ad5e_m00rn_0' [/home/krzeslaav/SEM_1/sdup_project/STFT_FPGA/stft_v1.0.gen/sources_1/bd/main_design/ip/main_design_axi_smc_0/bd_0/ip/ip_37/synth/bd_ad5e_m00rn_0.sv:53]
INFO: [Synth 8-6155] done synthesizing module 'bd_ad5e_m00rn_0' (0#1) [/home/krzeslaav/SEM_1/sdup_project/STFT_FPGA/stft_v1.0.gen/sources_1/bd/main_design/ip/main_design_axi_smc_0/bd_0/ip/ip_37/synth/bd_ad5e_m00rn_0.sv:53]
INFO: [Synth 8-6157] synthesizing module 'bd_ad5e_m00wn_0' [/home/krzeslaav/SEM_1/sdup_project/STFT_FPGA/stft_v1.0.gen/sources_1/bd/main_design/ip/main_design_axi_smc_0/bd_0/ip/ip_39/synth/bd_ad5e_m00wn_0.sv:53]
INFO: [Synth 8-6155] done synthesizing module 'bd_ad5e_m00wn_0' (0#1) [/home/krzeslaav/SEM_1/sdup_project/STFT_FPGA/stft_v1.0.gen/sources_1/bd/main_design/ip/main_design_axi_smc_0/bd_0/ip/ip_39/synth/bd_ad5e_m00wn_0.sv:53]
INFO: [Synth 8-6155] done synthesizing module 'm00_nodes_imp_1LUUD12' (0#1) [/home/krzeslaav/SEM_1/sdup_project/STFT_FPGA/stft_v1.0.gen/sources_1/bd/main_design/ip/main_design_axi_smc_0/bd_0/synth/bd_ad5e.v:2157]
INFO: [Synth 8-6157] synthesizing module 'bd_ad5e_m00s2a_0' [/home/krzeslaav/SEM_1/sdup_project/STFT_FPGA/stft_v1.0.gen/sources_1/bd/main_design/ip/main_design_axi_smc_0/bd_0/ip/ip_35/synth/bd_ad5e_m00s2a_0.sv:53]
INFO: [Synth 8-6155] done synthesizing module 'bd_ad5e_m00s2a_0' (0#1) [/home/krzeslaav/SEM_1/sdup_project/STFT_FPGA/stft_v1.0.gen/sources_1/bd/main_design/ip/main_design_axi_smc_0/bd_0/ip/ip_35/synth/bd_ad5e_m00s2a_0.sv:53]
INFO: [Synth 8-6157] synthesizing module 'm01_exit_pipeline_imp_162AZYY' [/home/krzeslaav/SEM_1/sdup_project/STFT_FPGA/stft_v1.0.gen/sources_1/bd/main_design/ip/main_design_axi_smc_0/bd_0/synth/bd_ad5e.v:2399]
INFO: [Synth 8-6157] synthesizing module 'bd_ad5e_m01e_0' [/home/krzeslaav/SEM_1/sdup_project/STFT_FPGA/stft_v1.0.gen/sources_1/bd/main_design/ip/main_design_axi_smc_0/bd_0/ip/ip_48/synth/bd_ad5e_m01e_0.sv:53]
INFO: [Synth 8-6155] done synthesizing module 'bd_ad5e_m01e_0' (0#1) [/home/krzeslaav/SEM_1/sdup_project/STFT_FPGA/stft_v1.0.gen/sources_1/bd/main_design/ip/main_design_axi_smc_0/bd_0/ip/ip_48/synth/bd_ad5e_m01e_0.sv:53]
INFO: [Synth 8-6155] done synthesizing module 'm01_exit_pipeline_imp_162AZYY' (0#1) [/home/krzeslaav/SEM_1/sdup_project/STFT_FPGA/stft_v1.0.gen/sources_1/bd/main_design/ip/main_design_axi_smc_0/bd_0/synth/bd_ad5e.v:2399]
INFO: [Synth 8-6157] synthesizing module 'm01_nodes_imp_LIK5C0' [/home/krzeslaav/SEM_1/sdup_project/STFT_FPGA/stft_v1.0.gen/sources_1/bd/main_design/ip/main_design_axi_smc_0/bd_0/synth/bd_ad5e.v:2641]
INFO: [Synth 8-6157] synthesizing module 'bd_ad5e_m01arn_0' [/home/krzeslaav/SEM_1/sdup_project/STFT_FPGA/stft_v1.0.gen/sources_1/bd/main_design/ip/main_design_axi_smc_0/bd_0/ip/ip_43/synth/bd_ad5e_m01arn_0.sv:53]
INFO: [Synth 8-6155] done synthesizing module 'bd_ad5e_m01arn_0' (0#1) [/home/krzeslaav/SEM_1/sdup_project/STFT_FPGA/stft_v1.0.gen/sources_1/bd/main_design/ip/main_design_axi_smc_0/bd_0/ip/ip_43/synth/bd_ad5e_m01arn_0.sv:53]
INFO: [Synth 8-6157] synthesizing module 'bd_ad5e_m01awn_0' [/home/krzeslaav/SEM_1/sdup_project/STFT_FPGA/stft_v1.0.gen/sources_1/bd/main_design/ip/main_design_axi_smc_0/bd_0/ip/ip_45/synth/bd_ad5e_m01awn_0.sv:53]
INFO: [Synth 8-6155] done synthesizing module 'bd_ad5e_m01awn_0' (0#1) [/home/krzeslaav/SEM_1/sdup_project/STFT_FPGA/stft_v1.0.gen/sources_1/bd/main_design/ip/main_design_axi_smc_0/bd_0/ip/ip_45/synth/bd_ad5e_m01awn_0.sv:53]
INFO: [Synth 8-6157] synthesizing module 'bd_ad5e_m01bn_0' [/home/krzeslaav/SEM_1/sdup_project/STFT_FPGA/stft_v1.0.gen/sources_1/bd/main_design/ip/main_design_axi_smc_0/bd_0/ip/ip_47/synth/bd_ad5e_m01bn_0.sv:53]
INFO: [Synth 8-6155] done synthesizing module 'bd_ad5e_m01bn_0' (0#1) [/home/krzeslaav/SEM_1/sdup_project/STFT_FPGA/stft_v1.0.gen/sources_1/bd/main_design/ip/main_design_axi_smc_0/bd_0/ip/ip_47/synth/bd_ad5e_m01bn_0.sv:53]
INFO: [Synth 8-6157] synthesizing module 'bd_ad5e_m01rn_0' [/home/krzeslaav/SEM_1/sdup_project/STFT_FPGA/stft_v1.0.gen/sources_1/bd/main_design/ip/main_design_axi_smc_0/bd_0/ip/ip_44/synth/bd_ad5e_m01rn_0.sv:53]
INFO: [Synth 8-6155] done synthesizing module 'bd_ad5e_m01rn_0' (0#1) [/home/krzeslaav/SEM_1/sdup_project/STFT_FPGA/stft_v1.0.gen/sources_1/bd/main_design/ip/main_design_axi_smc_0/bd_0/ip/ip_44/synth/bd_ad5e_m01rn_0.sv:53]
INFO: [Synth 8-6157] synthesizing module 'bd_ad5e_m01wn_0' [/home/krzeslaav/SEM_1/sdup_project/STFT_FPGA/stft_v1.0.gen/sources_1/bd/main_design/ip/main_design_axi_smc_0/bd_0/ip/ip_46/synth/bd_ad5e_m01wn_0.sv:53]
INFO: [Synth 8-6155] done synthesizing module 'bd_ad5e_m01wn_0' (0#1) [/home/krzeslaav/SEM_1/sdup_project/STFT_FPGA/stft_v1.0.gen/sources_1/bd/main_design/ip/main_design_axi_smc_0/bd_0/ip/ip_46/synth/bd_ad5e_m01wn_0.sv:53]
INFO: [Synth 8-6155] done synthesizing module 'm01_nodes_imp_LIK5C0' (0#1) [/home/krzeslaav/SEM_1/sdup_project/STFT_FPGA/stft_v1.0.gen/sources_1/bd/main_design/ip/main_design_axi_smc_0/bd_0/synth/bd_ad5e.v:2641]
INFO: [Synth 8-6157] synthesizing module 'bd_ad5e_m01s2a_0' [/home/krzeslaav/SEM_1/sdup_project/STFT_FPGA/stft_v1.0.gen/sources_1/bd/main_design/ip/main_design_axi_smc_0/bd_0/ip/ip_42/synth/bd_ad5e_m01s2a_0.sv:53]
INFO: [Synth 8-6155] done synthesizing module 'bd_ad5e_m01s2a_0' (0#1) [/home/krzeslaav/SEM_1/sdup_project/STFT_FPGA/stft_v1.0.gen/sources_1/bd/main_design/ip/main_design_axi_smc_0/bd_0/ip/ip_42/synth/bd_ad5e_m01s2a_0.sv:53]
INFO: [Synth 8-6157] synthesizing module 'bd_ad5e_s00a2s_0' [/home/krzeslaav/SEM_1/sdup_project/STFT_FPGA/stft_v1.0.gen/sources_1/bd/main_design/ip/main_design_axi_smc_0/bd_0/ip/ip_20/synth/bd_ad5e_s00a2s_0.sv:53]
INFO: [Synth 8-6155] done synthesizing module 'bd_ad5e_s00a2s_0' (0#1) [/home/krzeslaav/SEM_1/sdup_project/STFT_FPGA/stft_v1.0.gen/sources_1/bd/main_design/ip/main_design_axi_smc_0/bd_0/ip/ip_20/synth/bd_ad5e_s00a2s_0.sv:53]
INFO: [Synth 8-6157] synthesizing module 's00_entry_pipeline_imp_ZWYMX' [/home/krzeslaav/SEM_1/sdup_project/STFT_FPGA/stft_v1.0.gen/sources_1/bd/main_design/ip/main_design_axi_smc_0/bd_0/synth/bd_ad5e.v:2883]
INFO: [Synth 8-6157] synthesizing module 'bd_ad5e_s00mmu_0' [/home/krzeslaav/SEM_1/sdup_project/STFT_FPGA/stft_v1.0.gen/sources_1/bd/main_design/ip/main_design_axi_smc_0/bd_0/ip/ip_17/synth/bd_ad5e_s00mmu_0.sv:53]
INFO: [Synth 8-6155] done synthesizing module 'bd_ad5e_s00mmu_0' (0#1) [/home/krzeslaav/SEM_1/sdup_project/STFT_FPGA/stft_v1.0.gen/sources_1/bd/main_design/ip/main_design_axi_smc_0/bd_0/ip/ip_17/synth/bd_ad5e_s00mmu_0.sv:53]
INFO: [Synth 8-6157] synthesizing module 'bd_ad5e_s00sic_0' [/home/krzeslaav/SEM_1/sdup_project/STFT_FPGA/stft_v1.0.gen/sources_1/bd/main_design/ip/main_design_axi_smc_0/bd_0/ip/ip_19/synth/bd_ad5e_s00sic_0.sv:53]
INFO: [Synth 8-6155] done synthesizing module 'bd_ad5e_s00sic_0' (0#1) [/home/krzeslaav/SEM_1/sdup_project/STFT_FPGA/stft_v1.0.gen/sources_1/bd/main_design/ip/main_design_axi_smc_0/bd_0/ip/ip_19/synth/bd_ad5e_s00sic_0.sv:53]
INFO: [Synth 8-6157] synthesizing module 'bd_ad5e_s00tr_0' [/home/krzeslaav/SEM_1/sdup_project/STFT_FPGA/stft_v1.0.gen/sources_1/bd/main_design/ip/main_design_axi_smc_0/bd_0/ip/ip_18/synth/bd_ad5e_s00tr_0.sv:53]
INFO: [Synth 8-6155] done synthesizing module 'bd_ad5e_s00tr_0' (0#1) [/home/krzeslaav/SEM_1/sdup_project/STFT_FPGA/stft_v1.0.gen/sources_1/bd/main_design/ip/main_design_axi_smc_0/bd_0/ip/ip_18/synth/bd_ad5e_s00tr_0.sv:53]
INFO: [Synth 8-6155] done synthesizing module 's00_entry_pipeline_imp_ZWYMX' (0#1) [/home/krzeslaav/SEM_1/sdup_project/STFT_FPGA/stft_v1.0.gen/sources_1/bd/main_design/ip/main_design_axi_smc_0/bd_0/synth/bd_ad5e.v:2883]
INFO: [Synth 8-6157] synthesizing module 's00_nodes_imp_651Q2R' [/home/krzeslaav/SEM_1/sdup_project/STFT_FPGA/stft_v1.0.gen/sources_1/bd/main_design/ip/main_design_axi_smc_0/bd_0/synth/bd_ad5e.v:3463]
INFO: [Synth 8-6157] synthesizing module 'bd_ad5e_sarn_0' [/home/krzeslaav/SEM_1/sdup_project/STFT_FPGA/stft_v1.0.gen/sources_1/bd/main_design/ip/main_design_axi_smc_0/bd_0/ip/ip_21/synth/bd_ad5e_sarn_0.sv:53]
INFO: [Synth 8-6155] done synthesizing module 'bd_ad5e_sarn_0' (0#1) [/home/krzeslaav/SEM_1/sdup_project/STFT_FPGA/stft_v1.0.gen/sources_1/bd/main_design/ip/main_design_axi_smc_0/bd_0/ip/ip_21/synth/bd_ad5e_sarn_0.sv:53]
INFO: [Synth 8-6157] synthesizing module 'bd_ad5e_sawn_0' [/home/krzeslaav/SEM_1/sdup_project/STFT_FPGA/stft_v1.0.gen/sources_1/bd/main_design/ip/main_design_axi_smc_0/bd_0/ip/ip_23/synth/bd_ad5e_sawn_0.sv:53]
INFO: [Synth 8-6155] done synthesizing module 'bd_ad5e_sawn_0' (0#1) [/home/krzeslaav/SEM_1/sdup_project/STFT_FPGA/stft_v1.0.gen/sources_1/bd/main_design/ip/main_design_axi_smc_0/bd_0/ip/ip_23/synth/bd_ad5e_sawn_0.sv:53]
INFO: [Synth 8-6157] synthesizing module 'bd_ad5e_sbn_0' [/home/krzeslaav/SEM_1/sdup_project/STFT_FPGA/stft_v1.0.gen/sources_1/bd/main_design/ip/main_design_axi_smc_0/bd_0/ip/ip_25/synth/bd_ad5e_sbn_0.sv:53]
INFO: [Synth 8-6155] done synthesizing module 'bd_ad5e_sbn_0' (0#1) [/home/krzeslaav/SEM_1/sdup_project/STFT_FPGA/stft_v1.0.gen/sources_1/bd/main_design/ip/main_design_axi_smc_0/bd_0/ip/ip_25/synth/bd_ad5e_sbn_0.sv:53]
INFO: [Synth 8-6157] synthesizing module 'bd_ad5e_srn_0' [/home/krzeslaav/SEM_1/sdup_project/STFT_FPGA/stft_v1.0.gen/sources_1/bd/main_design/ip/main_design_axi_smc_0/bd_0/ip/ip_22/synth/bd_ad5e_srn_0.sv:53]
INFO: [Synth 8-6155] done synthesizing module 'bd_ad5e_srn_0' (0#1) [/home/krzeslaav/SEM_1/sdup_project/STFT_FPGA/stft_v1.0.gen/sources_1/bd/main_design/ip/main_design_axi_smc_0/bd_0/ip/ip_22/synth/bd_ad5e_srn_0.sv:53]
INFO: [Synth 8-6157] synthesizing module 'bd_ad5e_swn_0' [/home/krzeslaav/SEM_1/sdup_project/STFT_FPGA/stft_v1.0.gen/sources_1/bd/main_design/ip/main_design_axi_smc_0/bd_0/ip/ip_24/synth/bd_ad5e_swn_0.sv:53]
INFO: [Synth 8-6155] done synthesizing module 'bd_ad5e_swn_0' (0#1) [/home/krzeslaav/SEM_1/sdup_project/STFT_FPGA/stft_v1.0.gen/sources_1/bd/main_design/ip/main_design_axi_smc_0/bd_0/ip/ip_24/synth/bd_ad5e_swn_0.sv:53]
INFO: [Synth 8-6155] done synthesizing module 's00_nodes_imp_651Q2R' (0#1) [/home/krzeslaav/SEM_1/sdup_project/STFT_FPGA/stft_v1.0.gen/sources_1/bd/main_design/ip/main_design_axi_smc_0/bd_0/synth/bd_ad5e.v:3463]
INFO: [Synth 8-6157] synthesizing module 'bd_ad5e_s01a2s_0' [/home/krzeslaav/SEM_1/sdup_project/STFT_FPGA/stft_v1.0.gen/sources_1/bd/main_design/ip/main_design_axi_smc_0/bd_0/ip/ip_29/synth/bd_ad5e_s01a2s_0.sv:53]
INFO: [Synth 8-6155] done synthesizing module 'bd_ad5e_s01a2s_0' (0#1) [/home/krzeslaav/SEM_1/sdup_project/STFT_FPGA/stft_v1.0.gen/sources_1/bd/main_design/ip/main_design_axi_smc_0/bd_0/ip/ip_29/synth/bd_ad5e_s01a2s_0.sv:53]
INFO: [Synth 8-6157] synthesizing module 's01_entry_pipeline_imp_16FH66L' [/home/krzeslaav/SEM_1/sdup_project/STFT_FPGA/stft_v1.0.gen/sources_1/bd/main_design/ip/main_design_axi_smc_0/bd_0/synth/bd_ad5e.v:3705]
INFO: [Synth 8-6157] synthesizing module 'bd_ad5e_s01mmu_0' [/home/krzeslaav/SEM_1/sdup_project/STFT_FPGA/stft_v1.0.gen/sources_1/bd/main_design/ip/main_design_axi_smc_0/bd_0/ip/ip_26/synth/bd_ad5e_s01mmu_0.sv:53]
INFO: [Synth 8-6155] done synthesizing module 'bd_ad5e_s01mmu_0' (0#1) [/home/krzeslaav/SEM_1/sdup_project/STFT_FPGA/stft_v1.0.gen/sources_1/bd/main_design/ip/main_design_axi_smc_0/bd_0/ip/ip_26/synth/bd_ad5e_s01mmu_0.sv:53]
INFO: [Synth 8-6157] synthesizing module 'bd_ad5e_s01sic_0' [/home/krzeslaav/SEM_1/sdup_project/STFT_FPGA/stft_v1.0.gen/sources_1/bd/main_design/ip/main_design_axi_smc_0/bd_0/ip/ip_28/synth/bd_ad5e_s01sic_0.sv:53]
INFO: [Synth 8-6155] done synthesizing module 'bd_ad5e_s01sic_0' (0#1) [/home/krzeslaav/SEM_1/sdup_project/STFT_FPGA/stft_v1.0.gen/sources_1/bd/main_design/ip/main_design_axi_smc_0/bd_0/ip/ip_28/synth/bd_ad5e_s01sic_0.sv:53]
INFO: [Synth 8-6157] synthesizing module 'bd_ad5e_s01tr_0' [/home/krzeslaav/SEM_1/sdup_project/STFT_FPGA/stft_v1.0.gen/sources_1/bd/main_design/ip/main_design_axi_smc_0/bd_0/ip/ip_27/synth/bd_ad5e_s01tr_0.sv:53]
INFO: [Synth 8-6155] done synthesizing module 'bd_ad5e_s01tr_0' (0#1) [/home/krzeslaav/SEM_1/sdup_project/STFT_FPGA/stft_v1.0.gen/sources_1/bd/main_design/ip/main_design_axi_smc_0/bd_0/ip/ip_27/synth/bd_ad5e_s01tr_0.sv:53]
INFO: [Synth 8-6155] done synthesizing module 's01_entry_pipeline_imp_16FH66L' (0#1) [/home/krzeslaav/SEM_1/sdup_project/STFT_FPGA/stft_v1.0.gen/sources_1/bd/main_design/ip/main_design_axi_smc_0/bd_0/synth/bd_ad5e.v:3705]
INFO: [Synth 8-6157] synthesizing module 's01_nodes_imp_12M9CMT' [/home/krzeslaav/SEM_1/sdup_project/STFT_FPGA/stft_v1.0.gen/sources_1/bd/main_design/ip/main_design_axi_smc_0/bd_0/synth/bd_ad5e.v:4285]
INFO: [Synth 8-6157] synthesizing module 'bd_ad5e_sarn_1' [/home/krzeslaav/SEM_1/sdup_project/STFT_FPGA/stft_v1.0.gen/sources_1/bd/main_design/ip/main_design_axi_smc_0/bd_0/ip/ip_30/synth/bd_ad5e_sarn_1.sv:53]
INFO: [Synth 8-6155] done synthesizing module 'bd_ad5e_sarn_1' (0#1) [/home/krzeslaav/SEM_1/sdup_project/STFT_FPGA/stft_v1.0.gen/sources_1/bd/main_design/ip/main_design_axi_smc_0/bd_0/ip/ip_30/synth/bd_ad5e_sarn_1.sv:53]
INFO: [Synth 8-6157] synthesizing module 'bd_ad5e_sawn_1' [/home/krzeslaav/SEM_1/sdup_project/STFT_FPGA/stft_v1.0.gen/sources_1/bd/main_design/ip/main_design_axi_smc_0/bd_0/ip/ip_32/synth/bd_ad5e_sawn_1.sv:53]
INFO: [Synth 8-6155] done synthesizing module 'bd_ad5e_sawn_1' (0#1) [/home/krzeslaav/SEM_1/sdup_project/STFT_FPGA/stft_v1.0.gen/sources_1/bd/main_design/ip/main_design_axi_smc_0/bd_0/ip/ip_32/synth/bd_ad5e_sawn_1.sv:53]
INFO: [Synth 8-6157] synthesizing module 'bd_ad5e_sbn_1' [/home/krzeslaav/SEM_1/sdup_project/STFT_FPGA/stft_v1.0.gen/sources_1/bd/main_design/ip/main_design_axi_smc_0/bd_0/ip/ip_34/synth/bd_ad5e_sbn_1.sv:53]
INFO: [Synth 8-6155] done synthesizing module 'bd_ad5e_sbn_1' (0#1) [/home/krzeslaav/SEM_1/sdup_project/STFT_FPGA/stft_v1.0.gen/sources_1/bd/main_design/ip/main_design_axi_smc_0/bd_0/ip/ip_34/synth/bd_ad5e_sbn_1.sv:53]
INFO: [Synth 8-6157] synthesizing module 'bd_ad5e_srn_1' [/home/krzeslaav/SEM_1/sdup_project/STFT_FPGA/stft_v1.0.gen/sources_1/bd/main_design/ip/main_design_axi_smc_0/bd_0/ip/ip_31/synth/bd_ad5e_srn_1.sv:53]
INFO: [Synth 8-6155] done synthesizing module 'bd_ad5e_srn_1' (0#1) [/home/krzeslaav/SEM_1/sdup_project/STFT_FPGA/stft_v1.0.gen/sources_1/bd/main_design/ip/main_design_axi_smc_0/bd_0/ip/ip_31/synth/bd_ad5e_srn_1.sv:53]
INFO: [Synth 8-6157] synthesizing module 'bd_ad5e_swn_1' [/home/krzeslaav/SEM_1/sdup_project/STFT_FPGA/stft_v1.0.gen/sources_1/bd/main_design/ip/main_design_axi_smc_0/bd_0/ip/ip_33/synth/bd_ad5e_swn_1.sv:53]
INFO: [Synth 8-6155] done synthesizing module 'bd_ad5e_swn_1' (0#1) [/home/krzeslaav/SEM_1/sdup_project/STFT_FPGA/stft_v1.0.gen/sources_1/bd/main_design/ip/main_design_axi_smc_0/bd_0/ip/ip_33/synth/bd_ad5e_swn_1.sv:53]
INFO: [Synth 8-6155] done synthesizing module 's01_nodes_imp_12M9CMT' (0#1) [/home/krzeslaav/SEM_1/sdup_project/STFT_FPGA/stft_v1.0.gen/sources_1/bd/main_design/ip/main_design_axi_smc_0/bd_0/synth/bd_ad5e.v:4285]
INFO: [Synth 8-6157] synthesizing module 'switchboards_imp_YWYV6F' [/home/krzeslaav/SEM_1/sdup_project/STFT_FPGA/stft_v1.0.gen/sources_1/bd/main_design/ip/main_design_axi_smc_0/bd_0/synth/bd_ad5e.v:4527]
INFO: [Synth 8-6157] synthesizing module 'bd_ad5e_arinsw_0' [/home/krzeslaav/SEM_1/sdup_project/STFT_FPGA/stft_v1.0.gen/sources_1/bd/main_design/ip/main_design_axi_smc_0/bd_0/ip/ip_2/synth/bd_ad5e_arinsw_0.sv:53]
INFO: [Synth 8-6155] done synthesizing module 'bd_ad5e_arinsw_0' (0#1) [/home/krzeslaav/SEM_1/sdup_project/STFT_FPGA/stft_v1.0.gen/sources_1/bd/main_design/ip/main_design_axi_smc_0/bd_0/ip/ip_2/synth/bd_ad5e_arinsw_0.sv:53]
INFO: [Synth 8-6157] synthesizing module 'bd_ad5e_aroutsw_0' [/home/krzeslaav/SEM_1/sdup_project/STFT_FPGA/stft_v1.0.gen/sources_1/bd/main_design/ip/main_design_axi_smc_0/bd_0/ip/ip_7/synth/bd_ad5e_aroutsw_0.sv:53]
INFO: [Synth 8-6155] done synthesizing module 'bd_ad5e_aroutsw_0' (0#1) [/home/krzeslaav/SEM_1/sdup_project/STFT_FPGA/stft_v1.0.gen/sources_1/bd/main_design/ip/main_design_axi_smc_0/bd_0/ip/ip_7/synth/bd_ad5e_aroutsw_0.sv:53]
INFO: [Synth 8-6157] synthesizing module 'bd_ad5e_awinsw_0' [/home/krzeslaav/SEM_1/sdup_project/STFT_FPGA/stft_v1.0.gen/sources_1/bd/main_design/ip/main_design_axi_smc_0/bd_0/ip/ip_4/synth/bd_ad5e_awinsw_0.sv:53]
INFO: [Synth 8-6155] done synthesizing module 'bd_ad5e_awinsw_0' (0#1) [/home/krzeslaav/SEM_1/sdup_project/STFT_FPGA/stft_v1.0.gen/sources_1/bd/main_design/ip/main_design_axi_smc_0/bd_0/ip/ip_4/synth/bd_ad5e_awinsw_0.sv:53]
INFO: [Synth 8-6157] synthesizing module 'bd_ad5e_awoutsw_0' [/home/krzeslaav/SEM_1/sdup_project/STFT_FPGA/stft_v1.0.gen/sources_1/bd/main_design/ip/main_design_axi_smc_0/bd_0/ip/ip_9/synth/bd_ad5e_awoutsw_0.sv:53]
INFO: [Synth 8-6155] done synthesizing module 'bd_ad5e_awoutsw_0' (0#1) [/home/krzeslaav/SEM_1/sdup_project/STFT_FPGA/stft_v1.0.gen/sources_1/bd/main_design/ip/main_design_axi_smc_0/bd_0/ip/ip_9/synth/bd_ad5e_awoutsw_0.sv:53]
INFO: [Synth 8-6157] synthesizing module 'bd_ad5e_binsw_0' [/home/krzeslaav/SEM_1/sdup_project/STFT_FPGA/stft_v1.0.gen/sources_1/bd/main_design/ip/main_design_axi_smc_0/bd_0/ip/ip_6/synth/bd_ad5e_binsw_0.sv:53]
INFO: [Synth 8-6155] done synthesizing module 'bd_ad5e_binsw_0' (0#1) [/home/krzeslaav/SEM_1/sdup_project/STFT_FPGA/stft_v1.0.gen/sources_1/bd/main_design/ip/main_design_axi_smc_0/bd_0/ip/ip_6/synth/bd_ad5e_binsw_0.sv:53]
INFO: [Synth 8-6157] synthesizing module 'bd_ad5e_boutsw_0' [/home/krzeslaav/SEM_1/sdup_project/STFT_FPGA/stft_v1.0.gen/sources_1/bd/main_design/ip/main_design_axi_smc_0/bd_0/ip/ip_11/synth/bd_ad5e_boutsw_0.sv:53]
INFO: [Synth 8-6155] done synthesizing module 'bd_ad5e_boutsw_0' (0#1) [/home/krzeslaav/SEM_1/sdup_project/STFT_FPGA/stft_v1.0.gen/sources_1/bd/main_design/ip/main_design_axi_smc_0/bd_0/ip/ip_11/synth/bd_ad5e_boutsw_0.sv:53]
INFO: [Synth 8-6157] synthesizing module 'i_nodes_imp_1FLA4XB' [/home/krzeslaav/SEM_1/sdup_project/STFT_FPGA/stft_v1.0.gen/sources_1/bd/main_design/ip/main_design_axi_smc_0/bd_0/synth/bd_ad5e.v:1664]
INFO: [Synth 8-6157] synthesizing module 'bd_ad5e_arni_0' [/home/krzeslaav/SEM_1/sdup_project/STFT_FPGA/stft_v1.0.gen/sources_1/bd/main_design/ip/main_design_axi_smc_0/bd_0/ip/ip_12/synth/bd_ad5e_arni_0.sv:53]
INFO: [Synth 8-6155] done synthesizing module 'bd_ad5e_arni_0' (0#1) [/home/krzeslaav/SEM_1/sdup_project/STFT_FPGA/stft_v1.0.gen/sources_1/bd/main_design/ip/main_design_axi_smc_0/bd_0/ip/ip_12/synth/bd_ad5e_arni_0.sv:53]
INFO: [Synth 8-6157] synthesizing module 'bd_ad5e_awni_0' [/home/krzeslaav/SEM_1/sdup_project/STFT_FPGA/stft_v1.0.gen/sources_1/bd/main_design/ip/main_design_axi_smc_0/bd_0/ip/ip_14/synth/bd_ad5e_awni_0.sv:53]
INFO: [Synth 8-6155] done synthesizing module 'bd_ad5e_awni_0' (0#1) [/home/krzeslaav/SEM_1/sdup_project/STFT_FPGA/stft_v1.0.gen/sources_1/bd/main_design/ip/main_design_axi_smc_0/bd_0/ip/ip_14/synth/bd_ad5e_awni_0.sv:53]
INFO: [Synth 8-6157] synthesizing module 'bd_ad5e_bni_0' [/home/krzeslaav/SEM_1/sdup_project/STFT_FPGA/stft_v1.0.gen/sources_1/bd/main_design/ip/main_design_axi_smc_0/bd_0/ip/ip_16/synth/bd_ad5e_bni_0.sv:53]
INFO: [Synth 8-6155] done synthesizing module 'bd_ad5e_bni_0' (0#1) [/home/krzeslaav/SEM_1/sdup_project/STFT_FPGA/stft_v1.0.gen/sources_1/bd/main_design/ip/main_design_axi_smc_0/bd_0/ip/ip_16/synth/bd_ad5e_bni_0.sv:53]
INFO: [Synth 8-6157] synthesizing module 'bd_ad5e_rni_0' [/home/krzeslaav/SEM_1/sdup_project/STFT_FPGA/stft_v1.0.gen/sources_1/bd/main_design/ip/main_design_axi_smc_0/bd_0/ip/ip_13/synth/bd_ad5e_rni_0.sv:53]
INFO: [Synth 8-6155] done synthesizing module 'bd_ad5e_rni_0' (0#1) [/home/krzeslaav/SEM_1/sdup_project/STFT_FPGA/stft_v1.0.gen/sources_1/bd/main_design/ip/main_design_axi_smc_0/bd_0/ip/ip_13/synth/bd_ad5e_rni_0.sv:53]
INFO: [Synth 8-6157] synthesizing module 'bd_ad5e_wni_0' [/home/krzeslaav/SEM_1/sdup_project/STFT_FPGA/stft_v1.0.gen/sources_1/bd/main_design/ip/main_design_axi_smc_0/bd_0/ip/ip_15/synth/bd_ad5e_wni_0.sv:53]
INFO: [Synth 8-6157] synthesizing module 'xpm_memory_sdpram' [/home/krzeslaav/Programs/vivado25/2025.2/data/ip/xpm/xpm_memory/hdl/xpm_memory.sv:8996]
INFO: [Synth 8-6157] synthesizing module 'xpm_memory_base' [/home/krzeslaav/Programs/vivado25/2025.2/data/ip/xpm/xpm_memory/hdl/xpm_memory.sv:54]
INFO: [Synth 8-6155] done synthesizing module 'xpm_memory_base' (0#1) [/home/krzeslaav/Programs/vivado25/2025.2/data/ip/xpm/xpm_memory/hdl/xpm_memory.sv:54]
INFO: [Synth 8-6155] done synthesizing module 'xpm_memory_sdpram' (0#1) [/home/krzeslaav/Programs/vivado25/2025.2/data/ip/xpm/xpm_memory/hdl/xpm_memory.sv:8996]
INFO: [Synth 8-6155] done synthesizing module 'bd_ad5e_wni_0' (0#1) [/home/krzeslaav/SEM_1/sdup_project/STFT_FPGA/stft_v1.0.gen/sources_1/bd/main_design/ip/main_design_axi_smc_0/bd_0/ip/ip_15/synth/bd_ad5e_wni_0.sv:53]
INFO: [Synth 8-6155] done synthesizing module 'i_nodes_imp_1FLA4XB' (0#1) [/home/krzeslaav/SEM_1/sdup_project/STFT_FPGA/stft_v1.0.gen/sources_1/bd/main_design/ip/main_design_axi_smc_0/bd_0/synth/bd_ad5e.v:1664]
INFO: [Synth 8-6157] synthesizing module 'bd_ad5e_rinsw_0' [/home/krzeslaav/SEM_1/sdup_project/STFT_FPGA/stft_v1.0.gen/sources_1/bd/main_design/ip/main_design_axi_smc_0/bd_0/ip/ip_3/synth/bd_ad5e_rinsw_0.sv:53]
INFO: [Synth 8-6155] done synthesizing module 'bd_ad5e_rinsw_0' (0#1) [/home/krzeslaav/SEM_1/sdup_project/STFT_FPGA/stft_v1.0.gen/sources_1/bd/main_design/ip/main_design_axi_smc_0/bd_0/ip/ip_3/synth/bd_ad5e_rinsw_0.sv:53]
INFO: [Synth 8-6157] synthesizing module 'bd_ad5e_routsw_0' [/home/krzeslaav/SEM_1/sdup_project/STFT_FPGA/stft_v1.0.gen/sources_1/bd/main_design/ip/main_design_axi_smc_0/bd_0/ip/ip_8/synth/bd_ad5e_routsw_0.sv:53]
INFO: [Synth 8-6155] done synthesizing module 'bd_ad5e_routsw_0' (0#1) [/home/krzeslaav/SEM_1/sdup_project/STFT_FPGA/stft_v1.0.gen/sources_1/bd/main_design/ip/main_design_axi_smc_0/bd_0/ip/ip_8/synth/bd_ad5e_routsw_0.sv:53]
INFO: [Synth 8-6157] synthesizing module 'bd_ad5e_winsw_0' [/home/krzeslaav/SEM_1/sdup_project/STFT_FPGA/stft_v1.0.gen/sources_1/bd/main_design/ip/main_design_axi_smc_0/bd_0/ip/ip_5/synth/bd_ad5e_winsw_0.sv:53]
INFO: [Synth 8-6155] done synthesizing module 'bd_ad5e_winsw_0' (0#1) [/home/krzeslaav/SEM_1/sdup_project/STFT_FPGA/stft_v1.0.gen/sources_1/bd/main_design/ip/main_design_axi_smc_0/bd_0/ip/ip_5/synth/bd_ad5e_winsw_0.sv:53]
INFO: [Synth 8-6157] synthesizing module 'bd_ad5e_woutsw_0' [/home/krzeslaav/SEM_1/sdup_project/STFT_FPGA/stft_v1.0.gen/sources_1/bd/main_design/ip/main_design_axi_smc_0/bd_0/ip/ip_10/synth/bd_ad5e_woutsw_0.sv:53]
INFO: [Synth 8-6155] done synthesizing module 'bd_ad5e_woutsw_0' (0#1) [/home/krzeslaav/SEM_1/sdup_project/STFT_FPGA/stft_v1.0.gen/sources_1/bd/main_design/ip/main_design_axi_smc_0/bd_0/ip/ip_10/synth/bd_ad5e_woutsw_0.sv:53]
INFO: [Synth 8-6155] done synthesizing module 'switchboards_imp_YWYV6F' (0#1) [/home/krzeslaav/SEM_1/sdup_project/STFT_FPGA/stft_v1.0.gen/sources_1/bd/main_design/ip/main_design_axi_smc_0/bd_0/synth/bd_ad5e.v:4527]
INFO: [Synth 8-6155] done synthesizing module 'bd_ad5e' (0#1) [/home/krzeslaav/SEM_1/sdup_project/STFT_FPGA/stft_v1.0.gen/sources_1/bd/main_design/ip/main_design_axi_smc_0/bd_0/synth/bd_ad5e.v:10]
INFO: [Synth 8-6155] done synthesizing module 'main_design_axi_smc_0' (0#1) [/home/krzeslaav/SEM_1/sdup_project/STFT_FPGA/stft_v1.0.gen/sources_1/bd/main_design/ip/main_design_axi_smc_0/synth/main_design_axi_smc_0.v:53]
WARNING: [Synth 8-3848] Net aresetn_out in module/entity clk_map_imp_XBUE0X does not have driver. [/home/krzeslaav/SEM_1/sdup_project/STFT_FPGA/stft_v1.0.gen/sources_1/bd/main_design/ip/main_design_axi_smc_0/bd_0/synth/bd_ad5e.v:1636]
INFO: [Synth 8-4490] FSM extraction disabled for register 'gen_pipelined.state_reg' through user attribute
INFO: [Synth 8-4490] FSM extraction disabled for register 'gen_pipelined.state_reg' through user attribute
INFO: [Synth 8-4490] FSM extraction disabled for register 'gen_pipelined.state_reg' through user attribute
INFO: [Synth 8-4490] FSM extraction disabled for register 'gen_pipelined.state_reg' through user attribute
INFO: [Synth 8-4490] FSM extraction disabled for register 'gen_pipelined.state_reg' through user attribute
INFO: [Synth 8-7129] Port aclk in module sc_util_v1_0_4_pipeline__parameterized4 is either unconnected or has no load
INFO: [Synth 8-7129] Port aclken in module sc_util_v1_0_4_pipeline__parameterized4 is either unconnected or has no load
INFO: [Synth 8-7129] Port areset in module sc_util_v1_0_4_pipeline__parameterized4 is either unconnected or has no load
INFO: [Synth 8-7129] Port aclk in module sc_util_v1_0_4_pipeline__parameterized0 is either unconnected or has no load
INFO: [Synth 8-7129] Port aclken in module sc_util_v1_0_4_pipeline__parameterized0 is either unconnected or has no load
INFO: [Synth 8-7129] Port areset in module sc_util_v1_0_4_pipeline__parameterized0 is either unconnected or has no load
INFO: [Synth 8-7129] Port din[0] in module sc_util_v1_0_4_onehot_to_binary__parameterized1 is either unconnected or has no load
INFO: [Synth 8-7129] Port connectivity[1] in module sc_switchboard_v1_0_9_top__parameterized6 is either unconnected or has no load
INFO: [Synth 8-7129] Port connectivity[0] in module sc_switchboard_v1_0_9_top__parameterized6 is either unconnected or has no load
INFO: [Synth 8-7129] Port din[0] in module sc_util_v1_0_4_onehot_to_binary__parameterized0 is either unconnected or has no load
INFO: [Synth 8-7129] Port connectivity[1] in module sc_switchboard_v1_0_9_top__parameterized5 is either unconnected or has no load
INFO: [Synth 8-7129] Port connectivity[0] in module sc_switchboard_v1_0_9_top__parameterized5 is either unconnected or has no load
INFO: [Synth 8-7129] Port aclk in module sc_util_v1_0_4_pipeline__parameterized3 is either unconnected or has no load
INFO: [Synth 8-7129] Port aclken in module sc_util_v1_0_4_pipeline__parameterized3 is either unconnected or has no load
INFO: [Synth 8-7129] Port areset in module sc_util_v1_0_4_pipeline__parameterized3 is either unconnected or has no load
INFO: [Synth 8-7129] Port connectivity[1] in module sc_switchboard_v1_0_9_top__parameterized4 is either unconnected or has no load
INFO: [Synth 8-7129] Port connectivity[0] in module sc_switchboard_v1_0_9_top__parameterized4 is either unconnected or has no load
INFO: [Synth 8-7129] Port connectivity[1] in module sc_switchboard_v1_0_9_top__parameterized3 is either unconnected or has no load
INFO: [Synth 8-7129] Port connectivity[0] in module sc_switchboard_v1_0_9_top__parameterized3 is either unconnected or has no load
INFO: [Synth 8-7129] Port din[0] in module sc_util_v1_0_4_onehot_to_binary__parameterized2 is either unconnected or has no load
INFO: [Synth 8-7129] Port aclk in module sc_util_v1_0_4_pipeline__parameterized5 is either unconnected or has no load
INFO: [Synth 8-7129] Port aclken in module sc_util_v1_0_4_pipeline__parameterized5 is either unconnected or has no load
INFO: [Synth 8-7129] Port areset in module sc_util_v1_0_4_pipeline__parameterized5 is either unconnected or has no load
INFO: [Synth 8-7129] Port slow_clk in module sc_util_v1_0_4_sample_cycle_ratio is either unconnected or has no load
INFO: [Synth 8-7129] Port fast_clk in module sc_util_v1_0_4_sample_cycle_ratio is either unconnected or has no load
INFO: [Synth 8-7129] Port aclk in module sc_util_v1_0_4_pipeline__parameterized11 is either unconnected or has no load
INFO: [Synth 8-7129] Port aclken in module sc_util_v1_0_4_pipeline__parameterized11 is either unconnected or has no load
INFO: [Synth 8-7129] Port areset in module sc_util_v1_0_4_pipeline__parameterized11 is either unconnected or has no load
INFO: [Synth 8-7129] Port aclk in module sc_node_v1_0_19_reg_slice3 is either unconnected or has no load
INFO: [Synth 8-7129] Port aclken in module sc_node_v1_0_19_reg_slice3 is either unconnected or has no load
INFO: [Synth 8-7129] Port areset in module sc_node_v1_0_19_reg_slice3 is either unconnected or has no load
INFO: [Synth 8-7129] Port aclk in module sc_util_v1_0_4_pipeline__parameterized10 is either unconnected or has no load
INFO: [Synth 8-7129] Port aclken in module sc_util_v1_0_4_pipeline__parameterized10 is either unconnected or has no load
INFO: [Synth 8-7129] Port areset in module sc_util_v1_0_4_pipeline__parameterized10 is either unconnected or has no load
INFO: [Synth 8-7129] Port aclk in module sc_node_v1_0_19_reg_slice3__parameterized0 is either unconnected or has no load
INFO: [Synth 8-7129] Port aclken in module sc_node_v1_0_19_reg_slice3__parameterized0 is either unconnected or has no load
INFO: [Synth 8-7129] Port areset in module sc_node_v1_0_19_reg_slice3__parameterized0 is either unconnected or has no load
INFO: [Synth 8-7129] Port fifo_req_reqsend[19] in module sc_node_v1_0_19_downsizer is either unconnected or has no load
INFO: [Synth 8-7129] Port fifo_req_reqsend[18] in module sc_node_v1_0_19_downsizer is either unconnected or has no load
INFO: [Synth 8-7129] Port fifo_req_reqsend[17] in module sc_node_v1_0_19_downsizer is either unconnected or has no load
INFO: [Synth 8-7129] Port fifo_req_reqsend[16] in module sc_node_v1_0_19_downsizer is either unconnected or has no load
INFO: [Synth 8-7129] Port fifo_req_reqsend[15] in module sc_node_v1_0_19_downsizer is either unconnected or has no load
INFO: [Synth 8-7129] Port fifo_req_reqsend[14] in module sc_node_v1_0_19_downsizer is either unconnected or has no load
INFO: [Synth 8-7129] Port fifo_req_reqsend[13] in module sc_node_v1_0_19_downsizer is either unconnected or has no load
INFO: [Synth 8-7129] Port fifo_req_reqsend[12] in module sc_node_v1_0_19_downsizer is either unconnected or has no load
INFO: [Synth 8-7129] Port fifo_req_reqsend[11] in module sc_node_v1_0_19_downsizer is either unconnected or has no load
INFO: [Synth 8-7129] Port fifo_req_reqsend[10] in module sc_node_v1_0_19_downsizer is either unconnected or has no load
INFO: [Synth 8-7129] Port fifo_req_reqsend[9] in module sc_node_v1_0_19_downsizer is either unconnected or has no load
INFO: [Synth 8-7129] Port fifo_req_reqsend[8] in module sc_node_v1_0_19_downsizer is either unconnected or has no load
INFO: [Synth 8-7129] Port fifo_req_reqsend[3] in module sc_node_v1_0_19_downsizer is either unconnected or has no load
INFO: [Synth 8-7129] Port areset in module sc_node_v1_0_19_fi_regulator is either unconnected or has no load
INFO: [Synth 8-7129] Port sleep in module xpm_memory_base is either unconnected or has no load
INFO: [Synth 8-7129] Port rsta in module xpm_memory_base is either unconnected or has no load
INFO: [Synth 8-7129] Port regcea in module xpm_memory_base is either unconnected or has no load
INFO: [Synth 8-7129] Port injectsbiterra in module xpm_memory_base is either unconnected or has no load
INFO: [Synth 8-7129] Port injectdbiterra in module xpm_memory_base is either unconnected or has no load
INFO: [Synth 8-7129] Port clkb in module xpm_memory_base is either unconnected or has no load
INFO: [Synth 8-7129] Port rstb in module xpm_memory_base is either unconnected or has no load
INFO: [Synth 8-7129] Port enb in module xpm_memory_base is either unconnected or has no load
INFO: [Synth 8-7129] Port regceb in module xpm_memory_base is either unconnected or has no load
INFO: [Synth 8-7129] Port web[0] in module xpm_memory_base is either unconnected or has no load
INFO: [Synth 8-7129] Port dinb[0] in module xpm_memory_base is either unconnected or has no load
INFO: [Synth 8-7129] Port injectsbiterrb in module xpm_memory_base is either unconnected or has no load
INFO: [Synth 8-7129] Port injectdbiterrb in module xpm_memory_base is either unconnected or has no load
INFO: [Synth 8-7129] Port s_axis_arb_tdata[15] in module sc_node_v1_0_19_si_handler__parameterized8 is either unconnected or has no load
INFO: [Synth 8-7129] Port s_axis_arb_tdata[14] in module sc_node_v1_0_19_si_handler__parameterized8 is either unconnected or has no load
INFO: [Synth 8-7129] Port s_axis_arb_tdata[13] in module sc_node_v1_0_19_si_handler__parameterized8 is either unconnected or has no load
INFO: [Synth 8-7129] Port s_axis_arb_tdata[12] in module sc_node_v1_0_19_si_handler__parameterized8 is either unconnected or has no load
INFO: [Synth 8-7129] Port s_axis_arb_tdata[11] in module sc_node_v1_0_19_si_handler__parameterized8 is either unconnected or has no load
INFO: [Synth 8-7129] Port s_axis_arb_tdata[10] in module sc_node_v1_0_19_si_handler__parameterized8 is either unconnected or has no load
INFO: [Synth 8-7129] Port s_axis_arb_tdata[9] in module sc_node_v1_0_19_si_handler__parameterized8 is either unconnected or has no load
INFO: [Synth 8-7129] Port s_axis_arb_tdata[8] in module sc_node_v1_0_19_si_handler__parameterized8 is either unconnected or has no load
INFO: [Synth 8-7129] Port s_axis_arb_tdata[7] in module sc_node_v1_0_19_si_handler__parameterized8 is either unconnected or has no load
INFO: [Synth 8-7129] Port s_axis_arb_tdata[6] in module sc_node_v1_0_19_si_handler__parameterized8 is either unconnected or has no load
INFO: [Synth 8-7129] Port s_axis_arb_tdata[5] in module sc_node_v1_0_19_si_handler__parameterized8 is either unconnected or has no load
INFO: [Synth 8-7129] Port s_axis_arb_tdata[4] in module sc_node_v1_0_19_si_handler__parameterized8 is either unconnected or has no load
INFO: [Synth 8-7129] Port s_axis_arb_tdata[3] in module sc_node_v1_0_19_si_handler__parameterized8 is either unconnected or has no load
INFO: [Synth 8-7129] Port s_axis_arb_tdata[2] in module sc_node_v1_0_19_si_handler__parameterized8 is either unconnected or has no load
INFO: [Synth 8-7129] Port m_axis_arb_tready in module sc_node_v1_0_19_si_handler__parameterized8 is either unconnected or has no load
INFO: [Synth 8-7129] Port aclk in module sc_util_v1_0_4_axic_register_slice is either unconnected or has no load
INFO: [Synth 8-7129] Port areset in module sc_util_v1_0_4_axic_register_slice is either unconnected or has no load
INFO: [Synth 8-7129] Port aclken in module sc_util_v1_0_4_axic_register_slice is either unconnected or has no load
INFO: [Synth 8-7129] Port m_sc_aclken in module sc_node_v1_0_19_top__parameterized13 is either unconnected or has no load
INFO: [Synth 8-7129] Port s_sc_payld[152] in module sc_node_v1_0_19_ingress__parameterized12 is either unconnected or has no load
INFO: [Synth 8-7129] Port s_sc_payld[151] in module sc_node_v1_0_19_ingress__parameterized12 is either unconnected or has no load
INFO: [Synth 8-7129] Port s_sc_payld[150] in module sc_node_v1_0_19_ingress__parameterized12 is either unconnected or has no load
INFO: [Synth 8-7129] Port s_sc_payld[149] in module sc_node_v1_0_19_ingress__parameterized12 is either unconnected or has no load
INFO: [Synth 8-7129] Port s_sc_payld[148] in module sc_node_v1_0_19_ingress__parameterized12 is either unconnected or has no load
INFO: [Synth 8-7129] Port s_sc_payld[147] in module sc_node_v1_0_19_ingress__parameterized12 is either unconnected or has no load
INFO: [Synth 8-7129] Port s_sc_payld[146] in module sc_node_v1_0_19_ingress__parameterized12 is either unconnected or has no load
INFO: [Synth 8-7129] Port s_sc_payld[145] in module sc_node_v1_0_19_ingress__parameterized12 is either unconnected or has no load
INFO: [Synth 8-7129] Port s_sc_payld[144] in module sc_node_v1_0_19_ingress__parameterized12 is either unconnected or has no load
INFO: [Synth 8-7129] Port s_sc_payld[143] in module sc_node_v1_0_19_ingress__parameterized12 is either unconnected or has no load
INFO: [Synth 8-7129] Port s_sc_payld[142] in module sc_node_v1_0_19_ingress__parameterized12 is either unconnected or has no load
INFO: [Synth 8-7129] Port s_sc_payld[141] in module sc_node_v1_0_19_ingress__parameterized12 is either unconnected or has no load
INFO: [Synth 8-7129] Port s_sc_payld[140] in module sc_node_v1_0_19_ingress__parameterized12 is either unconnected or has no load
INFO: [Synth 8-7129] Port s_sc_payld[139] in module sc_node_v1_0_19_ingress__parameterized12 is either unconnected or has no load
INFO: [Synth 8-7129] Port s_sc_payld[138] in module sc_node_v1_0_19_ingress__parameterized12 is either unconnected or has no load
INFO: [Synth 8-7129] Port s_sc_payld[137] in module sc_node_v1_0_19_ingress__parameterized12 is either unconnected or has no load
INFO: [Synth 8-7129] Port s_sc_payld[136] in module sc_node_v1_0_19_ingress__parameterized12 is either unconnected or has no load
INFO: [Common 17-14] Message 'Synth 8-7129' appears 100 times and further instances of the messages will be disabled. Use the Tcl command set_msg_config to change the current settings.
---------------------------------------------------------------------------------
Finished RTL Elaboration : Time (s): cpu = 00:00:20 ; elapsed = 00:00:34 . Memory (MB): peak = 3146.340 ; gain = 507.617 ; free physical = 291 ; free virtual = 2992
---------------------------------------------------------------------------------
---------------------------------------------------------------------------------
Start Handling Custom Attributes
---------------------------------------------------------------------------------
---------------------------------------------------------------------------------
Finished Handling Custom Attributes : Time (s): cpu = 00:00:20 ; elapsed = 00:00:34 . Memory (MB): peak = 3146.340 ; gain = 507.617 ; free physical = 264 ; free virtual = 2963
---------------------------------------------------------------------------------
---------------------------------------------------------------------------------
Finished RTL Optimization Phase 1 : Time (s): cpu = 00:00:20 ; elapsed = 00:00:34 . Memory (MB): peak = 3146.340 ; gain = 507.617 ; free physical = 264 ; free virtual = 2963
---------------------------------------------------------------------------------
Netlist sorting complete. Time (s): cpu = 00:00:02 ; elapsed = 00:00:03 . Memory (MB): peak = 3219.371 ; gain = 2.000 ; free physical = 206 ; free virtual = 2102
INFO: [Netlist 29-17] Analyzing 1 Unisim elements for replacement
INFO: [Netlist 29-28] Unisim Transformation completed in 0 CPU seconds
INFO: [Project 1-570] Preparing netlist for logic optimization

Processing XDC Constraints
Initializing timing engine
Parsing XDC File [/home/krzeslaav/SEM_1/sdup_project/STFT_FPGA/stft_v1.0.gen/sources_1/bd/main_design/ip/main_design_axi_smc_0/ooc.xdc] for cell 'inst'
create_clock: Time (s): cpu = 00:00:08 ; elapsed = 00:00:12 . Memory (MB): peak = 3511.227 ; gain = 24.984 ; free physical = 286 ; free virtual = 1521
Finished Parsing XDC File [/home/krzeslaav/SEM_1/sdup_project/STFT_FPGA/stft_v1.0.gen/sources_1/bd/main_design/ip/main_design_axi_smc_0/ooc.xdc] for cell 'inst'
Parsing XDC File [/home/krzeslaav/SEM_1/sdup_project/STFT_FPGA/stft_v1.0.gen/sources_1/bd/main_design/ip/main_design_axi_smc_0/bd_0/ip/ip_1/bd_ad5e_psr_aclk_0_board.xdc] for cell 'inst/clk_map/psr_aclk/U0'
Finished Parsing XDC File [/home/krzeslaav/SEM_1/sdup_project/STFT_FPGA/stft_v1.0.gen/sources_1/bd/main_design/ip/main_design_axi_smc_0/bd_0/ip/ip_1/bd_ad5e_psr_aclk_0_board.xdc] for cell 'inst/clk_map/psr_aclk/U0'
Parsing XDC File [/home/krzeslaav/SEM_1/sdup_project/STFT_FPGA/stft_v1.0.gen/sources_1/bd/main_design/ip/main_design_axi_smc_0/smartconnect.xdc] for cell 'inst'
Finished Parsing XDC File [/home/krzeslaav/SEM_1/sdup_project/STFT_FPGA/stft_v1.0.gen/sources_1/bd/main_design/ip/main_design_axi_smc_0/smartconnect.xdc] for cell 'inst'
Parsing XDC File [/home/krzeslaav/SEM_1/sdup_project/STFT_FPGA/stft_v1.0.runs/main_design_axi_smc_0_synth_1/dont_touch.xdc]
Finished Parsing XDC File [/home/krzeslaav/SEM_1/sdup_project/STFT_FPGA/stft_v1.0.runs/main_design_axi_smc_0_synth_1/dont_touch.xdc]
INFO: [Project 1-236] Implementation specific constraints were found while reading constraint file [/home/krzeslaav/Programs/vivado25/2025.2/data/ip/xpm/xpm_cdc/tcl/xpm_cdc_single.tcl]. These constraints will be ignored for synthesis but will be used in implementation. Impacted constraints are listed in the file [.Xil/main_design_axi_smc_0_propImpl.xdc].
Resolution: To avoid this warning, move constraints listed in [.Xil/main_design_axi_smc_0_propImpl.xdc] to another XDC file and exclude this new file from synthesis with the used_in_synthesis property (File Properties dialog in GUI) and re-run elaboration/synthesis.
INFO: [Project 1-236] Implementation specific constraints were found while reading constraint file [/home/krzeslaav/Programs/vivado25/2025.2/data/ip/xpm/xpm_memory/tcl/xpm_memory_xdc.tcl]. These constraints will be ignored for synthesis but will be used in implementation. Impacted constraints are listed in the file [.Xil/main_design_axi_smc_0_propImpl.xdc].
Resolution: To avoid this warning, move constraints listed in [.Xil/main_design_axi_smc_0_propImpl.xdc] to another XDC file and exclude this new file from synthesis with the used_in_synthesis property (File Properties dialog in GUI) and re-run elaboration/synthesis.
INFO: [Project 1-1714] 62 XPM XDC files have been applied to the design.
Completed Processing XDC Constraints

Netlist sorting complete. Time (s): cpu = 00:00:00.01 ; elapsed = 00:00:00.02 . Memory (MB): peak = 3511.227 ; gain = 0.000 ; free physical = 202 ; free virtual = 1493
INFO: [Project 1-111] Unisim Transformation Summary:
  A total of 1 instances were transformed.
  SRL16 => SRL16E: 1 instance 

Constraint Validation Runtime : Time (s): cpu = 00:00:00.43 ; elapsed = 00:00:00.63 . Memory (MB): peak = 3511.262 ; gain = 0.000 ; free physical = 186 ; free virtual = 1504
INFO: [Designutils 20-5008] Incremental synthesis strategy off
---------------------------------------------------------------------------------
Finished Constraint Validation : Time (s): cpu = 00:01:00 ; elapsed = 00:01:32 . Memory (MB): peak = 3511.262 ; gain = 872.539 ; free physical = 3796 ; free virtual = 6150
---------------------------------------------------------------------------------
---------------------------------------------------------------------------------
Start Loading Part and Timing Information
---------------------------------------------------------------------------------
Loading part: xck26-sfvc784-2LV-c
INFO: [Synth 8-6742] Reading net delay rules and data
---------------------------------------------------------------------------------
Finished Loading Part and Timing Information : Time (s): cpu = 00:01:01 ; elapsed = 00:01:32 . Memory (MB): peak = 3519.230 ; gain = 880.508 ; free physical = 3797 ; free virtual = 6151
---------------------------------------------------------------------------------
---------------------------------------------------------------------------------
Start Applying 'set_property' XDC Constraints
---------------------------------------------------------------------------------
---------------------------------------------------------------------------------
Finished applying 'set_property' XDC Constraints : Time (s): cpu = 00:01:01 ; elapsed = 00:01:32 . Memory (MB): peak = 3519.230 ; gain = 880.508 ; free physical = 3784 ; free virtual = 6151
---------------------------------------------------------------------------------
INFO: [Synth 8-802] inferred FSM for state register 'w_state_reg' in module 'sc_exit_v1_0_18_axilite_conv'
INFO: [Synth 8-802] inferred FSM for state register 'r_state_reg' in module 'sc_exit_v1_0_18_axilite_conv'
INFO: [Synth 8-802] inferred FSM for state register 'gen_axi.gen_write.write_cs_reg' in module 'sc_mmu_v1_0_16_decerr_slave'
INFO: [Synth 8-802] inferred FSM for state register 'gen_endpoint.w_state_reg' in module 'sc_mmu_v1_0_16_top'
INFO: [Synth 8-802] inferred FSM for state register 'gen_endpoint.r_state_reg' in module 'sc_mmu_v1_0_16_top'
INFO: [Synth 8-4490] FSM extraction disabled for register 'gen_pipelined.state_reg' through user attribute
INFO: [Synth 8-4490] FSM extraction disabled for register 'gen_pipelined.state_reg' through user attribute
INFO: [Synth 8-4490] FSM extraction disabled for register 'gen_pipelined.state_reg' through user attribute
INFO: [Synth 8-4490] FSM extraction disabled for register 'gen_pipelined.state_reg' through user attribute
INFO: [Synth 8-4490] FSM extraction disabled for register 'gen_pipelined.state_reg' through user attribute
INFO: [Synth 8-4490] FSM extraction disabled for register 'gen_pipelined.state_reg' through user attribute
INFO: [Synth 8-4490] FSM extraction disabled for register 'gen_pipelined.state_reg' through user attribute
INFO: [Synth 8-4490] FSM extraction disabled for register 'gen_pipelined.state_reg' through user attribute
INFO: [Synth 8-802] inferred FSM for state register 'aw_state_reg' in module 'sc_si_converter_v1_0_16_reduced_area'
INFO: [Synth 8-802] inferred FSM for state register 'w_state_reg' in module 'sc_si_converter_v1_0_16_reduced_area'
INFO: [Synth 8-802] inferred FSM for state register 'b_state_reg' in module 'sc_si_converter_v1_0_16_reduced_area'
INFO: [Synth 8-802] inferred FSM for state register 'ar_state_reg' in module 'sc_si_converter_v1_0_16_reduced_area'
INFO: [Synth 8-802] inferred FSM for state register 'r_state_reg' in module 'sc_si_converter_v1_0_16_reduced_area'
INFO: [Synth 8-802] inferred FSM for state register 'rd_state_reg' in module 'sc_si_converter_v1_0_16_reduced_area'
INFO: [Synth 8-802] inferred FSM for state register 'gen_endpoint.w_state_reg' in module 'sc_mmu_v1_0_16_top__parameterized0'
INFO: [Synth 8-802] inferred FSM for state register 'gen_endpoint.r_state_reg' in module 'sc_mmu_v1_0_16_top__parameterized0'
INFO: [Synth 8-802] inferred FSM for state register 'aw_state_reg' in module 'sc_si_converter_v1_0_16_reduced_area__parameterized0'
INFO: [Synth 8-802] inferred FSM for state register 'w_state_reg' in module 'sc_si_converter_v1_0_16_reduced_area__parameterized0'
INFO: [Synth 8-802] inferred FSM for state register 'b_state_reg' in module 'sc_si_converter_v1_0_16_reduced_area__parameterized0'
INFO: [Synth 8-802] inferred FSM for state register 'ar_state_reg' in module 'sc_si_converter_v1_0_16_reduced_area__parameterized0'
INFO: [Synth 8-802] inferred FSM for state register 'r_state_reg' in module 'sc_si_converter_v1_0_16_reduced_area__parameterized0'
INFO: [Synth 8-802] inferred FSM for state register 'rd_state_reg' in module 'sc_si_converter_v1_0_16_reduced_area__parameterized0'
INFO: [Synth 8-4490] FSM extraction disabled for register 'gen_pipelined.state_reg' through user attribute
INFO: [Synth 8-4490] FSM extraction disabled for register 'gen_pipelined.state_reg' through user attribute
---------------------------------------------------------------------------------------------------
                   State |                     New Encoding |                Previous Encoding 
---------------------------------------------------------------------------------------------------
                  W_IDLE |                              000 | 00000000000000000000000000000000
                    W_RX |                              001 | 00000000000000000000000000000001
                    W_TX |                              010 | 00000000000000000000000000000010
              W_COMPLETE |                              011 | 00000000000000000000000000000100
               W_RECOVER |                              100 | 00000000000000000000000000000011
---------------------------------------------------------------------------------------------------
INFO: [Synth 8-3354] encoded FSM with state register 'w_state_reg' using encoding 'sequential' in module 'sc_exit_v1_0_18_axilite_conv'
---------------------------------------------------------------------------------------------------
                   State |                     New Encoding |                Previous Encoding 
---------------------------------------------------------------------------------------------------
                  R_IDLE |                               00 | 00000000000000000000000000000000
                    R_RX |                               01 | 00000000000000000000000000000001
                    R_TX |                               10 | 00000000000000000000000000000010
---------------------------------------------------------------------------------------------------
INFO: [Synth 8-3354] encoded FSM with state register 'r_state_reg' using encoding 'sequential' in module 'sc_exit_v1_0_18_axilite_conv'
---------------------------------------------------------------------------------------------------
                   State |                     New Encoding |                Previous Encoding 
---------------------------------------------------------------------------------------------------
            P_WRITE_IDLE |                              001 |                               00
            P_WRITE_DATA |                              010 |                               01
            P_WRITE_RESP |                              100 |                               10
---------------------------------------------------------------------------------------------------
INFO: [Synth 8-3354] encoded FSM with state register 'gen_axi.gen_write.write_cs_reg' using encoding 'one-hot' in module 'sc_mmu_v1_0_16_decerr_slave'
---------------------------------------------------------------------------------------------------
                   State |                     New Encoding |                Previous Encoding 
---------------------------------------------------------------------------------------------------
                  iSTATE |                               00 | 00000000000000000000000000000000
*
                 W_STALL |                               01 | 00000000000000000000000000000001
               W_PENDING |                               10 | 00000000000000000000000000000010
                W_DECERR |                               11 | 00000000000000000000000000000011
---------------------------------------------------------------------------------------------------
INFO: [Synth 8-3354] encoded FSM with state register 'gen_endpoint.w_state_reg' using encoding 'sequential' in module 'sc_mmu_v1_0_16_top'
---------------------------------------------------------------------------------------------------
                   State |                     New Encoding |                Previous Encoding 
---------------------------------------------------------------------------------------------------
                  iSTATE |                             0001 | 00000000000000000000000000000000
*
                 R_STALL |                             0010 | 00000000000000000000000000000001
               R_PENDING |                             0100 | 00000000000000000000000000000010
                R_DECERR |                             1000 | 00000000000000000000000000000011
---------------------------------------------------------------------------------------------------
INFO: [Synth 8-3354] encoded FSM with state register 'gen_endpoint.r_state_reg' using encoding 'one-hot' in module 'sc_mmu_v1_0_16_top'
---------------------------------------------------------------------------------------------------
                   State |                     New Encoding |                Previous Encoding 
---------------------------------------------------------------------------------------------------
                  B_IDLE |                               00 | 00000000000000000000000000000000
                 B_ACCUM |                               01 | 00000000000000000000000000000001
                  B_INCR |                               10 | 00000000000000000000000000000010
                   B_OUT |                               11 | 00000000000000000000000000000011
---------------------------------------------------------------------------------------------------
INFO: [Synth 8-3354] encoded FSM with state register 'b_state_reg' using encoding 'sequential' in module 'sc_si_converter_v1_0_16_reduced_area'
---------------------------------------------------------------------------------------------------
                   State |                     New Encoding |                Previous Encoding 
---------------------------------------------------------------------------------------------------
                  W_IDLE |                           000001 | 00000000000000000000000000000000
             W_SINGLES_1 |                           000010 | 00000000000000000000000000000001
               W_SINGLES |                           000100 | 00000000000000000000000000000010
                  W_NULL |                           001000 | 00000000000000000000000000000100
                  W_INCR |                           010000 | 00000000000000000000000000000011
              W_COMPLETE |                           100000 | 00000000000000000000000000000101
---------------------------------------------------------------------------------------------------
INFO: [Synth 8-3354] encoded FSM with state register 'w_state_reg' using encoding 'one-hot' in module 'sc_si_converter_v1_0_16_reduced_area'
---------------------------------------------------------------------------------------------------
                   State |                     New Encoding |                Previous Encoding 
---------------------------------------------------------------------------------------------------
                 AW_IDLE |                               00 | 00000000000000000000000000000000
             AW_SINGLE_1 |                               01 | 00000000000000000000000000000010
               AW_SINGLE |                               10 | 00000000000000000000000000000001
                AW_BURST |                               11 | 00000000000000000000000000000011
---------------------------------------------------------------------------------------------------
INFO: [Synth 8-3354] encoded FSM with state register 'aw_state_reg' using encoding 'sequential' in module 'sc_si_converter_v1_0_16_reduced_area'
---------------------------------------------------------------------------------------------------
                   State |                     New Encoding |                Previous Encoding 
---------------------------------------------------------------------------------------------------
                  R_IDLE |                           000001 | 00000000000000000000000000000000
               R_SPLIT_1 |                           000010 | 00000000000000000000000000000010
                 R_SPLIT |                           000100 | 00000000000000000000000000000001
                  R_WAIT |                           001000 | 00000000000000000000000000000101
               R_SPLIT_2 |                           010000 | 00000000000000000000000000000011
                  R_INCR |                           100000 | 00000000000000000000000000000100
---------------------------------------------------------------------------------------------------
INFO: [Synth 8-3354] encoded FSM with state register 'r_state_reg' using encoding 'one-hot' in module 'sc_si_converter_v1_0_16_reduced_area'
---------------------------------------------------------------------------------------------------
                   State |                     New Encoding |                Previous Encoding 
---------------------------------------------------------------------------------------------------
                 RD_IDLE |                                0 | 00000000000000000000000000000000
                 RD_DATA |                                1 | 00000000000000000000000000000001
---------------------------------------------------------------------------------------------------
INFO: [Synth 8-3354] encoded FSM with state register 'rd_state_reg' using encoding 'sequential' in module 'sc_si_converter_v1_0_16_reduced_area'
---------------------------------------------------------------------------------------------------
                   State |                     New Encoding |                Previous Encoding 
---------------------------------------------------------------------------------------------------
                 AR_IDLE |                               00 | 00000000000000000000000000000000
               AR_SINGLE |                               01 | 00000000000000000000000000000001
                AR_BURST |                               10 | 00000000000000000000000000000010
---------------------------------------------------------------------------------------------------
INFO: [Synth 8-3354] encoded FSM with state register 'ar_state_reg' using encoding 'sequential' in module 'sc_si_converter_v1_0_16_reduced_area'
---------------------------------------------------------------------------------------------------
                   State |                     New Encoding |                Previous Encoding 
---------------------------------------------------------------------------------------------------
                  iSTATE |                               00 | 00000000000000000000000000000000
*
                 W_STALL |                               01 | 00000000000000000000000000000001
               W_PENDING |                               10 | 00000000000000000000000000000010
                W_DECERR |                               11 | 00000000000000000000000000000011
---------------------------------------------------------------------------------------------------
INFO: [Synth 8-3354] encoded FSM with state register 'gen_endpoint.w_state_reg' using encoding 'sequential' in module 'sc_mmu_v1_0_16_top__parameterized0'
---------------------------------------------------------------------------------------------------
                   State |                     New Encoding |                Previous Encoding 
---------------------------------------------------------------------------------------------------
                  iSTATE |                             0001 | 00000000000000000000000000000000
*
                 R_STALL |                             0010 | 00000000000000000000000000000001
               R_PENDING |                             0100 | 00000000000000000000000000000010
                R_DECERR |                             1000 | 00000000000000000000000000000011
---------------------------------------------------------------------------------------------------
INFO: [Synth 8-3354] encoded FSM with state register 'gen_endpoint.r_state_reg' using encoding 'one-hot' in module 'sc_mmu_v1_0_16_top__parameterized0'
---------------------------------------------------------------------------------------------------
                   State |                     New Encoding |                Previous Encoding 
---------------------------------------------------------------------------------------------------
                  B_IDLE |                               00 | 00000000000000000000000000000000
                 B_ACCUM |                               01 | 00000000000000000000000000000001
                  B_INCR |                               10 | 00000000000000000000000000000010
                   B_OUT |                               11 | 00000000000000000000000000000011
---------------------------------------------------------------------------------------------------
INFO: [Synth 8-3354] encoded FSM with state register 'b_state_reg' using encoding 'sequential' in module 'sc_si_converter_v1_0_16_reduced_area__parameterized0'
---------------------------------------------------------------------------------------------------
                   State |                     New Encoding |                Previous Encoding 
---------------------------------------------------------------------------------------------------
                  W_IDLE |                           000001 | 00000000000000000000000000000000
             W_SINGLES_1 |                           000010 | 00000000000000000000000000000001
               W_SINGLES |                           000100 | 00000000000000000000000000000010
                  W_NULL |                           001000 | 00000000000000000000000000000100
                  W_INCR |                           010000 | 00000000000000000000000000000011
              W_COMPLETE |                           100000 | 00000000000000000000000000000101
---------------------------------------------------------------------------------------------------
INFO: [Synth 8-3354] encoded FSM with state register 'w_state_reg' using encoding 'one-hot' in module 'sc_si_converter_v1_0_16_reduced_area__parameterized0'
---------------------------------------------------------------------------------------------------
                   State |                     New Encoding |                Previous Encoding 
---------------------------------------------------------------------------------------------------
                 AW_IDLE |                               00 | 00000000000000000000000000000000
             AW_SINGLE_1 |                               01 | 00000000000000000000000000000010
               AW_SINGLE |                               10 | 00000000000000000000000000000001
                AW_BURST |                               11 | 00000000000000000000000000000011
---------------------------------------------------------------------------------------------------
INFO: [Synth 8-3354] encoded FSM with state register 'aw_state_reg' using encoding 'sequential' in module 'sc_si_converter_v1_0_16_reduced_area__parameterized0'
---------------------------------------------------------------------------------------------------
                   State |                     New Encoding |                Previous Encoding 
---------------------------------------------------------------------------------------------------
                  R_IDLE |                           000001 | 00000000000000000000000000000000
               R_SPLIT_1 |                           000010 | 00000000000000000000000000000010
                 R_SPLIT |                           000100 | 00000000000000000000000000000001
                  R_WAIT |                           001000 | 00000000000000000000000000000101
               R_SPLIT_2 |                           010000 | 00000000000000000000000000000011
                  R_INCR |                           100000 | 00000000000000000000000000000100
---------------------------------------------------------------------------------------------------
INFO: [Synth 8-3354] encoded FSM with state register 'r_state_reg' using encoding 'one-hot' in module 'sc_si_converter_v1_0_16_reduced_area__parameterized0'
---------------------------------------------------------------------------------------------------
                   State |                     New Encoding |                Previous Encoding 
---------------------------------------------------------------------------------------------------
                 RD_IDLE |                                0 | 00000000000000000000000000000000
                 RD_DATA |                                1 | 00000000000000000000000000000001
---------------------------------------------------------------------------------------------------
INFO: [Synth 8-3354] encoded FSM with state register 'rd_state_reg' using encoding 'sequential' in module 'sc_si_converter_v1_0_16_reduced_area__parameterized0'
---------------------------------------------------------------------------------------------------
                   State |                     New Encoding |                Previous Encoding 
---------------------------------------------------------------------------------------------------
                 AR_IDLE |                               00 | 00000000000000000000000000000000
               AR_SINGLE |                               01 | 00000000000000000000000000000001
                AR_BURST |                               10 | 00000000000000000000000000000010
---------------------------------------------------------------------------------------------------
INFO: [Synth 8-3354] encoded FSM with state register 'ar_state_reg' using encoding 'sequential' in module 'sc_si_converter_v1_0_16_reduced_area__parameterized0'
---------------------------------------------------------------------------------
Finished RTL Optimization Phase 2 : Time (s): cpu = 00:01:10 ; elapsed = 00:01:50 . Memory (MB): peak = 3519.230 ; gain = 880.508 ; free physical = 2588 ; free virtual = 5383
---------------------------------------------------------------------------------
---------------------------------------------------------------------------------
Start RTL Component Statistics 
---------------------------------------------------------------------------------
---------------------------------------------------------------------------------
Finished RTL Component Statistics 
---------------------------------------------------------------------------------
---------------------------------------------------------------------------------
Start Part Resource Summary
---------------------------------------------------------------------------------
Part Resources:
DSPs: 1248 (col length:96)
BRAMs: 288 (col length: RAMB18 96 RAMB36 48)
---------------------------------------------------------------------------------
Finished Part Resource Summary
---------------------------------------------------------------------------------
---------------------------------------------------------------------------------
Start Cross Boundary and Area Optimization
---------------------------------------------------------------------------------
WARNING: [Synth 8-3332] Sequential element (FSM_onehot_w_state_reg[3]) is unused and will be removed from module sc_si_converter_v1_0_16_reduced_area__parameterized0.
---------------------------------------------------------------------------------
Finished Cross Boundary and Area Optimization : Time (s): cpu = 00:02:38 ; elapsed = 00:03:53 . Memory (MB): peak = 3519.230 ; gain = 880.508 ; free physical = 177 ; free virtual = 1498
---------------------------------------------------------------------------------
---------------------------------------------------------------------------------
Start Applying XDC Timing Constraints
---------------------------------------------------------------------------------
---------------------------------------------------------------------------------
Finished Applying XDC Timing Constraints : Time (s): cpu = 00:02:50 ; elapsed = 00:04:11 . Memory (MB): peak = 3897.324 ; gain = 1258.602 ; free physical = 4636 ; free virtual = 6534
---------------------------------------------------------------------------------
---------------------------------------------------------------------------------
Start Timing Optimization
---------------------------------------------------------------------------------
---------------------------------------------------------------------------------
Finished Timing Optimization : Time (s): cpu = 00:03:13 ; elapsed = 00:04:40 . Memory (MB): peak = 3996.957 ; gain = 1358.234 ; free physical = 2224 ; free virtual = 4879
---------------------------------------------------------------------------------
---------------------------------------------------------------------------------
Start Technology Mapping
---------------------------------------------------------------------------------
---------------------------------------------------------------------------------
Finished Technology Mapping : Time (s): cpu = 00:03:19 ; elapsed = 00:04:46 . Memory (MB): peak = 3996.957 ; gain = 1358.234 ; free physical = 1829 ; free virtual = 4513
---------------------------------------------------------------------------------
---------------------------------------------------------------------------------
Start IO Insertion
---------------------------------------------------------------------------------
---------------------------------------------------------------------------------
Start Flattening Before IO Insertion
---------------------------------------------------------------------------------
---------------------------------------------------------------------------------
Finished Flattening Before IO Insertion
---------------------------------------------------------------------------------
---------------------------------------------------------------------------------
Start Final Netlist Cleanup
---------------------------------------------------------------------------------
---------------------------------------------------------------------------------
Finished Final Netlist Cleanup
---------------------------------------------------------------------------------
---------------------------------------------------------------------------------
Finished IO Insertion : Time (s): cpu = 00:03:26 ; elapsed = 00:04:57 . Memory (MB): peak = 4066.770 ; gain = 1428.047 ; free physical = 1572 ; free virtual = 4492
---------------------------------------------------------------------------------
---------------------------------------------------------------------------------
Start Renaming Generated Instances
---------------------------------------------------------------------------------
---------------------------------------------------------------------------------
Finished Renaming Generated Instances : Time (s): cpu = 00:03:26 ; elapsed = 00:04:57 . Memory (MB): peak = 4066.770 ; gain = 1428.047 ; free physical = 1572 ; free virtual = 4492
---------------------------------------------------------------------------------
---------------------------------------------------------------------------------
Start Rebuilding User Hierarchy
---------------------------------------------------------------------------------
---------------------------------------------------------------------------------
Finished Rebuilding User Hierarchy : Time (s): cpu = 00:03:27 ; elapsed = 00:04:58 . Memory (MB): peak = 4066.770 ; gain = 1428.047 ; free physical = 1570 ; free virtual = 4488
---------------------------------------------------------------------------------
---------------------------------------------------------------------------------
Start Renaming Generated Ports
---------------------------------------------------------------------------------
---------------------------------------------------------------------------------
Finished Renaming Generated Ports : Time (s): cpu = 00:03:27 ; elapsed = 00:04:58 . Memory (MB): peak = 4066.770 ; gain = 1428.047 ; free physical = 1570 ; free virtual = 4488
---------------------------------------------------------------------------------
---------------------------------------------------------------------------------
Start Handling Custom Attributes
---------------------------------------------------------------------------------
---------------------------------------------------------------------------------
Finished Handling Custom Attributes : Time (s): cpu = 00:03:27 ; elapsed = 00:04:58 . Memory (MB): peak = 4066.770 ; gain = 1428.047 ; free physical = 1568 ; free virtual = 4486
---------------------------------------------------------------------------------
---------------------------------------------------------------------------------
Start Renaming Generated Nets
---------------------------------------------------------------------------------
---------------------------------------------------------------------------------
Finished Renaming Generated Nets : Time (s): cpu = 00:03:27 ; elapsed = 00:04:58 . Memory (MB): peak = 4066.770 ; gain = 1428.047 ; free physical = 1568 ; free virtual = 4482
---------------------------------------------------------------------------------
---------------------------------------------------------------------------------
Start Writing Synthesis Report
---------------------------------------------------------------------------------

Report BlackBoxes: 
+-+--------------+----------+
| |BlackBox name |Instances |
+-+--------------+----------+
+-+--------------+----------+

Report Cell Usage: 
+------+---------+------+
|      |Cell     |Count |
+------+---------+------+
|1     |CARRY8   |    18|
|2     |LUT1     |   214|
|3     |LUT2     |   873|
|4     |LUT3     |   787|
|5     |LUT4     |   472|
|6     |LUT5     |   412|
|7     |LUT6     |   736|
|8     |MUXF7    |     5|
|9     |RAM16X1D |     1|
|10    |SRL16    |     1|
|11    |SRL16E   |    15|
|12    |SRLC32E  |    18|
|13    |FDCE     |   174|
|14    |FDRE     |  2449|
|15    |FDSE     |   115|
+------+---------+------+
---------------------------------------------------------------------------------
Finished Writing Synthesis Report : Time (s): cpu = 00:03:27 ; elapsed = 00:04:58 . Memory (MB): peak = 4066.770 ; gain = 1428.047 ; free physical = 1568 ; free virtual = 4482
---------------------------------------------------------------------------------
Synthesis finished with 0 errors, 0 critical warnings and 1 warnings.
Synthesis Optimization Runtime : Time (s): cpu = 00:02:57 ; elapsed = 00:04:15 . Memory (MB): peak = 4066.770 ; gain = 1063.125 ; free physical = 1558 ; free virtual = 4481
Synthesis Optimization Complete : Time (s): cpu = 00:03:28 ; elapsed = 00:04:59 . Memory (MB): peak = 4066.770 ; gain = 1428.047 ; free physical = 1558 ; free virtual = 4482
INFO: [Project 1-571] Translating synthesized netlist
Netlist sorting complete. Time (s): cpu = 00:00:00.33 ; elapsed = 00:00:00.36 . Memory (MB): peak = 4066.770 ; gain = 0.000 ; free physical = 1566 ; free virtual = 4509
INFO: [Netlist 29-17] Analyzing 25 Unisim elements for replacement
INFO: [Netlist 29-28] Unisim Transformation completed in 0 CPU seconds
INFO: [Project 1-570] Preparing netlist for logic optimization
INFO: [Opt 31-138] Pushed 0 inverter(s) to 0 load pin(s).
Netlist sorting complete. Time (s): cpu = 00:00:00 ; elapsed = 00:00:00 . Memory (MB): peak = 4066.770 ; gain = 0.000 ; free physical = 1585 ; free virtual = 4530
INFO: [Project 1-111] Unisim Transformation Summary:
  A total of 2 instances were transformed.
  RAM16X1D => RAM32X1D (RAMD32(x2)): 1 instance 
  SRL16 => SRL16E: 1 instance 

Synth Design complete | Checksum: 210bc7c1
INFO: [Common 17-83] Releasing license: Synthesis
327 Infos, 7 Warnings, 0 Critical Warnings and 0 Errors encountered.
synth_design completed successfully
synth_design: Time (s): cpu = 00:03:45 ; elapsed = 00:05:20 . Memory (MB): peak = 4066.770 ; gain = 2411.891 ; free physical = 1605 ; free virtual = 4566
INFO: [Common 17-2834] synth_design peak Physical Memory [PSS] (MB): overall = 2668.025; main = 2582.452; forked = 244.294
INFO: [Common 17-2834] synth_design peak Virtual Memory [VSS] (MB): overall = 5031.312; main = 4036.961; forked = 1063.422
Write ShapeDB Complete: Time (s): cpu = 00:00:00.05 ; elapsed = 00:00:00.05 . Memory (MB): peak = 4066.770 ; gain = 0.000 ; free physical = 1610 ; free virtual = 4572
INFO: [Common 17-1381] The checkpoint '/home/krzeslaav/SEM_1/sdup_project/STFT_FPGA/stft_v1.0.runs/main_design_axi_smc_0_synth_1/main_design_axi_smc_0.dcp' has been generated.
INFO: [Coretcl 2-1648] Added synthesis output to IP cache for IP main_design_axi_smc_0, cache-ID = 63b4d95942cd3f4d
INFO: [Coretcl 2-1174] Renamed 314 cell refs.
Write ShapeDB Complete: Time (s): cpu = 00:00:00.04 ; elapsed = 00:00:00.02 . Memory (MB): peak = 4066.770 ; gain = 0.000 ; free physical = 1630 ; free virtual = 4653
INFO: [Common 17-1381] The checkpoint '/home/krzeslaav/SEM_1/sdup_project/STFT_FPGA/stft_v1.0.runs/main_design_axi_smc_0_synth_1/main_design_axi_smc_0.dcp' has been generated.
INFO: [Vivado 12-24828] Executing command : report_utilization -file main_design_axi_smc_0_utilization_synth.rpt -pb main_design_axi_smc_0_utilization_synth.pb
INFO: [Common 17-206] Exiting Vivado at Sun Jun 14 14:20:01 2026...
