Copyright 1986-2022 Xilinx, Inc. All Rights Reserved. Copyright 2022-2025 Advanced Micro Devices, Inc. All Rights Reserved.
------------------------------------------------------------------------------------------------------------------------------------------------
| Tool Version : Vivado v.2025.2 (lin64) Build 6299465 Fri Nov 14 12:34:56 MST 2025
| Date         : Sun Jun 14 21:28:08 2026
| Host         : krzeslaav running 64-bit Ubuntu 24.04.4 LTS
| Command      : report_drc -file main_design_wrapper_drc_opted.rpt -pb main_design_wrapper_drc_opted.pb -rpx main_design_wrapper_drc_opted.rpx
| Design       : main_design_wrapper
| Device       : xck26-sfvc784-2LV-c
| Speed File   : -2LV
| Design State : Synthesized
------------------------------------------------------------------------------------------------------------------------------------------------

Report DRC

Table of Contents
-----------------
1. REPORT SUMMARY
2. REPORT DETAILS

1. REPORT SUMMARY
-----------------
            Netlist: netlist
          Floorplan: design_1
      Design limits: <entire design considered>
           Ruledeck: default
             Max checks: <unlimited>
             Checks found: 14
+-----------+----------+--------------------------------------+--------+
| Rule      | Severity | Description                          | Checks |
+-----------+----------+--------------------------------------+--------+
| DPIP-2    | Warning  | Input pipelining                     | 9      |
| DPOP-4    | Warning  | MREG Output pipelining               | 3      |
| REQP-1935 | Warning  | RAMB36E2_nochange_collision_advisory | 2      |
+-----------+----------+--------------------------------------+--------+

2. REPORT DETAILS
-----------------
DPIP-2#1 Warning
Input pipelining  
DSP main_design_i/stft_axis_wrapper_0/inst/fft_core_inst/bfly_inst/mult_B_W_im0 input main_design_i/stft_axis_wrapper_0/inst/fft_core_inst/bfly_inst/mult_B_W_im0/A[29:0] is not pipelined. Pipelining DSP48 input will improve performance.
Related violations: <none>

DPIP-2#2 Warning
Input pipelining  
DSP main_design_i/stft_axis_wrapper_0/inst/fft_core_inst/bfly_inst/mult_B_W_im0 input main_design_i/stft_axis_wrapper_0/inst/fft_core_inst/bfly_inst/mult_B_W_im0/B[17:0] is not pipelined. Pipelining DSP48 input will improve performance.
Related violations: <none>

DPIP-2#3 Warning
Input pipelining  
DSP main_design_i/stft_axis_wrapper_0/inst/fft_core_inst/bfly_inst/mult_B_W_im1 input main_design_i/stft_axis_wrapper_0/inst/fft_core_inst/bfly_inst/mult_B_W_im1/A[29:0] is not pipelined. Pipelining DSP48 input will improve performance.
Related violations: <none>

DPIP-2#4 Warning
Input pipelining  
DSP main_design_i/stft_axis_wrapper_0/inst/fft_core_inst/bfly_inst/mult_B_W_im1 input main_design_i/stft_axis_wrapper_0/inst/fft_core_inst/bfly_inst/mult_B_W_im1/B[17:0] is not pipelined. Pipelining DSP48 input will improve performance.
Related violations: <none>

DPIP-2#5 Warning
Input pipelining  
DSP main_design_i/stft_axis_wrapper_0/inst/fft_core_inst/bfly_inst/mult_B_W_re0 input main_design_i/stft_axis_wrapper_0/inst/fft_core_inst/bfly_inst/mult_B_W_re0/A[29:0] is not pipelined. Pipelining DSP48 input will improve performance.
Related violations: <none>

DPIP-2#6 Warning
Input pipelining  
DSP main_design_i/stft_axis_wrapper_0/inst/fft_core_inst/bfly_inst/mult_B_W_re0 input main_design_i/stft_axis_wrapper_0/inst/fft_core_inst/bfly_inst/mult_B_W_re0/B[17:0] is not pipelined. Pipelining DSP48 input will improve performance.
Related violations: <none>

DPIP-2#7 Warning
Input pipelining  
DSP main_design_i/stft_axis_wrapper_0/inst/fft_core_inst/bfly_inst/mult_B_W_re1 input main_design_i/stft_axis_wrapper_0/inst/fft_core_inst/bfly_inst/mult_B_W_re1/A[29:0] is not pipelined. Pipelining DSP48 input will improve performance.
Related violations: <none>

DPIP-2#8 Warning
Input pipelining  
DSP main_design_i/stft_axis_wrapper_0/inst/fft_core_inst/bfly_inst/mult_B_W_re1 input main_design_i/stft_axis_wrapper_0/inst/fft_core_inst/bfly_inst/mult_B_W_re1/B[17:0] is not pipelined. Pipelining DSP48 input will improve performance.
Related violations: <none>

DPIP-2#9 Warning
Input pipelining  
DSP main_design_i/stft_axis_wrapper_0/inst/win_inst/mult_res0 input main_design_i/stft_axis_wrapper_0/inst/win_inst/mult_res0/A[29:0] is not pipelined. Pipelining DSP48 input will improve performance.
Related violations: <none>

DPOP-4#1 Warning
MREG Output pipelining  
DSP main_design_i/stft_axis_wrapper_0/inst/fft_core_inst/bfly_inst/mult_B_W_im0 multiplier stage main_design_i/stft_axis_wrapper_0/inst/fft_core_inst/bfly_inst/mult_B_W_im0/P[47:0] is not pipelined (MREG=0). Pipelining the multiplier function will improve performance and will save significant power so it is suggested whenever possible to fully pipeline this function.  If this multiplier was inferred, it is suggested to describe an additional register stage after this function.  If there is no registered adder/accumulator following the multiply function, two pipeline stages are suggested to allow both the MREG and PREG registers to be used.  If the DSP48 was instantiated in the design, it is suggested to set both the MREG and PREG attributes to 1 when performing multiply functions.
Related violations: <none>

DPOP-4#2 Warning
MREG Output pipelining  
DSP main_design_i/stft_axis_wrapper_0/inst/fft_core_inst/bfly_inst/mult_B_W_re0 multiplier stage main_design_i/stft_axis_wrapper_0/inst/fft_core_inst/bfly_inst/mult_B_W_re0/P[47:0] is not pipelined (MREG=0). Pipelining the multiplier function will improve performance and will save significant power so it is suggested whenever possible to fully pipeline this function.  If this multiplier was inferred, it is suggested to describe an additional register stage after this function.  If there is no registered adder/accumulator following the multiply function, two pipeline stages are suggested to allow both the MREG and PREG registers to be used.  If the DSP48 was instantiated in the design, it is suggested to set both the MREG and PREG attributes to 1 when performing multiply functions.
Related violations: <none>

DPOP-4#3 Warning
MREG Output pipelining  
DSP main_design_i/stft_axis_wrapper_0/inst/win_inst/mult_res0 multiplier stage main_design_i/stft_axis_wrapper_0/inst/win_inst/mult_res0/P[47:0] is not pipelined (MREG=0). Pipelining the multiplier function will improve performance and will save significant power so it is suggested whenever possible to fully pipeline this function.  If this multiplier was inferred, it is suggested to describe an additional register stage after this function.  If there is no registered adder/accumulator following the multiply function, two pipeline stages are suggested to allow both the MREG and PREG registers to be used.  If the DSP48 was instantiated in the design, it is suggested to set both the MREG and PREG attributes to 1 when performing multiply functions.
Related violations: <none>

REQP-1935#1 Warning
RAMB36E2_nochange_collision_advisory  
Synchronous clocking is detected for BRAM (main_design_i/axi_dma_0/U0/I_PRMRY_DATAMOVER/GEN_MM2S_FULL.I_MM2S_FULL_WRAPPER/GEN_INCLUDE_MM2S_SF.I_RD_SF/I_DATA_FIFO/BLK_MEM.I_SYNC_FIFOGEN_FIFO/xpm_fifo_base_inst/gen_sdpram.xpm_memory_base_inst/gen_wr_a.gen_word_narrow.mem_reg) in SDP mode with NO_CHANGE write-mode. This is the preferred mode for best power characteristics. However, NO_CHANGE may exhibit address collisions if the same address appears on both read and write ports resulting in unknown or corrupted read data. It is suggested to confirm via simulation that an address collision never occurs and if so it is suggested to try and avoid this situation. If address collisions cannot be avoided, the write-mode may be set to READ_FIRST which guarantees that the read data is the prior contents of the memory at the cost of additional power in the design. See the FPGA Memory Resources User Guide for additional information.
Related violations: <none>

REQP-1935#2 Warning
RAMB36E2_nochange_collision_advisory  
Synchronous clocking is detected for BRAM (main_design_i/axi_dma_0/U0/I_PRMRY_DATAMOVER/GEN_S2MM_FULL.I_S2MM_FULL_WRAPPER/GEN_ENABLE_INDET_BTT_SF.I_INDET_BTT/I_DATA_FIFO/BLK_MEM.I_SYNC_FIFOGEN_FIFO/xpm_fifo_base_inst/gen_sdpram.xpm_memory_base_inst/gen_wr_a.gen_word_narrow.mem_reg) in SDP mode with NO_CHANGE write-mode. This is the preferred mode for best power characteristics. However, NO_CHANGE may exhibit address collisions if the same address appears on both read and write ports resulting in unknown or corrupted read data. It is suggested to confirm via simulation that an address collision never occurs and if so it is suggested to try and avoid this situation. If address collisions cannot be avoided, the write-mode may be set to READ_FIRST which guarantees that the read data is the prior contents of the memory at the cost of additional power in the design. See the FPGA Memory Resources User Guide for additional information.
Related violations: <none>


