Copyright 1986-2022 Xilinx, Inc. All Rights Reserved. Copyright 2022-2025 Advanced Micro Devices, Inc. All Rights Reserved.
---------------------------------------------------------------------------------------------------------------------------------------------
| Tool Version : Vivado v.2025.2 (lin64) Build 6299465 Fri Nov 14 12:34:56 MST 2025
| Date         : Sun Jun 14 21:29:25 2026
| Host         : krzeslaav running 64-bit Ubuntu 24.04.4 LTS
| Command      : report_utilization -file main_design_wrapper_utilization_placed.rpt -pb main_design_wrapper_utilization_placed.pb
| Design       : main_design_wrapper
| Device       : xck26-sfvc784-2LV-c
| Speed File   : -2LV
| Design State : Fully Placed
---------------------------------------------------------------------------------------------------------------------------------------------

Utilization Design Information

Table of Contents
-----------------
1. CLB Logic
1.1 Summary of Registers by Type
2. CLB Logic Distribution
3. BLOCKRAM
4. ARITHMETIC
5. I/O
6. CLOCK
7. ADVANCED
8. CONFIGURATION
9. Primitives
10. Black Boxes
11. Instantiated Netlists

1. CLB Logic
------------

+----------------------------+------+-------+------------+-----------+-------+
|          Site Type         | Used | Fixed | Prohibited | Available | Util% |
+----------------------------+------+-------+------------+-----------+-------+
| CLB LUTs                   | 6757 |     0 |          0 |    117120 |  5.77 |
|   LUT as Logic             | 6034 |     0 |          0 |    117120 |  5.15 |
|   LUT as Memory            |  723 |     0 |          0 |     57600 |  1.26 |
|     LUT as Distributed RAM |  550 |     0 |            |           |       |
|     LUT as Shift Register  |  173 |     0 |            |           |       |
| CLB Registers              | 8464 |     0 |          0 |    234240 |  3.61 |
|   Register as Flip Flop    | 8464 |     0 |          0 |    234240 |  3.61 |
|   Register as Latch        |    0 |     0 |          0 |    234240 |  0.00 |
| CARRY8                     |   59 |     0 |          0 |     14640 |  0.40 |
| F7 Muxes                   |  223 |     0 |          0 |     58560 |  0.38 |
| F8 Muxes                   |   54 |     0 |          0 |     29280 |  0.18 |
| F9 Muxes                   |    0 |     0 |          0 |     14640 |  0.00 |
| Unique Control Sets        |  569 |       |          0 |     29280 |  1.94 |
+----------------------------+------+-------+------------+-----------+-------+
* Warning! LUT value is adjusted to account for LUT combining.
** Note: Available Control Sets calculated as Slices * 2, Review the Control Sets Report for more information regarding control sets.


1.1 Summary of Registers by Type
--------------------------------

+-------+--------------+-------------+--------------+
| Total | Clock Enable | Synchronous | Asynchronous |
+-------+--------------+-------------+--------------+
| 0     |            _ |           - |            - |
| 0     |            _ |           - |          Set |
| 0     |            _ |           - |        Reset |
| 0     |            _ |         Set |            - |
| 0     |            _ |       Reset |            - |
| 0     |          Yes |           - |            - |
| 11    |          Yes |           - |          Set |
| 365   |          Yes |           - |        Reset |
| 337   |          Yes |         Set |            - |
| 7751  |          Yes |       Reset |            - |
+-------+--------------+-------------+--------------+


2. CLB Logic Distribution
-------------------------

+--------------------------------------------+------+-------+------------+-----------+-------+
|                  Site Type                 | Used | Fixed | Prohibited | Available | Util% |
+--------------------------------------------+------+-------+------------+-----------+-------+
| CLB                                        | 1379 |     0 |          0 |     14640 |  9.42 |
|   CLBL                                     |  578 |     0 |            |           |       |
|   CLBM                                     |  801 |     0 |            |           |       |
| LUT as Logic                               | 6034 |     0 |          0 |    117120 |  5.15 |
|   using O5 output only                     |  313 |       |            |           |       |
|   using O6 output only                     | 3725 |       |            |           |       |
|   using O5 and O6                          | 1996 |       |            |           |       |
| LUT as Memory                              |  723 |     0 |          0 |     57600 |  1.26 |
|   LUT as Distributed RAM                   |  550 |     0 |            |           |       |
|     using O5 output only                   |    0 |       |            |           |       |
|     using O6 output only                   |   10 |       |            |           |       |
|     using O5 and O6                        |  540 |       |            |           |       |
|   LUT as Shift Register                    |  173 |     0 |            |           |       |
|     using O5 output only                   |    0 |       |            |           |       |
|     using O6 output only                   |  119 |       |            |           |       |
|     using O5 and O6                        |   54 |       |            |           |       |
| CLB Registers                              | 8464 |     0 |          0 |    234240 |  3.61 |
|   Register driven from within the CLB      | 5069 |       |            |           |       |
|   Register driven from outside the CLB     | 3395 |       |            |           |       |
|     LUT in front of the register is unused | 2598 |       |            |           |       |
|     LUT in front of the register is used   |  797 |       |            |           |       |
+--------------------------------------------+------+-------+------------+-----------+-------+


3. BLOCKRAM
-----------

+-------------------+------+-------+------------+-----------+-------+
|     Site Type     | Used | Fixed | Prohibited | Available | Util% |
+-------------------+------+-------+------------+-----------+-------+
| Block RAM Tile    |    7 |     0 |          0 |       144 |  4.86 |
|   RAMB36/FIFO*    |    2 |     0 |          0 |       144 |  1.39 |
|     RAMB36E2 only |    2 |       |            |           |       |
|   RAMB18          |   10 |     0 |          0 |       288 |  3.47 |
|     RAMB18E2 only |   10 |       |            |           |       |
| URAM              |    0 |     0 |          0 |        64 |  0.00 |
+-------------------+------+-------+------------+-----------+-------+
* Note: Each Block RAM Tile only has one FIFO logic available and therefore can accommodate only one FIFO36E2 or one FIFO18E2. However, if a FIFO18E2 occupies a Block RAM Tile, that tile can still accommodate a RAMB18E2


4. ARITHMETIC
-------------

+----------------+------+-------+------------+-----------+-------+
|    Site Type   | Used | Fixed | Prohibited | Available | Util% |
+----------------+------+-------+------------+-----------+-------+
| DSPs           |    5 |     0 |          0 |      1248 |  0.40 |
|   DSP48E2 only |    5 |       |            |           |       |
+----------------+------+-------+------------+-----------+-------+


5. I/O
------

+------------------+------+-------+------------+-----------+-------+
|     Site Type    | Used | Fixed | Prohibited | Available | Util% |
+------------------+------+-------+------------+-----------+-------+
| Bonded IOB       |    0 |     0 |          0 |       189 |  0.00 |
|   HPIOB_M        |    0 |     0 |          0 |        58 |  0.00 |
|   HPIOB_S        |    0 |     0 |          0 |        58 |  0.00 |
|   HDIOB_M        |    0 |     0 |          0 |        35 |  0.00 |
|   HDIOB_S        |    0 |     0 |          0 |        35 |  0.00 |
|   HPIOB_SNGL     |    0 |     0 |          0 |         3 |  0.00 |
| HPIOBDIFFINBUF   |    0 |     0 |          0 |        82 |  0.00 |
| HPIOBDIFFOUTBUF  |    0 |     0 |          0 |        82 |  0.00 |
| HDIOBDIFFINBUF   |    0 |     0 |          0 |        35 |  0.00 |
| BITSLICE_CONTROL |    0 |     0 |          0 |        32 |  0.00 |
| BITSLICE_RX_TX   |    0 |     0 |          0 |      1248 |  0.00 |
| BITSLICE_TX      |    0 |     0 |          0 |        32 |  0.00 |
| RIU_OR           |    0 |     0 |          0 |        16 |  0.00 |
+------------------+------+-------+------------+-----------+-------+


6. CLOCK
--------

+------------+------+-------+------------+-----------+-------+
|  Site Type | Used | Fixed | Prohibited | Available | Util% |
+------------+------+-------+------------+-----------+-------+
| BUFGCE     |    0 |     0 |          0 |       112 |  0.00 |
| BUFGCE_DIV |    0 |     0 |          0 |        16 |  0.00 |
| BUFG_GT    |    0 |     0 |          0 |        96 |  0.00 |
| BUFG_PS    |    1 |     0 |          0 |        96 |  1.04 |
| BUFGCTRL*  |    0 |     0 |          0 |        32 |  0.00 |
| PLL        |    0 |     0 |          0 |         8 |  0.00 |
| MMCM       |    0 |     0 |          0 |         4 |  0.00 |
+------------+------+-------+------------+-----------+-------+
* Note: Each used BUFGCTRL counts as two GLOBAL CLOCK BUFFERs. This table does not include global clocking resources, only buffer cell usage. See the Clock Utilization Report (report_clock_utilization) for detailed accounting of global clocking resource availability.


7. ADVANCED
-----------

+-----------------+------+-------+------------+-----------+--------+
|    Site Type    | Used | Fixed | Prohibited | Available |  Util% |
+-----------------+------+-------+------------+-----------+--------+
| GTHE4_CHANNEL   |    0 |     0 |          0 |         4 |   0.00 |
| GTHE4_COMMON    |    0 |     0 |          0 |         1 |   0.00 |
| OBUFDS_GTE4     |    0 |     0 |          0 |         2 |   0.00 |
| OBUFDS_GTE4_ADV |    0 |     0 |          0 |         2 |   0.00 |
| PCIE40E4        |    0 |     0 |          0 |         2 |   0.00 |
| PS8             |    1 |     0 |          0 |         1 | 100.00 |
| SYSMONE4        |    0 |     0 |          0 |         1 |   0.00 |
| VCU             |    0 |     0 |          0 |         1 |   0.00 |
+-----------------+------+-------+------------+-----------+--------+


8. CONFIGURATION
----------------

+-------------+------+-------+------------+-----------+-------+
|  Site Type  | Used | Fixed | Prohibited | Available | Util% |
+-------------+------+-------+------------+-----------+-------+
| BSCANE2     |    0 |     0 |          0 |         4 |  0.00 |
| DNA_PORTE2  |    0 |     0 |          0 |         1 |  0.00 |
| EFUSE_USR   |    0 |     0 |          0 |         1 |  0.00 |
| FRAME_ECCE4 |    0 |     0 |          0 |         1 |  0.00 |
| ICAPE3      |    0 |     0 |          0 |         2 |  0.00 |
| MASTER_JTAG |    0 |     0 |          0 |         1 |  0.00 |
| STARTUPE3   |    0 |     0 |          0 |         1 |  0.00 |
+-------------+------+-------+------------+-----------+-------+


9. Primitives
-------------

+----------+------+---------------------+
| Ref Name | Used | Functional Category |
+----------+------+---------------------+
| FDRE     | 7751 |            Register |
| LUT6     | 2110 |                 CLB |
| LUT3     | 1950 |                 CLB |
| LUT2     | 1287 |                 CLB |
| LUT5     | 1251 |                 CLB |
| LUT4     | 1134 |                 CLB |
| RAMD32   |  952 |                 CLB |
| FDCE     |  365 |            Register |
| FDSE     |  337 |            Register |
| LUT1     |  298 |                 CLB |
| MUXF7    |  223 |                 CLB |
| SRL16E   |  209 |                 CLB |
| RAMS32   |  138 |                 CLB |
| CARRY8   |   59 |                 CLB |
| MUXF8    |   54 |                 CLB |
| SRLC32E  |   18 |                 CLB |
| FDPE     |   11 |            Register |
| RAMB18E2 |   10 |            BLOCKRAM |
| DSP48E2  |    5 |          Arithmetic |
| RAMB36E2 |    2 |            BLOCKRAM |
| PS8      |    1 |            Advanced |
| BUFG_PS  |    1 |               Clock |
+----------+------+---------------------+


10. Black Boxes
---------------

+----------+------+
| Ref Name | Used |
+----------+------+


11. Instantiated Netlists
-------------------------

+-----------------------------------+------+
|              Ref Name             | Used |
+-----------------------------------+------+
| main_design_zynq_ultra_ps_e_0_0   |    1 |
| main_design_stft_axis_wrapper_0_0 |    1 |
| main_design_rst_ps8_0_99M_0       |    1 |
| main_design_axi_smc_1_0           |    1 |
| main_design_axi_smc_0             |    1 |
| main_design_axi_gpio_0_0          |    1 |
| main_design_axi_dma_0_0           |    1 |
+-----------------------------------+------+


