
*** Running vivado
    with args -log main_design_wrapper.vdi -applog -m64 -product Vivado -messageDb vivado.pb -mode batch -source main_design_wrapper.tcl -notrace


****** Vivado v2025.2 (64-bit)
  **** SW Build 6299465 on Fri Nov 14 12:34:56 MST 2025
  **** IP Build 6300035 on Fri Nov 14 10:48:45 MST 2025
  **** SharedData Build 6298862 on Thu Nov 13 04:50:51 MST 2025
  **** Start of session at: Sun Jun 14 21:26:40 2026
    ** Copyright 1986-2022 Xilinx, Inc. All Rights Reserved.
    ** Copyright 2022-2025 Advanced Micro Devices, Inc. All Rights Reserved.

source main_design_wrapper.tcl -notrace
INFO: [IP_Flow 19-234] Refreshing IP repositories
INFO: [IP_Flow 19-1700] Loaded user IP repository '/home/krzeslaav/SEM_1/sdup_project/STFT_IP_PACKAGE'.
INFO: [IP_Flow 19-2313] Loaded Vivado IP repository '/home/krzeslaav/Programs/vivado25/2025.2/data/ip'.
add_files: Time (s): cpu = 00:00:06 ; elapsed = 00:00:07 . Memory (MB): peak = 1643.754 ; gain = 22.812 ; free physical = 3409 ; free virtual = 11407
Command: link_design -top main_design_wrapper -part xck26-sfvc784-2LV-c
Design is defaulting to srcset: sources_1
Design is defaulting to constrset: constrs_1
INFO: [Device 21-403] Loading part xck26-sfvc784-2LV-c
INFO: [Project 1-5699] Read binary netlist with skipMacroContent - 1
INFO: [Project 1-454] Reading design checkpoint '/home/krzeslaav/SEM_1/sdup_project/STFT_FPGA/stft_v1.0.gen/sources_1/bd/main_design/ip/main_design_axi_dma_0_0/main_design_axi_dma_0_0.dcp' for cell 'main_design_i/axi_dma_0'
INFO: [Project 1-454] Reading design checkpoint '/home/krzeslaav/SEM_1/sdup_project/STFT_FPGA/stft_v1.0.gen/sources_1/bd/main_design/ip/main_design_axi_gpio_0_0/main_design_axi_gpio_0_0.dcp' for cell 'main_design_i/axi_gpio_0'
INFO: [Project 1-454] Reading design checkpoint '/home/krzeslaav/SEM_1/sdup_project/STFT_FPGA/stft_v1.0.gen/sources_1/bd/main_design/ip/main_design_axi_smc_0/main_design_axi_smc_0.dcp' for cell 'main_design_i/axi_smc'
INFO: [Project 1-454] Reading design checkpoint '/home/krzeslaav/SEM_1/sdup_project/STFT_FPGA/stft_v1.0.gen/sources_1/bd/main_design/ip/main_design_axi_smc_1_0/main_design_axi_smc_1_0.dcp' for cell 'main_design_i/axi_smc_1'
INFO: [Project 1-454] Reading design checkpoint '/home/krzeslaav/SEM_1/sdup_project/STFT_FPGA/stft_v1.0.gen/sources_1/bd/main_design/ip/main_design_rst_ps8_0_99M_0/main_design_rst_ps8_0_99M_0.dcp' for cell 'main_design_i/rst_ps8_0_99M'
INFO: [Project 1-454] Reading design checkpoint '/home/krzeslaav/SEM_1/sdup_project/STFT_FPGA/stft_v1.0.gen/sources_1/bd/main_design/ip/main_design_stft_axis_wrapper_0_0/main_design_stft_axis_wrapper_0_0.dcp' for cell 'main_design_i/stft_axis_wrapper_0'
INFO: [Project 1-454] Reading design checkpoint '/home/krzeslaav/SEM_1/sdup_project/STFT_FPGA/stft_v1.0.gen/sources_1/bd/main_design/ip/main_design_zynq_ultra_ps_e_0_0/main_design_zynq_ultra_ps_e_0_0.dcp' for cell 'main_design_i/zynq_ultra_ps_e_0'
Netlist sorting complete. Time (s): cpu = 00:00:00.52 ; elapsed = 00:00:00.52 . Memory (MB): peak = 2688.137 ; gain = 0.000 ; free physical = 2389 ; free virtual = 10396
INFO: [Netlist 29-17] Analyzing 416 Unisim elements for replacement
INFO: [Netlist 29-28] Unisim Transformation completed in 0 CPU seconds
INFO: [Project 1-479] Netlist was created with Vivado 2025.2
INFO: [Project 1-570] Preparing netlist for logic optimization
Parsing XDC File [/home/krzeslaav/SEM_1/sdup_project/STFT_FPGA/stft_v1.0.gen/sources_1/bd/main_design/ip/main_design_zynq_ultra_ps_e_0_0/main_design_zynq_ultra_ps_e_0_0.xdc] for cell 'main_design_i/zynq_ultra_ps_e_0/inst'
create_clock: Time (s): cpu = 00:00:07 ; elapsed = 00:00:07 . Memory (MB): peak = 2688.137 ; gain = 0.000 ; free physical = 2404 ; free virtual = 10394
Finished Parsing XDC File [/home/krzeslaav/SEM_1/sdup_project/STFT_FPGA/stft_v1.0.gen/sources_1/bd/main_design/ip/main_design_zynq_ultra_ps_e_0_0/main_design_zynq_ultra_ps_e_0_0.xdc] for cell 'main_design_i/zynq_ultra_ps_e_0/inst'
Parsing XDC File [/home/krzeslaav/SEM_1/sdup_project/STFT_FPGA/stft_v1.0.gen/sources_1/bd/main_design/ip/main_design_axi_dma_0_0/main_design_axi_dma_0_0.xdc] for cell 'main_design_i/axi_dma_0/U0'
Finished Parsing XDC File [/home/krzeslaav/SEM_1/sdup_project/STFT_FPGA/stft_v1.0.gen/sources_1/bd/main_design/ip/main_design_axi_dma_0_0/main_design_axi_dma_0_0.xdc] for cell 'main_design_i/axi_dma_0/U0'
Parsing XDC File [/home/krzeslaav/SEM_1/sdup_project/STFT_FPGA/stft_v1.0.gen/sources_1/bd/main_design/ip/main_design_axi_gpio_0_0/main_design_axi_gpio_0_0_board.xdc] for cell 'main_design_i/axi_gpio_0/U0'
Finished Parsing XDC File [/home/krzeslaav/SEM_1/sdup_project/STFT_FPGA/stft_v1.0.gen/sources_1/bd/main_design/ip/main_design_axi_gpio_0_0/main_design_axi_gpio_0_0_board.xdc] for cell 'main_design_i/axi_gpio_0/U0'
Parsing XDC File [/home/krzeslaav/SEM_1/sdup_project/STFT_FPGA/stft_v1.0.gen/sources_1/bd/main_design/ip/main_design_axi_smc_0/bd_0/ip/ip_1/bd_ad5e_psr_aclk_0_board.xdc] for cell 'main_design_i/axi_smc/inst/clk_map/psr_aclk/U0'
Finished Parsing XDC File [/home/krzeslaav/SEM_1/sdup_project/STFT_FPGA/stft_v1.0.gen/sources_1/bd/main_design/ip/main_design_axi_smc_0/bd_0/ip/ip_1/bd_ad5e_psr_aclk_0_board.xdc] for cell 'main_design_i/axi_smc/inst/clk_map/psr_aclk/U0'
Parsing XDC File [/home/krzeslaav/SEM_1/sdup_project/STFT_FPGA/stft_v1.0.gen/sources_1/bd/main_design/ip/main_design_axi_smc_0/smartconnect.xdc] for cell 'main_design_i/axi_smc/inst'
Finished Parsing XDC File [/home/krzeslaav/SEM_1/sdup_project/STFT_FPGA/stft_v1.0.gen/sources_1/bd/main_design/ip/main_design_axi_smc_0/smartconnect.xdc] for cell 'main_design_i/axi_smc/inst'
Parsing XDC File [/home/krzeslaav/SEM_1/sdup_project/STFT_FPGA/stft_v1.0.gen/sources_1/bd/main_design/ip/main_design_rst_ps8_0_99M_0/main_design_rst_ps8_0_99M_0_board.xdc] for cell 'main_design_i/rst_ps8_0_99M/U0'
Finished Parsing XDC File [/home/krzeslaav/SEM_1/sdup_project/STFT_FPGA/stft_v1.0.gen/sources_1/bd/main_design/ip/main_design_rst_ps8_0_99M_0/main_design_rst_ps8_0_99M_0_board.xdc] for cell 'main_design_i/rst_ps8_0_99M/U0'
Parsing XDC File [/home/krzeslaav/SEM_1/sdup_project/STFT_FPGA/stft_v1.0.gen/sources_1/bd/main_design/ip/main_design_axi_smc_1_0/bd_0/ip/ip_1/bd_f991_psr_aclk_0_board.xdc] for cell 'main_design_i/axi_smc_1/inst/clk_map/psr_aclk/U0'
Finished Parsing XDC File [/home/krzeslaav/SEM_1/sdup_project/STFT_FPGA/stft_v1.0.gen/sources_1/bd/main_design/ip/main_design_axi_smc_1_0/bd_0/ip/ip_1/bd_f991_psr_aclk_0_board.xdc] for cell 'main_design_i/axi_smc_1/inst/clk_map/psr_aclk/U0'
Parsing XDC File [/home/krzeslaav/SEM_1/sdup_project/STFT_FPGA/stft_v1.0.gen/sources_1/bd/main_design/ip/main_design_axi_smc_1_0/smartconnect.xdc] for cell 'main_design_i/axi_smc_1/inst'
Finished Parsing XDC File [/home/krzeslaav/SEM_1/sdup_project/STFT_FPGA/stft_v1.0.gen/sources_1/bd/main_design/ip/main_design_axi_smc_1_0/smartconnect.xdc] for cell 'main_design_i/axi_smc_1/inst'
Parsing XDC File [/home/krzeslaav/SEM_1/sdup_project/STFT_FPGA/stft_v1.0.gen/sources_1/bd/main_design/ip/main_design_axi_dma_0_0/main_design_axi_dma_0_0_clocks.xdc] for cell 'main_design_i/axi_dma_0/U0'
Finished Parsing XDC File [/home/krzeslaav/SEM_1/sdup_project/STFT_FPGA/stft_v1.0.gen/sources_1/bd/main_design/ip/main_design_axi_dma_0_0/main_design_axi_dma_0_0_clocks.xdc] for cell 'main_design_i/axi_dma_0/U0'
INFO: [Project 1-1714] 112 XPM XDC files have been applied to the design.
INFO: [Opt 31-138] Pushed 0 inverter(s) to 0 load pin(s).
Netlist sorting complete. Time (s): cpu = 00:00:00.01 ; elapsed = 00:00:00 . Memory (MB): peak = 3462.969 ; gain = 0.000 ; free physical = 1970 ; free virtual = 9968
INFO: [Project 1-111] Unisim Transformation Summary:
  A total of 80 instances were transformed.
  DSP48E2 => DSP48E2 (DSP_ALU, DSP_A_B_DATA, DSP_C_DATA, DSP_MULTIPLIER, DSP_M_DATA, DSP_OUTPUT, DSP_PREADD, DSP_PREADD_DATA): 5 instances
  RAM16X1D => RAM32X1D (RAMD32(x2)): 2 instances
  RAM32M => RAM32M (RAMD32(x6), RAMS32(x2)): 3 instances
  RAM32M16 => RAM32M16 (RAMD32(x14), RAMS32(x2)): 66 instances
  RAM32X1D => RAM32X1D (RAMD32(x2)): 4 instances

19 Infos, 0 Warnings, 0 Critical Warnings and 0 Errors encountered.
link_design completed successfully
link_design: Time (s): cpu = 00:00:36 ; elapsed = 00:00:36 . Memory (MB): peak = 3463.004 ; gain = 1819.250 ; free physical = 1970 ; free virtual = 9967
Command: opt_design
Attempting to get a license for feature 'Implementation' and/or device 'xck26'
INFO: [Common 17-349] Got license for feature 'Implementation' and/or device 'xck26'
Running DRC as a precondition to command opt_design

Starting DRC Task
INFO: [DRC 23-27] Running DRC with 8 threads
INFO: [Project 1-461] DRC finished with 0 Errors
INFO: [Project 1-462] Please refer to the DRC report (report_drc) for more information.

Time (s): cpu = 00:00:01 ; elapsed = 00:00:00.75 . Memory (MB): peak = 3463.004 ; gain = 0.000 ; free physical = 1947 ; free virtual = 9945

Starting Cache Timing Information Task
INFO: [Timing 38-35] Done setting XDC timing constraints.
Ending Cache Timing Information Task | Checksum: 199c9f5b5

Time (s): cpu = 00:00:02 ; elapsed = 00:00:00.92 . Memory (MB): peak = 3463.004 ; gain = 0.000 ; free physical = 1944 ; free virtual = 9942

Starting Logic Optimization Task

Phase 1 Initialization

Phase 1.1 Core Generation And Design Setup
Phase 1.1 Core Generation And Design Setup | Checksum: 199c9f5b5

Time (s): cpu = 00:00:00.05 ; elapsed = 00:00:00.06 . Memory (MB): peak = 3814.781 ; gain = 0.000 ; free physical = 1556 ; free virtual = 9558

Phase 1.2 Setup Constraints And Sort Netlist
Phase 1.2 Setup Constraints And Sort Netlist | Checksum: 199c9f5b5

Time (s): cpu = 00:00:00.06 ; elapsed = 00:00:00.07 . Memory (MB): peak = 3814.781 ; gain = 0.000 ; free physical = 1556 ; free virtual = 9558
Phase 1 Initialization | Checksum: 199c9f5b5

Time (s): cpu = 00:00:00.07 ; elapsed = 00:00:00.07 . Memory (MB): peak = 3814.781 ; gain = 0.000 ; free physical = 1556 ; free virtual = 9558

Phase 2 Timer Update And Timing Data Collection

Phase 2.1 Detect if minReqCache needed
Phase 2.1 Detect if minReqCache needed | Checksum: 199c9f5b5

Time (s): cpu = 00:00:00.1 ; elapsed = 00:00:00.11 . Memory (MB): peak = 3814.781 ; gain = 0.000 ; free physical = 1540 ; free virtual = 9542

Phase 2.2 Timer Update
Phase 2.2 Timer Update | Checksum: 199c9f5b5

Time (s): cpu = 00:00:00.85 ; elapsed = 00:00:00.43 . Memory (MB): peak = 3814.781 ; gain = 0.000 ; free physical = 1540 ; free virtual = 9542

Phase 2.3 Timing Data Collection
Phase 2.3 Timing Data Collection | Checksum: 199c9f5b5

Time (s): cpu = 00:00:00.88 ; elapsed = 00:00:00.46 . Memory (MB): peak = 3814.781 ; gain = 0.000 ; free physical = 1540 ; free virtual = 9542
Phase 2 Timer Update And Timing Data Collection | Checksum: 199c9f5b5

Time (s): cpu = 00:00:00.88 ; elapsed = 00:00:00.46 . Memory (MB): peak = 3814.781 ; gain = 0.000 ; free physical = 1540 ; free virtual = 9542

Phase 3 Retarget
INFO: [Opt 31-1851] Number of loadless carry chains removed were: 0
INFO: [Opt 31-1834] Total Chains To Be Transformed Were: 0 AND Number of Transformed insts Created are: 0
INFO: [Opt 31-1566] Pulled 5 inverters resulting in an inversion of 54 pins
INFO: [Opt 31-138] Pushed 116 inverter(s) to 1316 load pin(s).
INFO: [Opt 31-49] Retargeted 0 cell(s).
Phase 3 Retarget | Checksum: 12e639682

Time (s): cpu = 00:00:02 ; elapsed = 00:00:01 . Memory (MB): peak = 3814.781 ; gain = 0.000 ; free physical = 1540 ; free virtual = 9537
Retarget | Checksum: 12e639682
INFO: [Opt 31-389] Phase Retarget created 50 cells and removed 481 cells
INFO: [Opt 31-1021] In phase Retarget, 140 netlist objects are constrained preventing optimization. Please run opt_design with -debug_log to get more detail. 

Phase 4 Constant propagation
INFO: [Opt 31-138] Pushed 0 inverter(s) to 0 load pin(s).
Phase 4 Constant propagation | Checksum: 14084f410

Time (s): cpu = 00:00:02 ; elapsed = 00:00:01 . Memory (MB): peak = 3814.781 ; gain = 0.000 ; free physical = 1540 ; free virtual = 9537
Constant propagation | Checksum: 14084f410
INFO: [Opt 31-389] Phase Constant propagation created 30 cells and removed 528 cells
INFO: [Opt 31-1021] In phase Constant propagation, 140 netlist objects are constrained preventing optimization. Please run opt_design with -debug_log to get more detail. 

Phase 5 Sweep
INFO: [Constraints 18-11670] Building netlist checker database with flags, 0x8
Done building netlist checker database: Time (s): cpu = 00:00:00.02 ; elapsed = 00:00:00.01 . Memory (MB): peak = 3814.781 ; gain = 0.000 ; free physical = 1534 ; free virtual = 9531
INFO: [Constraints 18-11670] Building netlist checker database with flags, 0x8
Done building netlist checker database: Time (s): cpu = 00:00:00.01 ; elapsed = 00:00:00.01 . Memory (MB): peak = 3814.781 ; gain = 0.000 ; free physical = 1532 ; free virtual = 9528
Phase 5 Sweep | Checksum: 1f9993fd1

Time (s): cpu = 00:00:04 ; elapsed = 00:00:03 . Memory (MB): peak = 3814.781 ; gain = 0.000 ; free physical = 1532 ; free virtual = 9527
Sweep | Checksum: 1f9993fd1
INFO: [Opt 31-389] Phase Sweep created 0 cells and removed 519 cells
INFO: [Opt 31-1021] In phase Sweep, 177 netlist objects are constrained preventing optimization. Please run opt_design with -debug_log to get more detail. 

Phase 6 BUFG optimization
INFO: [Opt 31-1077] Phase BUFG optimization inserted 0 global clock buffer(s) for CLOCK_LOW_FANOUT.
Phase 6 BUFG optimization | Checksum: 1f9993fd1

Time (s): cpu = 00:00:04 ; elapsed = 00:00:04 . Memory (MB): peak = 3846.797 ; gain = 32.016 ; free physical = 1532 ; free virtual = 9527
BUFG optimization | Checksum: 1f9993fd1
INFO: [Opt 31-662] Phase BUFG optimization created 0 cells of which 0 are BUFGs and removed 0 cells.

Phase 7 Shift Register Optimization
INFO: [Opt 31-1064] SRL Remap converted 0 SRLs to 0 registers and converted 0 registers of register chains to 0 SRLs
Phase 7 Shift Register Optimization | Checksum: 1f9993fd1

Time (s): cpu = 00:00:04 ; elapsed = 00:00:04 . Memory (MB): peak = 3846.797 ; gain = 32.016 ; free physical = 1532 ; free virtual = 9527
Shift Register Optimization | Checksum: 1f9993fd1
INFO: [Opt 31-389] Phase Shift Register Optimization created 0 cells and removed 0 cells

Phase 8 Post Processing Netlist
Phase 8 Post Processing Netlist | Checksum: 19bb4c215

Time (s): cpu = 00:00:04 ; elapsed = 00:00:04 . Memory (MB): peak = 3846.797 ; gain = 32.016 ; free physical = 1532 ; free virtual = 9527
Post Processing Netlist | Checksum: 19bb4c215
INFO: [Opt 31-389] Phase Post Processing Netlist created 0 cells and removed 0 cells
INFO: [Opt 31-1021] In phase Post Processing Netlist, 160 netlist objects are constrained preventing optimization. Please run opt_design with -debug_log to get more detail. 

Phase 9 Finalization

Phase 9.1 Finalizing Design Cores and Updating Shapes
Phase 9.1 Finalizing Design Cores and Updating Shapes | Checksum: 1c42a1e6b

Time (s): cpu = 00:00:05 ; elapsed = 00:00:04 . Memory (MB): peak = 3846.797 ; gain = 32.016 ; free physical = 1532 ; free virtual = 9527

Phase 9.2 Verifying Netlist Connectivity

Starting Connectivity Check Task

Time (s): cpu = 00:00:00.03 ; elapsed = 00:00:00.04 . Memory (MB): peak = 3846.797 ; gain = 0.000 ; free physical = 1532 ; free virtual = 9527
Phase 9.2 Verifying Netlist Connectivity | Checksum: 1c42a1e6b

Time (s): cpu = 00:00:05 ; elapsed = 00:00:04 . Memory (MB): peak = 3846.797 ; gain = 32.016 ; free physical = 1532 ; free virtual = 9527
Phase 9 Finalization | Checksum: 1c42a1e6b

Time (s): cpu = 00:00:05 ; elapsed = 00:00:04 . Memory (MB): peak = 3846.797 ; gain = 32.016 ; free physical = 1532 ; free virtual = 9527
Opt_design Change Summary
=========================


-------------------------------------------------------------------------------------------------------------------------
|  Phase                        |  #Cells created  |  #Cells Removed  |  #Constrained objects preventing optimizations  |
-------------------------------------------------------------------------------------------------------------------------
|  Retarget                     |              50  |             481  |                                            140  |
|  Constant propagation         |              30  |             528  |                                            140  |
|  Sweep                        |               0  |             519  |                                            177  |
|  BUFG optimization            |               0  |               0  |                                              0  |
|  Shift Register Optimization  |               0  |               0  |                                              0  |
|  Post Processing Netlist      |               0  |               0  |                                            160  |
-------------------------------------------------------------------------------------------------------------------------


Ending Logic Optimization Task | Checksum: 1c42a1e6b

Time (s): cpu = 00:00:05 ; elapsed = 00:00:04 . Memory (MB): peak = 3846.797 ; gain = 32.016 ; free physical = 1532 ; free virtual = 9527

Starting Power Optimization Task
INFO: [Pwropt 34-132] Skipping clock gating for clocks with a period < 2.00 ns.
INFO: [Pwropt 34-9] Applying IDT optimizations ...
INFO: [Pwropt 34-10] Applying ODC optimizations ...
INFO: [Timing 38-35] Done setting XDC timing constraints.
Running Vector-less Activity Propagation...

Finished Running Vector-less Activity Propagation


Starting PowerOpt Patch Enables Task
INFO: [Pwropt 34-162] WRITE_MODE attribute of 0 BRAM(s) out of a total of 12 has been updated to save power. Run report_power_opt to get a complete listing of the BRAMs updated.
INFO: [Pwropt 34-201] Structural ODC has moved 0 WE to EN ports
Number of BRAM Ports augmented: 1 newly gated: 8 Total Ports: 24
Ending PowerOpt Patch Enables Task | Checksum: 28a4981fc

Time (s): cpu = 00:00:00.18 ; elapsed = 00:00:00.15 . Memory (MB): peak = 3950.816 ; gain = 0.000 ; free physical = 1547 ; free virtual = 9552
Ending Power Optimization Task | Checksum: 28a4981fc

Time (s): cpu = 00:00:08 ; elapsed = 00:00:05 . Memory (MB): peak = 3950.816 ; gain = 104.020 ; free physical = 1547 ; free virtual = 9552

Starting Final Cleanup Task
Ending Final Cleanup Task | Checksum: 28a4981fc

Time (s): cpu = 00:00:00.01 ; elapsed = 00:00:00 . Memory (MB): peak = 3950.816 ; gain = 0.000 ; free physical = 1547 ; free virtual = 9552
Netlist sorting complete. Time (s): cpu = 00:00:00.01 ; elapsed = 00:00:00.01 . Memory (MB): peak = 3950.816 ; gain = 0.000 ; free physical = 1547 ; free virtual = 9552
INFO: [Common 17-83] Releasing license: Implementation
51 Infos, 0 Warnings, 0 Critical Warnings and 0 Errors encountered.
opt_design completed successfully
opt_design: Time (s): cpu = 00:00:19 ; elapsed = 00:00:14 . Memory (MB): peak = 3950.816 ; gain = 487.812 ; free physical = 1547 ; free virtual = 9552
INFO: [Vivado 12-24828] Executing command : report_drc -file main_design_wrapper_drc_opted.rpt -pb main_design_wrapper_drc_opted.pb -rpx main_design_wrapper_drc_opted.rpx
Command: report_drc -file main_design_wrapper_drc_opted.rpt -pb main_design_wrapper_drc_opted.pb -rpx main_design_wrapper_drc_opted.rpx
INFO: [IP_Flow 19-1839] IP Catalog is up to date.
INFO: [Timing 38-35] Done setting XDC timing constraints.
INFO: [DRC 23-27] Running DRC with 8 threads
INFO: [Vivado_Tcl 2-168] The results of DRC are in file /home/krzeslaav/SEM_1/sdup_project/STFT_FPGA/stft_v1.0.runs/impl_1/main_design_wrapper_drc_opted.rpt.
report_drc completed successfully
report_drc: Time (s): cpu = 00:00:25 ; elapsed = 00:00:21 . Memory (MB): peak = 4370.605 ; gain = 419.789 ; free physical = 1196 ; free virtual = 9212
generate_parallel_reports: Time (s): cpu = 00:00:25 ; elapsed = 00:00:21 . Memory (MB): peak = 4370.605 ; gain = 419.789 ; free physical = 1196 ; free virtual = 9212
INFO: [Timing 38-480] Writing timing data to binary archive.
Write ShapeDB Complete: Time (s): cpu = 00:00:00.11 ; elapsed = 00:00:00.03 . Memory (MB): peak = 4370.605 ; gain = 0.000 ; free physical = 1194 ; free virtual = 9211
INFO: [Common 17-1381] The checkpoint '/home/krzeslaav/SEM_1/sdup_project/STFT_FPGA/stft_v1.0.runs/impl_1/main_design_wrapper_opt.dcp' has been generated.
Command: place_design
Attempting to get a license for feature 'Implementation' and/or device 'xck26'
INFO: [Common 17-349] Got license for feature 'Implementation' and/or device 'xck26'
INFO: [Common 17-83] Releasing license: Implementation
INFO: [DRC 23-27] Running DRC with 8 threads
INFO: [Vivado_Tcl 4-198] DRC finished with 0 Errors
INFO: [Vivado_Tcl 4-199] Please refer to the DRC report (report_drc) for more information.
Running DRC as a precondition to command place_design
INFO: [DRC 23-27] Running DRC with 8 threads
INFO: [Vivado_Tcl 4-198] DRC finished with 0 Errors
INFO: [Vivado_Tcl 4-199] Please refer to the DRC report (report_drc) for more information.
INFO: [Place 30-611] Multithreading enabled for place_design using a maximum of 4 CPUs

Starting Placer Task

Phase 1 Placer Initialization

Phase 1.1 Placer Initialization Netlist Sorting
Netlist sorting complete. Time (s): cpu = 00:00:00 ; elapsed = 00:00:00.01 . Memory (MB): peak = 4370.641 ; gain = 0.000 ; free physical = 1112 ; free virtual = 9119
Phase 1.1 Placer Initialization Netlist Sorting | Checksum: 19f1a4c58

Time (s): cpu = 00:00:00.02 ; elapsed = 00:00:00.02 . Memory (MB): peak = 4370.641 ; gain = 0.000 ; free physical = 1112 ; free virtual = 9119
Netlist sorting complete. Time (s): cpu = 00:00:00.01 ; elapsed = 00:00:00.01 . Memory (MB): peak = 4370.641 ; gain = 0.000 ; free physical = 1112 ; free virtual = 9119

Phase 1.2 IO Placement/ Clock Placement/ Build Placer Device
Phase 1.2 IO Placement/ Clock Placement/ Build Placer Device | Checksum: 19954b149

Time (s): cpu = 00:00:04 ; elapsed = 00:00:03 . Memory (MB): peak = 4370.641 ; gain = 0.000 ; free physical = 1151 ; free virtual = 9154

Phase 1.3 Build Placer Netlist Model
Phase 1.3 Build Placer Netlist Model | Checksum: 2822e89f6

Time (s): cpu = 00:00:11 ; elapsed = 00:00:08 . Memory (MB): peak = 4402.621 ; gain = 31.980 ; free physical = 1170 ; free virtual = 9180

Phase 1.4 Constrain Clocks/Macros
Phase 1.4 Constrain Clocks/Macros | Checksum: 2822e89f6

Time (s): cpu = 00:00:11 ; elapsed = 00:00:08 . Memory (MB): peak = 4402.621 ; gain = 31.980 ; free physical = 1170 ; free virtual = 9182
Phase 1 Placer Initialization | Checksum: 2822e89f6

Time (s): cpu = 00:00:11 ; elapsed = 00:00:08 . Memory (MB): peak = 4402.621 ; gain = 31.980 ; free physical = 1170 ; free virtual = 9183

Phase 2 Global Placement

Phase 2.1 Floorplanning

Phase 2.1.1 Partition Driven Placement

Phase 2.1.1.1 PBP: Partition Driven Placement
Phase 2.1.1.1 PBP: Partition Driven Placement | Checksum: 1a056369f

Time (s): cpu = 00:00:18 ; elapsed = 00:00:11 . Memory (MB): peak = 4402.621 ; gain = 31.980 ; free physical = 1173 ; free virtual = 9184

Phase 2.1.1.2 PBP: Clock Region Placement
INFO: [Place 30-3162] Check ILP status : ILP-based clock placer completed successfully.
Phase 2.1.1.2 PBP: Clock Region Placement | Checksum: 1a056369f

Time (s): cpu = 00:00:18 ; elapsed = 00:00:11 . Memory (MB): peak = 4402.621 ; gain = 31.980 ; free physical = 1173 ; free virtual = 9184

Phase 2.1.1.3 PBP: Compute Congestion
Phase 2.1.1.3 PBP: Compute Congestion | Checksum: 1a056369f

Time (s): cpu = 00:00:32 ; elapsed = 00:00:16 . Memory (MB): peak = 4596.605 ; gain = 225.965 ; free physical = 727 ; free virtual = 8742

Phase 2.1.1.4 PBP: UpdateTiming
Phase 2.1.1.4 PBP: UpdateTiming | Checksum: 224147836

Time (s): cpu = 00:00:33 ; elapsed = 00:00:16 . Memory (MB): peak = 4628.621 ; gain = 257.980 ; free physical = 727 ; free virtual = 8742

Phase 2.1.1.5 PBP: Add part constraints
Phase 2.1.1.5 PBP: Add part constraints | Checksum: 224147836

Time (s): cpu = 00:00:33 ; elapsed = 00:00:16 . Memory (MB): peak = 4628.621 ; gain = 257.980 ; free physical = 727 ; free virtual = 8742
Phase 2.1.1 Partition Driven Placement | Checksum: 224147836

Time (s): cpu = 00:00:33 ; elapsed = 00:00:16 . Memory (MB): peak = 4628.621 ; gain = 257.980 ; free physical = 727 ; free virtual = 8742
Phase 2.1 Floorplanning | Checksum: 1d520cd01

Time (s): cpu = 00:00:33 ; elapsed = 00:00:16 . Memory (MB): peak = 4628.621 ; gain = 257.980 ; free physical = 727 ; free virtual = 8742

Phase 2.2 Update Timing before SLR Path Opt
Phase 2.2 Update Timing before SLR Path Opt | Checksum: 1d520cd01

Time (s): cpu = 00:00:33 ; elapsed = 00:00:16 . Memory (MB): peak = 4628.621 ; gain = 257.980 ; free physical = 727 ; free virtual = 8742

Phase 2.3 Post-Processing in Floorplanning
Phase 2.3 Post-Processing in Floorplanning | Checksum: 1d520cd01

Time (s): cpu = 00:00:33 ; elapsed = 00:00:16 . Memory (MB): peak = 4628.621 ; gain = 257.980 ; free physical = 727 ; free virtual = 8742

Phase 2.4 Global Place Phase1
Phase 2.4 Global Place Phase1 | Checksum: 25318ac65

Time (s): cpu = 00:01:03 ; elapsed = 00:00:29 . Memory (MB): peak = 4709.637 ; gain = 338.996 ; free physical = 583 ; free virtual = 8591

Phase 2.5 Global Place Phase2

Phase 2.5.1 UpdateTiming Before Physical Synthesis
Phase 2.5.1 UpdateTiming Before Physical Synthesis | Checksum: 25318ac65

Time (s): cpu = 00:01:04 ; elapsed = 00:00:29 . Memory (MB): peak = 4709.637 ; gain = 338.996 ; free physical = 583 ; free virtual = 8591

Phase 2.5.2 Physical Synthesis In Placer
INFO: [Physopt 32-1035] Found 0 LUTNM shape to break, 540 LUT instances to create LUTNM shape
INFO: [Physopt 32-1044] Break lutnm for timing: one critical 0, two critical 0, total 0, new lutff created 0
INFO: [Physopt 32-1138] End 1 Pass. Optimized 189 nets or LUTs. Breaked 0 LUT, combined 189 existing LUTs and moved 0 existing LUT
INFO: [Physopt 32-670] No setup violation found.  Equivalent Driver Rewiring was not performed.
INFO: [Physopt 32-65] No nets found for high-fanout optimization.
INFO: [Physopt 32-232] Optimized 0 net. Created 0 new instance.
INFO: [Physopt 32-775] End 1 Pass. Optimized 0 net or cell. Created 0 new cell, deleted 0 existing cell and moved 0 existing cell
INFO: [Physopt 32-670] No setup violation found.  DSP Register Optimization was not performed.
INFO: [Physopt 32-670] No setup violation found.  Shift Register to Pipeline Optimization was not performed.
INFO: [Physopt 32-670] No setup violation found.  Shift Register Optimization was not performed.
INFO: [Physopt 32-670] No setup violation found.  BRAM Register Optimization was not performed.
INFO: [Physopt 32-670] No setup violation found.  URAM Register Optimization was not performed.
INFO: [Physopt 32-949] No candidate nets found for dynamic/static region interface net replication
INFO: [Physopt 32-775] End 1 Pass. Optimized 0 net or cell. Created 0 new cell, deleted 0 existing cell and moved 0 existing cell
Netlist sorting complete. Time (s): cpu = 00:00:00.01 ; elapsed = 00:00:00.01 . Memory (MB): peak = 4709.637 ; gain = 0.000 ; free physical = 582 ; free virtual = 8591

Summary of Physical Synthesis Optimizations
============================================


-----------------------------------------------------------------------------------------------------------------------------------------------------------
|  Optimization                                     |  Added Cells  |  Removed Cells  |  Optimized Cells/Nets  |  Dont Touch  |  Iterations  |  Elapsed   |
-----------------------------------------------------------------------------------------------------------------------------------------------------------
|  LUT Combining                                    |            0  |            189  |                   189  |           0  |           1  |  00:00:00  |
|  Retime                                           |            0  |              0  |                     0  |           0  |           1  |  00:00:00  |
|  Equivalent Driver Rewiring                       |            0  |              0  |                     0  |           0  |           0  |  00:00:00  |
|  Very High Fanout                                 |            0  |              0  |                     0  |           0  |           1  |  00:00:00  |
|  DSP Register                                     |            0  |              0  |                     0  |           0  |           0  |  00:00:00  |
|  Shift Register to Pipeline                       |            0  |              0  |                     0  |           0  |           0  |  00:00:00  |
|  Shift Register                                   |            0  |              0  |                     0  |           0  |           0  |  00:00:00  |
|  BRAM Register                                    |            0  |              0  |                     0  |           0  |           0  |  00:00:00  |
|  URAM Register                                    |            0  |              0  |                     0  |           0  |           0  |  00:00:00  |
|  Dynamic/Static Region Interface Net Replication  |            0  |              0  |                     0  |           0  |           1  |  00:00:00  |
|  Total                                            |            0  |            189  |                   189  |           0  |           4  |  00:00:00  |
-----------------------------------------------------------------------------------------------------------------------------------------------------------


Phase 2.5.2 Physical Synthesis In Placer | Checksum: 1fc787438

Time (s): cpu = 00:01:07 ; elapsed = 00:00:32 . Memory (MB): peak = 4709.637 ; gain = 338.996 ; free physical = 585 ; free virtual = 8594
Phase 2.5 Global Place Phase2 | Checksum: 1c72e759c

Time (s): cpu = 00:01:22 ; elapsed = 00:00:37 . Memory (MB): peak = 4709.637 ; gain = 338.996 ; free physical = 565 ; free virtual = 8576
Phase 2 Global Placement | Checksum: 1c72e759c

Time (s): cpu = 00:01:22 ; elapsed = 00:00:37 . Memory (MB): peak = 4709.637 ; gain = 338.996 ; free physical = 565 ; free virtual = 8576

Phase 3 Detail Placement

Phase 3.1 Commit Multi Column Macros
Phase 3.1 Commit Multi Column Macros | Checksum: 1cbfd5ee5

Time (s): cpu = 00:01:37 ; elapsed = 00:00:42 . Memory (MB): peak = 4713.637 ; gain = 342.996 ; free physical = 608 ; free virtual = 8615

Phase 3.2 Commit Most Macros & LUTRAMs
Phase 3.2 Commit Most Macros & LUTRAMs | Checksum: 2a6e33884

Time (s): cpu = 00:01:40 ; elapsed = 00:00:43 . Memory (MB): peak = 4713.637 ; gain = 342.996 ; free physical = 613 ; free virtual = 8622

Phase 3.3 Small Shape DP

Phase 3.3.1 Small Shape Clustering
Phase 3.3.1 Small Shape Clustering | Checksum: 26ca2aecf

Time (s): cpu = 00:01:53 ; elapsed = 00:00:48 . Memory (MB): peak = 4713.637 ; gain = 342.996 ; free physical = 611 ; free virtual = 8620

Phase 3.3.2 Slice Area Swap

Phase 3.3.2.1 Slice Area Swap Initial
Phase 3.3.2.1 Slice Area Swap Initial | Checksum: 2a1136789

Time (s): cpu = 00:01:54 ; elapsed = 00:00:49 . Memory (MB): peak = 4713.637 ; gain = 342.996 ; free physical = 615 ; free virtual = 8624
Phase 3.3.2 Slice Area Swap | Checksum: 2a1136789

Time (s): cpu = 00:01:55 ; elapsed = 00:00:49 . Memory (MB): peak = 4713.637 ; gain = 342.996 ; free physical = 616 ; free virtual = 8625
Phase 3.3 Small Shape DP | Checksum: 29e9407d2

Time (s): cpu = 00:01:59 ; elapsed = 00:00:50 . Memory (MB): peak = 4713.637 ; gain = 342.996 ; free physical = 628 ; free virtual = 8635

Phase 3.4 Re-assign LUT pins
Phase 3.4 Re-assign LUT pins | Checksum: 2f4b7834e

Time (s): cpu = 00:02:00 ; elapsed = 00:00:51 . Memory (MB): peak = 4713.637 ; gain = 342.996 ; free physical = 630 ; free virtual = 8637

Phase 3.5 Pipeline Register Optimization
Phase 3.5 Pipeline Register Optimization | Checksum: 23f20f804

Time (s): cpu = 00:02:01 ; elapsed = 00:00:52 . Memory (MB): peak = 4713.637 ; gain = 342.996 ; free physical = 630 ; free virtual = 8634
Phase 3 Detail Placement | Checksum: 23f20f804

Time (s): cpu = 00:02:01 ; elapsed = 00:00:52 . Memory (MB): peak = 4713.637 ; gain = 342.996 ; free physical = 630 ; free virtual = 8634

Phase 4 Post Placement Optimization and Clean-Up

Phase 4.1 Post Commit Optimization
INFO: [Timing 38-35] Done setting XDC timing constraints.

Phase 4.1.1 Post Placement Optimization
Post Placement Optimization Initialization | Checksum: 272028f31

Phase 4.1.1.1 BUFG Insertion

Starting Physical Synthesis Task

Phase 1 Physical Synthesis Initialization
INFO: [Physopt 32-721] Multithreading enabled for phys_opt_design using a maximum of 4 CPUs
INFO: [Physopt 32-619] Estimated Timing Summary | WNS=4.147 | TNS=0.000 |
Phase 1 Physical Synthesis Initialization | Checksum: 207f1b2b4

Time (s): cpu = 00:00:00.74 ; elapsed = 00:00:00.31 . Memory (MB): peak = 4713.637 ; gain = 0.000 ; free physical = 658 ; free virtual = 8657
INFO: [Place 46-56] BUFG insertion identified 0 candidate nets. Inserted BUFG: 0, Replicated BUFG Driver: 0, Skipped due to Placement/Routing Conflicts: 0, Skipped due to Timing Degradation: 0, Skipped due to netlist editing failed: 0.
Ending Physical Synthesis Task | Checksum: 2c973db9e

Time (s): cpu = 00:00:00.93 ; elapsed = 00:00:00.43 . Memory (MB): peak = 4713.637 ; gain = 0.000 ; free physical = 658 ; free virtual = 8657
Phase 4.1.1.1 BUFG Insertion | Checksum: 272028f31

Time (s): cpu = 00:02:25 ; elapsed = 00:01:01 . Memory (MB): peak = 4713.637 ; gain = 342.996 ; free physical = 658 ; free virtual = 8657

Phase 4.1.1.2 Post Placement Timing Optimization
INFO: [Place 30-746] Post Placement Timing Summary WNS=4.147. For the most accurate timing information please run report_timing.
Phase 4.1.1.2 Post Placement Timing Optimization | Checksum: 22205ac6a

Time (s): cpu = 00:02:26 ; elapsed = 00:01:02 . Memory (MB): peak = 4713.637 ; gain = 342.996 ; free physical = 658 ; free virtual = 8657

Time (s): cpu = 00:02:26 ; elapsed = 00:01:02 . Memory (MB): peak = 4713.637 ; gain = 342.996 ; free physical = 658 ; free virtual = 8657
Phase 4.1 Post Commit Optimization | Checksum: 22205ac6a

Time (s): cpu = 00:02:26 ; elapsed = 00:01:02 . Memory (MB): peak = 4713.637 ; gain = 342.996 ; free physical = 658 ; free virtual = 8657
Netlist sorting complete. Time (s): cpu = 00:00:00.01 ; elapsed = 00:00:00 . Memory (MB): peak = 4713.637 ; gain = 0.000 ; free physical = 616 ; free virtual = 8618

Phase 4.2 Post Placement Cleanup
Phase 4.2 Post Placement Cleanup | Checksum: 1ae4a16d0

Time (s): cpu = 00:02:44 ; elapsed = 00:01:11 . Memory (MB): peak = 4713.637 ; gain = 342.996 ; free physical = 616 ; free virtual = 8618

Phase 4.3 Placer Reporting

Phase 4.3.1 Print Estimated Congestion
INFO: [Place 30-612] Post-Placement Estimated Congestion 
 ________________________________________________________________________
|           | Global Congestion | Long Congestion   | Short Congestion  |
| Direction | Region Size       | Region Size       | Region Size       |
|___________|___________________|___________________|___________________|
|      North|                1x1|                1x1|                2x2|
|___________|___________________|___________________|___________________|
|      South|                1x1|                1x1|                4x4|
|___________|___________________|___________________|___________________|
|       East|                1x1|                1x1|                2x2|
|___________|___________________|___________________|___________________|
|       West|                1x1|                1x1|                1x1|
|___________|___________________|___________________|___________________|

Phase 4.3.1 Print Estimated Congestion | Checksum: 1ae4a16d0

Time (s): cpu = 00:02:44 ; elapsed = 00:01:11 . Memory (MB): peak = 4713.637 ; gain = 342.996 ; free physical = 616 ; free virtual = 8618
Phase 4.3 Placer Reporting | Checksum: 1ae4a16d0

Time (s): cpu = 00:02:44 ; elapsed = 00:01:11 . Memory (MB): peak = 4713.637 ; gain = 342.996 ; free physical = 616 ; free virtual = 8618

Phase 4.4 Final Placement Cleanup
Netlist sorting complete. Time (s): cpu = 00:00:00 ; elapsed = 00:00:00 . Memory (MB): peak = 4713.637 ; gain = 0.000 ; free physical = 616 ; free virtual = 8618

Time (s): cpu = 00:02:44 ; elapsed = 00:01:11 . Memory (MB): peak = 4713.637 ; gain = 342.996 ; free physical = 616 ; free virtual = 8618
Phase 4 Post Placement Optimization and Clean-Up | Checksum: 1dcef0059

Time (s): cpu = 00:02:44 ; elapsed = 00:01:11 . Memory (MB): peak = 4713.637 ; gain = 342.996 ; free physical = 616 ; free virtual = 8618
Ending Placer Task | Checksum: 1a3d1850f

Time (s): cpu = 00:02:44 ; elapsed = 00:01:11 . Memory (MB): peak = 4713.637 ; gain = 342.996 ; free physical = 616 ; free virtual = 8618
88 Infos, 0 Warnings, 0 Critical Warnings and 0 Errors encountered.
place_design completed successfully
place_design: Time (s): cpu = 00:02:50 ; elapsed = 00:01:15 . Memory (MB): peak = 4713.637 ; gain = 343.031 ; free physical = 616 ; free virtual = 8618
INFO: [Vivado 12-24838] Running report commands "report_control_sets, report_io, report_utilization" in parallel.
Running report generation with 2 threads.
INFO: [Vivado 12-24828] Executing command : report_io -file main_design_wrapper_io_placed.rpt
report_io: Time (s): cpu = 00:00:00.43 ; elapsed = 00:00:00.44 . Memory (MB): peak = 4713.637 ; gain = 0.000 ; free physical = 578 ; free virtual = 8580
INFO: [Vivado 12-24828] Executing command : report_utilization -file main_design_wrapper_utilization_placed.rpt -pb main_design_wrapper_utilization_placed.pb
INFO: [Vivado 12-24828] Executing command : report_control_sets -verbose -file main_design_wrapper_control_sets_placed.rpt
report_control_sets: Time (s): cpu = 00:00:00.18 ; elapsed = 00:00:00.31 . Memory (MB): peak = 4713.637 ; gain = 0.000 ; free physical = 592 ; free virtual = 8595
INFO: [Timing 38-480] Writing timing data to binary archive.
Write ShapeDB Complete: Time (s): cpu = 00:00:00.38 ; elapsed = 00:00:00.12 . Memory (MB): peak = 4722.621 ; gain = 0.000 ; free physical = 590 ; free virtual = 8597
Wrote PlaceDB: Time (s): cpu = 00:00:02 ; elapsed = 00:00:00.84 . Memory (MB): peak = 4722.621 ; gain = 0.000 ; free physical = 595 ; free virtual = 8615
Wrote PulsedLatchDB: Time (s): cpu = 00:00:00 ; elapsed = 00:00:00 . Memory (MB): peak = 4722.621 ; gain = 0.000 ; free physical = 595 ; free virtual = 8615
Writing XDEF routing.
Writing XDEF routing logical nets.
Writing XDEF routing special nets.
Wrote RouteStorage: Time (s): cpu = 00:00:00.24 ; elapsed = 00:00:00.09 . Memory (MB): peak = 4722.621 ; gain = 0.000 ; free physical = 595 ; free virtual = 8615
Wrote Netlist Cache: Time (s): cpu = 00:00:00.04 ; elapsed = 00:00:00.01 . Memory (MB): peak = 4722.621 ; gain = 0.000 ; free physical = 595 ; free virtual = 8617
Wrote Device Cache: Time (s): cpu = 00:00:00.06 ; elapsed = 00:00:00.03 . Memory (MB): peak = 4722.621 ; gain = 0.000 ; free physical = 595 ; free virtual = 8620
Write Physdb Complete: Time (s): cpu = 00:00:03 ; elapsed = 00:00:00.99 . Memory (MB): peak = 4722.621 ; gain = 0.000 ; free physical = 595 ; free virtual = 8620
INFO: [Common 17-1381] The checkpoint '/home/krzeslaav/SEM_1/sdup_project/STFT_FPGA/stft_v1.0.runs/impl_1/main_design_wrapper_placed.dcp' has been generated.
Command: phys_opt_design
Attempting to get a license for feature 'Implementation' and/or device 'xck26'
INFO: [Common 17-349] Got license for feature 'Implementation' and/or device 'xck26'

Starting Initial Update Timing Task

Time (s): cpu = 00:00:08 ; elapsed = 00:00:03 . Memory (MB): peak = 4722.621 ; gain = 0.000 ; free physical = 567 ; free virtual = 8582
INFO: [Vivado_Tcl 4-2279] Estimated Timing Summary | WNS= 4.150 | TNS= 0.000 | 
INFO: [Vivado_Tcl 4-383] Design worst setup slack (WNS) is greater than or equal to 0.000 ns. All physical synthesis setup optimizations will be skipped.
INFO: [Vivado_Tcl 4-232] No setup violation found. The netlist was not modified.
INFO: [Common 17-83] Releasing license: Implementation
99 Infos, 0 Warnings, 0 Critical Warnings and 0 Errors encountered.
phys_opt_design completed successfully
INFO: [Timing 38-480] Writing timing data to binary archive.
Write ShapeDB Complete: Time (s): cpu = 00:00:00.22 ; elapsed = 00:00:00.06 . Memory (MB): peak = 4722.621 ; gain = 0.000 ; free physical = 567 ; free virtual = 8586
Wrote PlaceDB: Time (s): cpu = 00:00:02 ; elapsed = 00:00:00.77 . Memory (MB): peak = 4722.621 ; gain = 0.000 ; free physical = 579 ; free virtual = 8610
Wrote PulsedLatchDB: Time (s): cpu = 00:00:00 ; elapsed = 00:00:00 . Memory (MB): peak = 4722.621 ; gain = 0.000 ; free physical = 579 ; free virtual = 8610
Writing XDEF routing.
Writing XDEF routing logical nets.
Writing XDEF routing special nets.
Wrote RouteStorage: Time (s): cpu = 00:00:00.23 ; elapsed = 00:00:00.09 . Memory (MB): peak = 4722.621 ; gain = 0.000 ; free physical = 579 ; free virtual = 8611
Wrote Netlist Cache: Time (s): cpu = 00:00:00.05 ; elapsed = 00:00:00.01 . Memory (MB): peak = 4722.621 ; gain = 0.000 ; free physical = 579 ; free virtual = 8612
Wrote Device Cache: Time (s): cpu = 00:00:00.06 ; elapsed = 00:00:00.03 . Memory (MB): peak = 4722.621 ; gain = 0.000 ; free physical = 579 ; free virtual = 8615
Write Physdb Complete: Time (s): cpu = 00:00:02 ; elapsed = 00:00:00.92 . Memory (MB): peak = 4722.621 ; gain = 0.000 ; free physical = 579 ; free virtual = 8615
INFO: [Common 17-1381] The checkpoint '/home/krzeslaav/SEM_1/sdup_project/STFT_FPGA/stft_v1.0.runs/impl_1/main_design_wrapper_physopt.dcp' has been generated.
Command: route_design
Attempting to get a license for feature 'Implementation' and/or device 'xck26'
INFO: [Common 17-349] Got license for feature 'Implementation' and/or device 'xck26'


Starting Routing Task
INFO: [Route 35-254] Multithreading enabled for route_design using a maximum of 4 CPUs

Phase 1 Build RT Design
Checksum: PlaceDB: 848500af ConstDB: 0 ShapeSum: ccf093ae RouteDB: 525bf0b2
Nodegraph reading from file.  Time (s): cpu = 00:00:00.8 ; elapsed = 00:00:00.87 . Memory (MB): peak = 4722.621 ; gain = 0.000 ; free physical = 547 ; free virtual = 8566
Post Restoration Checksum: NetGraph: 83ec9f27 | NumContArr: a9483484 | Constraints: f802ff3e | Timing: c2a8fa9d
Phase 1 Build RT Design | Checksum: 2e7e0cd86

Time (s): cpu = 00:00:13 ; elapsed = 00:00:06 . Memory (MB): peak = 4722.621 ; gain = 0.000 ; free physical = 545 ; free virtual = 8563

Phase 2 Router Initialization

Phase 2.1 Fix Topology Constraints
Phase 2.1 Fix Topology Constraints | Checksum: 2e7e0cd86

Time (s): cpu = 00:00:13 ; elapsed = 00:00:06 . Memory (MB): peak = 4722.621 ; gain = 0.000 ; free physical = 545 ; free virtual = 8563

Phase 2.2 Pre Route Cleanup
Phase 2.2 Pre Route Cleanup | Checksum: 2e7e0cd86

Time (s): cpu = 00:00:13 ; elapsed = 00:00:06 . Memory (MB): peak = 4722.621 ; gain = 0.000 ; free physical = 545 ; free virtual = 8563

Phase 2.3 Global Clock Net Routing
 Number of Nodes with overlaps = 0
Phase 2.3 Global Clock Net Routing | Checksum: 25a41340a

Time (s): cpu = 00:00:15 ; elapsed = 00:00:07 . Memory (MB): peak = 4722.621 ; gain = 0.000 ; free physical = 549 ; free virtual = 8564

Phase 2.4 Update Timing
Phase 2.4 Update Timing | Checksum: 174a17233

Time (s): cpu = 00:00:19 ; elapsed = 00:00:08 . Memory (MB): peak = 4722.621 ; gain = 0.000 ; free physical = 552 ; free virtual = 8568
INFO: [Route 35-416] Intermediate Timing Summary | WNS=4.259  | TNS=0.000  | WHS=-0.087 | THS=-88.169|


Phase 2.5 Soft Constraint Pins - Fast Budgeting
Phase 2.5 Soft Constraint Pins - Fast Budgeting | Checksum: 158e17ceb

Time (s): cpu = 00:00:24 ; elapsed = 00:00:11 . Memory (MB): peak = 4722.621 ; gain = 0.000 ; free physical = 535 ; free virtual = 8553

Router Utilization Summary
  Global Vertical Routing Utilization    = 0 %
  Global Horizontal Routing Utilization  = 0 %
  Routable Net Status*
  *Does not include unroutable nets such as driverless and loadless.
  Run report_route_status for detailed report.
  Number of Failed Nets               = 13475
    (Failed Nets is the sum of unrouted and partially routed nets)
  Number of Unrouted Nets             = 11664
  Number of Partially Routed Nets     = 1811
  Number of Node Overlaps             = 0

Phase 2 Router Initialization | Checksum: 13b81ae78

Time (s): cpu = 00:00:25 ; elapsed = 00:00:11 . Memory (MB): peak = 4722.621 ; gain = 0.000 ; free physical = 542 ; free virtual = 8557

Phase 3 Global Routing
Phase 3 Global Routing | Checksum: 13b81ae78

Time (s): cpu = 00:00:25 ; elapsed = 00:00:11 . Memory (MB): peak = 4722.621 ; gain = 0.000 ; free physical = 542 ; free virtual = 8557

Phase 4 Initial Routing

Phase 4.1 Initial Net Routing Pass
Phase 4.1 Initial Net Routing Pass | Checksum: 1d30f3ff9

Time (s): cpu = 00:00:31 ; elapsed = 00:00:14 . Memory (MB): peak = 4722.621 ; gain = 0.000 ; free physical = 572 ; free virtual = 8588
Phase 4 Initial Routing | Checksum: 2652f1152

Time (s): cpu = 00:00:31 ; elapsed = 00:00:14 . Memory (MB): peak = 4722.621 ; gain = 0.000 ; free physical = 571 ; free virtual = 8586

Phase 5 Rip-up And Reroute

Phase 5.1 Global Iteration 0
 Number of Nodes with overlaps = 2212
 Number of Nodes with overlaps = 128
 Number of Nodes with overlaps = 2
 Number of Nodes with overlaps = 0
INFO: [Route 35-416] Intermediate Timing Summary | WNS=3.966  | TNS=0.000  | WHS=-0.023 | THS=-0.163 |

Phase 5.1 Global Iteration 0 | Checksum: 2bf893d14

Time (s): cpu = 00:00:56 ; elapsed = 00:00:25 . Memory (MB): peak = 4722.621 ; gain = 0.000 ; free physical = 667 ; free virtual = 8685

Phase 5.2 Additional Iteration for Hold
Phase 5.2 Additional Iteration for Hold | Checksum: 3505afe37

Time (s): cpu = 00:00:56 ; elapsed = 00:00:25 . Memory (MB): peak = 4722.621 ; gain = 0.000 ; free physical = 667 ; free virtual = 8685
Phase 5 Rip-up And Reroute | Checksum: 3505afe37

Time (s): cpu = 00:00:56 ; elapsed = 00:00:25 . Memory (MB): peak = 4722.621 ; gain = 0.000 ; free physical = 667 ; free virtual = 8685

Phase 6 Delay and Skew Optimization

Phase 6.1 Delay CleanUp
INFO: [Route 35-416] Intermediate Timing Summary | WNS=3.966  | TNS=0.000  | WHS=0.010  | THS=0.000  |

INFO: [Route 35-416] Intermediate Timing Summary | WNS=3.966  | TNS=0.000  | WHS=0.010  | THS=0.000  |

Phase 6.1 Delay CleanUp | Checksum: 389f6a70e

Time (s): cpu = 00:01:00 ; elapsed = 00:00:26 . Memory (MB): peak = 4722.621 ; gain = 0.000 ; free physical = 669 ; free virtual = 8687

Phase 6.2 Clock Skew Optimization
Phase 6.2 Clock Skew Optimization | Checksum: 389f6a70e

Time (s): cpu = 00:01:00 ; elapsed = 00:00:26 . Memory (MB): peak = 4722.621 ; gain = 0.000 ; free physical = 669 ; free virtual = 8687
Phase 6 Delay and Skew Optimization | Checksum: 389f6a70e

Time (s): cpu = 00:01:00 ; elapsed = 00:00:26 . Memory (MB): peak = 4722.621 ; gain = 0.000 ; free physical = 669 ; free virtual = 8685

Phase 7 Post Hold Fix

Phase 7.1 Hold Fix Iter
INFO: [Route 35-416] Intermediate Timing Summary | WNS=3.966  | TNS=0.000  | WHS=0.010  | THS=0.000  |

Phase 7.1 Hold Fix Iter | Checksum: 362374d8b

Time (s): cpu = 00:01:03 ; elapsed = 00:00:27 . Memory (MB): peak = 4722.621 ; gain = 0.000 ; free physical = 675 ; free virtual = 8691
Phase 7 Post Hold Fix | Checksum: 362374d8b

Time (s): cpu = 00:01:03 ; elapsed = 00:00:27 . Memory (MB): peak = 4722.621 ; gain = 0.000 ; free physical = 675 ; free virtual = 8691

Phase 8 Route finalize

Router Utilization Summary
  Global Vertical Routing Utilization    = 1.10109 %
  Global Horizontal Routing Utilization  = 1.28592 %
  Routable Net Status*
  *Does not include unroutable nets such as driverless and loadless.
  Run report_route_status for detailed report.
  Number of Failed Nets               = 0
    (Failed Nets is the sum of unrouted and partially routed nets)
  Number of Unrouted Nets             = 0
  Number of Partially Routed Nets     = 0
  Number of Node Overlaps             = 0

Phase 8 Route finalize | Checksum: 362374d8b

Time (s): cpu = 00:01:03 ; elapsed = 00:00:27 . Memory (MB): peak = 4722.621 ; gain = 0.000 ; free physical = 676 ; free virtual = 8692

Phase 9 Verifying routed nets

 Verification completed successfully
Phase 9 Verifying routed nets | Checksum: 362374d8b

Time (s): cpu = 00:01:04 ; elapsed = 00:00:28 . Memory (MB): peak = 4722.621 ; gain = 0.000 ; free physical = 676 ; free virtual = 8692

Phase 10 Depositing Routes
Phase 10 Depositing Routes | Checksum: 362374d8b

Time (s): cpu = 00:01:05 ; elapsed = 00:00:29 . Memory (MB): peak = 4722.621 ; gain = 0.000 ; free physical = 678 ; free virtual = 8695

Phase 11 Resolve XTalk
Phase 11 Resolve XTalk | Checksum: 362374d8b

Time (s): cpu = 00:01:05 ; elapsed = 00:00:29 . Memory (MB): peak = 4722.621 ; gain = 0.000 ; free physical = 678 ; free virtual = 8695

Phase 12 Post Process Routing
Phase 12 Post Process Routing | Checksum: 362374d8b

Time (s): cpu = 00:01:05 ; elapsed = 00:00:29 . Memory (MB): peak = 4722.621 ; gain = 0.000 ; free physical = 678 ; free virtual = 8695

Phase 13 Post Router Timing
INFO: [Route 35-57] Estimated Timing Summary | WNS=3.966  | TNS=0.000  | WHS=0.010  | THS=0.000  |

INFO: [Route 35-327] The final timing numbers are based on the router estimated timing analysis. For a complete and accurate timing signoff, please run report_timing_summary.
Phase 13 Post Router Timing | Checksum: 362374d8b

Time (s): cpu = 00:01:06 ; elapsed = 00:00:29 . Memory (MB): peak = 4722.621 ; gain = 0.000 ; free physical = 679 ; free virtual = 8695
Total Elapsed time in route_design: 28.96 secs

Phase 14 Post-Route Event Processing
Phase 14 Post-Route Event Processing | Checksum: 168eda320

Time (s): cpu = 00:01:06 ; elapsed = 00:00:29 . Memory (MB): peak = 4722.621 ; gain = 0.000 ; free physical = 679 ; free virtual = 8695
INFO: [Route 35-16] Router Completed Successfully
Ending Routing Task | Checksum: 168eda320

Time (s): cpu = 00:01:06 ; elapsed = 00:00:29 . Memory (MB): peak = 4722.621 ; gain = 0.000 ; free physical = 679 ; free virtual = 8695

Routing Is Done.
INFO: [Common 17-83] Releasing license: Implementation
112 Infos, 0 Warnings, 0 Critical Warnings and 0 Errors encountered.
route_design completed successfully
route_design: Time (s): cpu = 00:01:06 ; elapsed = 00:00:29 . Memory (MB): peak = 4722.621 ; gain = 0.000 ; free physical = 676 ; free virtual = 8696
INFO: [Vivado 12-24828] Executing command : report_drc -file main_design_wrapper_drc_routed.rpt -pb main_design_wrapper_drc_routed.pb -rpx main_design_wrapper_drc_routed.rpx
Command: report_drc -file main_design_wrapper_drc_routed.rpt -pb main_design_wrapper_drc_routed.pb -rpx main_design_wrapper_drc_routed.rpx
INFO: [IP_Flow 19-1839] IP Catalog is up to date.
INFO: [DRC 23-27] Running DRC with 8 threads
INFO: [Vivado_Tcl 2-168] The results of DRC are in file /home/krzeslaav/SEM_1/sdup_project/STFT_FPGA/stft_v1.0.runs/impl_1/main_design_wrapper_drc_routed.rpt.
report_drc completed successfully
INFO: [Vivado 12-24828] Executing command : report_methodology -file main_design_wrapper_methodology_drc_routed.rpt -pb main_design_wrapper_methodology_drc_routed.pb -rpx main_design_wrapper_methodology_drc_routed.rpx
Command: report_methodology -file main_design_wrapper_methodology_drc_routed.rpt -pb main_design_wrapper_methodology_drc_routed.pb -rpx main_design_wrapper_methodology_drc_routed.rpx
INFO: [Timing 38-35] Done setting XDC timing constraints.
INFO: [DRC 23-133] Running Methodology with 8 threads
INFO: [Vivado_Tcl 2-1520] The results of Report Methodology are in file /home/krzeslaav/SEM_1/sdup_project/STFT_FPGA/stft_v1.0.runs/impl_1/main_design_wrapper_methodology_drc_routed.rpt.
report_methodology completed successfully
INFO: [Vivado 12-24828] Executing command : report_timing_summary -max_paths 10 -routable_nets -report_unconstrained -file main_design_wrapper_timing_summary_routed.rpt -pb main_design_wrapper_timing_summary_routed.pb -rpx main_design_wrapper_timing_summary_routed.rpx -warn_on_violation 
INFO: [Timing 38-35] Done setting XDC timing constraints.
INFO: [Timing 38-91] UpdateTimingParams: Speed grade: -2LV, Temperature grade: C, Delay Type: min_max.
INFO: [Timing 38-191] Multithreading enabled for timing update using a maximum of 4 CPUs
INFO: [Vivado 12-24838] Running report commands "report_bus_skew, report_incremental_reuse, report_route_status" in parallel.
Running report generation with 2 threads.
INFO: [Vivado 12-24828] Executing command : report_incremental_reuse -file main_design_wrapper_incremental_reuse_routed.rpt
INFO: [Vivado_Tcl 4-1062] Incremental flow is disabled. No incremental reuse Info to report.
INFO: [Vivado 12-24828] Executing command : report_bus_skew -warn_on_violation -file main_design_wrapper_bus_skew_routed.rpt -pb main_design_wrapper_bus_skew_routed.pb -rpx main_design_wrapper_bus_skew_routed.rpx
INFO: [Timing 38-91] UpdateTimingParams: Speed grade: -2LV, Temperature grade: C, Delay Type: min_max.
INFO: [Timing 38-191] Multithreading enabled for timing update using a maximum of 4 CPUs
INFO: [Vivado 12-24828] Executing command : report_route_status -file main_design_wrapper_route_status.rpt -pb main_design_wrapper_route_status.pb
INFO: [Vivado 12-24828] Executing command : report_power -file main_design_wrapper_power_routed.rpt -pb main_design_wrapper_power_summary_routed.pb -rpx main_design_wrapper_power_routed.rpx
Command: report_power -file main_design_wrapper_power_routed.rpt -pb main_design_wrapper_power_summary_routed.pb -rpx main_design_wrapper_power_routed.rpx
Running Vector-less Activity Propagation...

Finished Running Vector-less Activity Propagation
132 Infos, 0 Warnings, 0 Critical Warnings and 0 Errors encountered.
report_power completed successfully
report_power: Time (s): cpu = 00:00:15 ; elapsed = 00:00:13 . Memory (MB): peak = 4722.621 ; gain = 0.000 ; free physical = 691 ; free virtual = 8720
INFO: [Vivado 12-24828] Executing command : report_clock_utilization -file main_design_wrapper_clock_utilization_routed.rpt
report_clock_utilization: Time (s): cpu = 00:00:05 ; elapsed = 00:00:05 . Memory (MB): peak = 4722.621 ; gain = 0.000 ; free physical = 677 ; free virtual = 8719
generate_parallel_reports: Time (s): cpu = 00:00:45 ; elapsed = 00:00:29 . Memory (MB): peak = 4722.621 ; gain = 0.000 ; free physical = 677 ; free virtual = 8719
INFO: [Timing 38-480] Writing timing data to binary archive.
Write ShapeDB Complete: Time (s): cpu = 00:00:00.39 ; elapsed = 00:00:00.11 . Memory (MB): peak = 4722.621 ; gain = 0.000 ; free physical = 677 ; free virtual = 8723
Wrote PlaceDB: Time (s): cpu = 00:00:02 ; elapsed = 00:00:00.71 . Memory (MB): peak = 4722.621 ; gain = 0.000 ; free physical = 675 ; free virtual = 8734
Wrote PulsedLatchDB: Time (s): cpu = 00:00:00 ; elapsed = 00:00:00 . Memory (MB): peak = 4722.621 ; gain = 0.000 ; free physical = 675 ; free virtual = 8734
Writing XDEF routing.
Writing XDEF routing logical nets.
Writing XDEF routing special nets.
Wrote RouteStorage: Time (s): cpu = 00:00:00.66 ; elapsed = 00:00:00.24 . Memory (MB): peak = 4722.621 ; gain = 0.000 ; free physical = 675 ; free virtual = 8733
Wrote Netlist Cache: Time (s): cpu = 00:00:00.04 ; elapsed = 00:00:00.01 . Memory (MB): peak = 4722.621 ; gain = 0.000 ; free physical = 675 ; free virtual = 8735
Wrote Device Cache: Time (s): cpu = 00:00:00.05 ; elapsed = 00:00:00.03 . Memory (MB): peak = 4722.621 ; gain = 0.000 ; free physical = 675 ; free virtual = 8738
Write Physdb Complete: Time (s): cpu = 00:00:03 ; elapsed = 00:00:01 . Memory (MB): peak = 4722.621 ; gain = 0.000 ; free physical = 675 ; free virtual = 8738
INFO: [Common 17-1381] The checkpoint '/home/krzeslaav/SEM_1/sdup_project/STFT_FPGA/stft_v1.0.runs/impl_1/main_design_wrapper_routed.dcp' has been generated.

WARNING::74 - Unsupported FPGA device name 'xck26-sfvc784-2LV-c'. Verify that the specified device is a valid customer supported device.
-p xck26-sfvc784-2LV-c
   ^

INFO: [Memdata 28-167] Found XPM memory block main_design_i/axi_smc_1/inst/s01_nodes/s01_w_node/inst/inst_mi_handler/gen_normal_area.inst_fifo_node_payld/gen_xpm_memory_fifo.inst_fifo/gen_mem_rep[0].inst_xpm_memory/xpm_memory_base_inst with a P_MEMORY_PRIMITIVE property set to distributed. A value of block is required. You will not be able to use the updatemem program to update the bitstream with new data for the main_design_i/axi_smc_1/inst/s01_nodes/s01_w_node/inst/inst_mi_handler/gen_normal_area.inst_fifo_node_payld/gen_xpm_memory_fifo.inst_fifo/gen_mem_rep[0].inst_xpm_memory/xpm_memory_base_inst block.
INFO: [Memdata 28-167] Found XPM memory block main_design_i/axi_smc_1/inst/s01_nodes/s01_w_node/inst/inst_mi_handler/gen_normal_area.gen_fifo_req.inst_fifo_req/gen_xpm_memory_fifo.inst_fifo/gen_mem_rep[0].inst_xpm_memory/xpm_memory_base_inst with a P_MEMORY_PRIMITIVE property set to distributed. A value of block is required. You will not be able to use the updatemem program to update the bitstream with new data for the main_design_i/axi_smc_1/inst/s01_nodes/s01_w_node/inst/inst_mi_handler/gen_normal_area.gen_fifo_req.inst_fifo_req/gen_xpm_memory_fifo.inst_fifo/gen_mem_rep[0].inst_xpm_memory/xpm_memory_base_inst block.
INFO: [Memdata 28-167] Found XPM memory block main_design_i/axi_smc_1/inst/s01_nodes/s01_b_node/inst/inst_mi_handler/gen_normal_area.inst_fifo_node_payld/gen_xpm_memory_fifo.inst_fifo/gen_mem_rep[0].inst_xpm_memory/xpm_memory_base_inst with a P_MEMORY_PRIMITIVE property set to distributed. A value of block is required. You will not be able to use the updatemem program to update the bitstream with new data for the main_design_i/axi_smc_1/inst/s01_nodes/s01_b_node/inst/inst_mi_handler/gen_normal_area.inst_fifo_node_payld/gen_xpm_memory_fifo.inst_fifo/gen_mem_rep[0].inst_xpm_memory/xpm_memory_base_inst block.
INFO: [Memdata 28-167] Found XPM memory block main_design_i/axi_smc_1/inst/s01_nodes/s01_aw_node/inst/inst_mi_handler/gen_normal_area.inst_fifo_node_payld/gen_xpm_memory_fifo.inst_fifo/gen_mem_rep[0].inst_xpm_memory/xpm_memory_base_inst with a P_MEMORY_PRIMITIVE property set to distributed. A value of block is required. You will not be able to use the updatemem program to update the bitstream with new data for the main_design_i/axi_smc_1/inst/s01_nodes/s01_aw_node/inst/inst_mi_handler/gen_normal_area.inst_fifo_node_payld/gen_xpm_memory_fifo.inst_fifo/gen_mem_rep[0].inst_xpm_memory/xpm_memory_base_inst block.
INFO: [Memdata 28-167] Found XPM memory block main_design_i/axi_smc_1/inst/s00_nodes/s00_r_node/inst/inst_mi_handler/gen_normal_area.inst_fifo_node_payld/gen_xpm_memory_fifo.inst_fifo/gen_mem_rep[0].inst_xpm_memory/xpm_memory_base_inst with a P_MEMORY_PRIMITIVE property set to distributed. A value of block is required. You will not be able to use the updatemem program to update the bitstream with new data for the main_design_i/axi_smc_1/inst/s00_nodes/s00_r_node/inst/inst_mi_handler/gen_normal_area.inst_fifo_node_payld/gen_xpm_memory_fifo.inst_fifo/gen_mem_rep[0].inst_xpm_memory/xpm_memory_base_inst block.
INFO: [Memdata 28-167] Found XPM memory block main_design_i/axi_smc_1/inst/s00_nodes/s00_ar_node/inst/inst_mi_handler/gen_normal_area.inst_fifo_node_payld/gen_xpm_memory_fifo.inst_fifo/gen_mem_rep[0].inst_xpm_memory/xpm_memory_base_inst with a P_MEMORY_PRIMITIVE property set to distributed. A value of block is required. You will not be able to use the updatemem program to update the bitstream with new data for the main_design_i/axi_smc_1/inst/s00_nodes/s00_ar_node/inst/inst_mi_handler/gen_normal_area.inst_fifo_node_payld/gen_xpm_memory_fifo.inst_fifo/gen_mem_rep[0].inst_xpm_memory/xpm_memory_base_inst block.
INFO: [Memdata 28-167] Found XPM memory block main_design_i/axi_smc_1/inst/m00_nodes/m00_w_node/inst/inst_si_handler/gen_si_handler.gen_request_fifos.gen_req_fifo[1].inst_req_fifo/gen_xpm_memory_fifo.inst_fifo/gen_mem_rep[0].inst_xpm_memory/xpm_memory_base_inst with a P_MEMORY_PRIMITIVE property set to distributed. A value of block is required. You will not be able to use the updatemem program to update the bitstream with new data for the main_design_i/axi_smc_1/inst/m00_nodes/m00_w_node/inst/inst_si_handler/gen_si_handler.gen_request_fifos.gen_req_fifo[1].inst_req_fifo/gen_xpm_memory_fifo.inst_fifo/gen_mem_rep[0].inst_xpm_memory/xpm_memory_base_inst block.
INFO: [Memdata 28-167] Found XPM memory block main_design_i/axi_smc_1/inst/m00_nodes/m00_w_node/inst/inst_mi_handler/gen_normal_area.inst_fifo_node_payld/gen_xpm_memory_fifo.inst_fifo/gen_mem_rep[0].inst_xpm_memory/xpm_memory_base_inst with a P_MEMORY_PRIMITIVE property set to distributed. A value of block is required. You will not be able to use the updatemem program to update the bitstream with new data for the main_design_i/axi_smc_1/inst/m00_nodes/m00_w_node/inst/inst_mi_handler/gen_normal_area.inst_fifo_node_payld/gen_xpm_memory_fifo.inst_fifo/gen_mem_rep[0].inst_xpm_memory/xpm_memory_base_inst block.
INFO: [Memdata 28-167] Found XPM memory block main_design_i/axi_smc_1/inst/m00_nodes/m00_r_node/inst/inst_mi_handler/gen_normal_area.inst_fifo_node_payld/gen_xpm_memory_fifo.inst_fifo/gen_mem_rep[0].inst_xpm_memory/xpm_memory_base_inst with a P_MEMORY_PRIMITIVE property set to distributed. A value of block is required. You will not be able to use the updatemem program to update the bitstream with new data for the main_design_i/axi_smc_1/inst/m00_nodes/m00_r_node/inst/inst_mi_handler/gen_normal_area.inst_fifo_node_payld/gen_xpm_memory_fifo.inst_fifo/gen_mem_rep[0].inst_xpm_memory/xpm_memory_base_inst block.
INFO: [Memdata 28-167] Found XPM memory block main_design_i/axi_smc_1/inst/m00_nodes/m00_r_node/inst/inst_mi_handler/gen_normal_area.gen_fifo_req.inst_fifo_req/gen_xpm_memory_fifo.inst_fifo/gen_mem_rep[0].inst_xpm_memory/xpm_memory_base_inst with a P_MEMORY_PRIMITIVE property set to distributed. A value of block is required. You will not be able to use the updatemem program to update the bitstream with new data for the main_design_i/axi_smc_1/inst/m00_nodes/m00_r_node/inst/inst_mi_handler/gen_normal_area.gen_fifo_req.inst_fifo_req/gen_xpm_memory_fifo.inst_fifo/gen_mem_rep[0].inst_xpm_memory/xpm_memory_base_inst block.
INFO: [Memdata 28-167] Found XPM memory block main_design_i/axi_smc_1/inst/m00_nodes/m00_b_node/inst/inst_mi_handler/gen_normal_area.inst_fifo_node_payld/gen_xpm_memory_fifo.inst_fifo/gen_mem_rep[0].inst_xpm_memory/xpm_memory_base_inst with a P_MEMORY_PRIMITIVE property set to distributed. A value of block is required. You will not be able to use the updatemem program to update the bitstream with new data for the main_design_i/axi_smc_1/inst/m00_nodes/m00_b_node/inst/inst_mi_handler/gen_normal_area.inst_fifo_node_payld/gen_xpm_memory_fifo.inst_fifo/gen_mem_rep[0].inst_xpm_memory/xpm_memory_base_inst block.
INFO: [Memdata 28-167] Found XPM memory block main_design_i/axi_smc_1/inst/m00_nodes/m00_b_node/inst/inst_mi_handler/gen_normal_area.gen_fifo_req.inst_fifo_req/gen_xpm_memory_fifo.inst_fifo/gen_mem_rep[0].inst_xpm_memory/xpm_memory_base_inst with a P_MEMORY_PRIMITIVE property set to distributed. A value of block is required. You will not be able to use the updatemem program to update the bitstream with new data for the main_design_i/axi_smc_1/inst/m00_nodes/m00_b_node/inst/inst_mi_handler/gen_normal_area.gen_fifo_req.inst_fifo_req/gen_xpm_memory_fifo.inst_fifo/gen_mem_rep[0].inst_xpm_memory/xpm_memory_base_inst block.
INFO: [Memdata 28-167] Found XPM memory block main_design_i/axi_smc_1/inst/m00_nodes/m00_aw_node/inst/inst_mi_handler/gen_normal_area.inst_fifo_node_payld/gen_xpm_memory_fifo.inst_fifo/gen_mem_rep[0].inst_xpm_memory/xpm_memory_base_inst with a P_MEMORY_PRIMITIVE property set to distributed. A value of block is required. You will not be able to use the updatemem program to update the bitstream with new data for the main_design_i/axi_smc_1/inst/m00_nodes/m00_aw_node/inst/inst_mi_handler/gen_normal_area.inst_fifo_node_payld/gen_xpm_memory_fifo.inst_fifo/gen_mem_rep[0].inst_xpm_memory/xpm_memory_base_inst block.
INFO: [Memdata 28-167] Found XPM memory block main_design_i/axi_smc_1/inst/m00_nodes/m00_ar_node/inst/inst_mi_handler/gen_normal_area.inst_fifo_node_payld/gen_xpm_memory_fifo.inst_fifo/gen_mem_rep[0].inst_xpm_memory/xpm_memory_base_inst with a P_MEMORY_PRIMITIVE property set to distributed. A value of block is required. You will not be able to use the updatemem program to update the bitstream with new data for the main_design_i/axi_smc_1/inst/m00_nodes/m00_ar_node/inst/inst_mi_handler/gen_normal_area.inst_fifo_node_payld/gen_xpm_memory_fifo.inst_fifo/gen_mem_rep[0].inst_xpm_memory/xpm_memory_base_inst block.
INFO: [Memdata 28-167] Found XPM memory block main_design_i/axi_smc/inst/switchboards/i_nodes/i_w_node/inst/inst_si_handler/gen_si_handler.gen_request_fifos.gen_req_fifo[0].inst_req_fifo/gen_xpm_memory_fifo.inst_fifo/gen_mem_rep[0].inst_xpm_memory/xpm_memory_base_inst with a P_MEMORY_PRIMITIVE property set to distributed. A value of block is required. You will not be able to use the updatemem program to update the bitstream with new data for the main_design_i/axi_smc/inst/switchboards/i_nodes/i_w_node/inst/inst_si_handler/gen_si_handler.gen_request_fifos.gen_req_fifo[0].inst_req_fifo/gen_xpm_memory_fifo.inst_fifo/gen_mem_rep[0].inst_xpm_memory/xpm_memory_base_inst block.
INFO: [Memdata 28-167] Found XPM memory block main_design_i/axi_dma_0/U0/I_PRMRY_DATAMOVER/GEN_S2MM_FULL.I_S2MM_FULL_WRAPPER/GEN_ENABLE_INDET_BTT_SF.I_INDET_BTT/I_XD_FIFO/NON_BLK_MEM.I_SYNC_FIFOGEN_FIFO/xpm_fifo_base_inst/gen_sdpram.xpm_memory_base_inst with a P_MEMORY_PRIMITIVE property set to auto. A value of block is required. You will not be able to use the updatemem program to update the bitstream with new data for the main_design_i/axi_dma_0/U0/I_PRMRY_DATAMOVER/GEN_S2MM_FULL.I_S2MM_FULL_WRAPPER/GEN_ENABLE_INDET_BTT_SF.I_INDET_BTT/I_XD_FIFO/NON_BLK_MEM.I_SYNC_FIFOGEN_FIFO/xpm_fifo_base_inst/gen_sdpram.xpm_memory_base_inst block.
INFO: [Memdata 28-208] The XPM instance: <main_design_i/axi_dma_0/U0/I_PRMRY_DATAMOVER/GEN_S2MM_FULL.I_S2MM_FULL_WRAPPER/GEN_ENABLE_INDET_BTT_SF.I_INDET_BTT/I_DATA_FIFO/BLK_MEM.I_SYNC_FIFOGEN_FIFO/xpm_fifo_base_inst/gen_sdpram.xpm_memory_base_inst> is part of IP: <main_design_i/axi_dma_0>. This XPM instance will be excluded from the .mmi because updatemem is prohibited from making changes to an XPM that is part of an IP.
INFO: [Memdata 28-208] The XPM instance: <main_design_i/axi_dma_0/U0/I_PRMRY_DATAMOVER/GEN_MM2S_FULL.I_MM2S_FULL_WRAPPER/GEN_INCLUDE_MM2S_SF.I_RD_SF/I_DATA_FIFO/BLK_MEM.I_SYNC_FIFOGEN_FIFO/xpm_fifo_base_inst/gen_sdpram.xpm_memory_base_inst> is part of IP: <main_design_i/axi_dma_0>. This XPM instance will be excluded from the .mmi because updatemem is prohibited from making changes to an XPM that is part of an IP.
Command: write_bitstream -force main_design_wrapper.bit
Attempting to get a license for feature 'Implementation' and/or device 'xck26'
INFO: [Common 17-349] Got license for feature 'Implementation' and/or device 'xck26'
Running DRC as a precondition to command write_bitstream
INFO: [IP_Flow 19-1839] IP Catalog is up to date.
INFO: [DRC 23-27] Running DRC with 8 threads
INFO: [Vivado 12-3199] DRC finished with 0 Errors
INFO: [Vivado 12-3200] Please refer to the DRC report (report_drc) for more information.
Integrating Hard IP ELF/MEM with the PDI.
INFO: [Designutils 20-2272] Running write_bitstream with 4 threads.
Loading data files...
Loading site data...
Loading route data...
Processing options...
Creating bitmap...
Creating bitstream...
Writing bitstream ./main_design_wrapper.bit...
INFO: [Vivado 12-1842] Bitgen Completed Successfully.
INFO: [Common 17-83] Releasing license: Implementation
161 Infos, 0 Warnings, 0 Critical Warnings and 0 Errors encountered.
write_bitstream completed successfully
write_bitstream: Time (s): cpu = 00:00:20 ; elapsed = 00:00:32 . Memory (MB): peak = 4722.621 ; gain = 0.000 ; free physical = 577 ; free virtual = 8630
INFO: [Common 17-206] Exiting Vivado at Sun Jun 14 21:31:08 2026...
